[20:23:44.085] Log Level: 2
[20:23:44.110] VS Code version: 1.126.0
[20:23:44.110] Remote-SSH version: remote-ssh@0.124.0
[20:23:44.110] linux x64
[20:23:44.117] SSH Resolver called for "ssh-remote+gr8server", attempt 1
[20:23:44.122] remote.SSH.useLocalServer = true
[20:23:44.122] remote.SSH.useExecServer = true
[20:23:44.122] remote.SSH.bindHost = {}
[20:23:44.123] remote.SSH.path = 
[20:23:44.123] remote.SSH.configFile = 
[20:23:44.123] remote.SSH.useFlock = true
[20:23:44.123] remote.SSH.lockfilesInTmp = false
[20:23:44.123] remote.SSH.localServerDownload = auto
[20:23:44.123] remote.SSH.remoteServerListenOnSocket = false
[20:23:44.123] remote.SSH.defaultExtensions = []
[20:23:44.123] remote.SSH.defaultExtensionsIfInstalledLocally = []
[20:23:44.123] remote.SSH.loglevel = 2
[20:23:44.124] remote.SSH.enableDynamicForwarding = true
[20:23:44.124] remote.SSH.enableRemoteCommand = false
[20:23:44.124] remote.SSH.serverPickPortsFromRange = {}
[20:23:44.124] remote.SSH.serverInstallPath = {}
[20:23:44.124] remote.SSH.permitPtyAllocation = false
[20:23:44.124] remote.SSH.preferredLocalPortRange = undefined
[20:23:44.124] remote.SSH.useCurlAndWgetConfigurationFiles = false
[20:23:44.124] remote.SSH.experimental.chat = true
[20:23:44.125] remote.SSH.experimental.enhancedSessionLogs = true
[20:23:44.125] remote.SSH.httpProxy = {"*":""}
[20:23:44.125] remote.SSH.httpsProxy = {"*":""}
[20:23:44.137] SSH Resolver called for host: gr8server
[20:23:44.137] Setting up SSH remote "gr8server"
[20:23:44.147] Acquiring local install lock: /tmp/vscode-remote-ssh-f2cbcb6f-install.lock
[20:23:44.147] Looking for existing server data file at /home/mamz/.config/Code/User/globalStorage/ms-vscode-remote.remote-ssh/vscode-ssh-host-f2cbcb6f-7e7950df89d055b5a378379db9ee14290772148a-0.124.0-es/data.json
[20:23:44.148] No existing data file
[20:23:44.149] Using commit id "7e7950df89d055b5a378379db9ee14290772148a" and quality "stable" for server
[20:23:44.149] Extensions to install: 
[20:23:44.155] Install and start server if needed
[20:23:44.160] PATH: /home/mamz/.local/bin:/usr/local/sbin:/usr/local/bin:/usr/bin:/usr/bin/site_perl:/usr/bin/vendor_perl:/usr/bin/core_perl:/usr/lib/rustup/bin
[20:23:44.160] Checking ssh with "ssh -V"
[20:23:44.170] > OpenSSH_10.3p1, OpenSSL 3.6.3 9 Jun 2026

[20:23:44.174] askpass server listening on /run/user/1000/vscode-ssh-askpass-818950be0b3eb3d397961d3c2f87a92fe29da618.sock
[20:23:44.174] Spawning local server with {"serverId":1,"ipcHandlePath":"/run/user/1000/vscode-ssh-askpass-d1ea8c162137d346bca91a9e5fb1a3f19e9f465e.sock","sshCommand":"ssh","sshArgs":["-v","-T","-D","34317","-o","ConnectTimeout=15","gr8server"],"serverDataFolderName":".vscode-server","dataFilePath":"/home/mamz/.config/Code/User/globalStorage/ms-vscode-remote.remote-ssh/vscode-ssh-host-f2cbcb6f-7e7950df89d055b5a378379db9ee14290772148a-0.124.0-es/data.json"}
[20:23:44.174] Local server env: {"SHELL":"/bin/fish","DISPLAY":":1","ELECTRON_RUN_AS_NODE":"1","SSH_ASKPASS":"/home/mamz/.vscode/extensions/ms-vscode-remote.remote-ssh-0.124.0/out/local-server/askpass.sh","VSCODE_SSH_ASKPASS_NODE":"/usr/share/code/code","VSCODE_SSH_ASKPASS_EXTRA_ARGS":"","VSCODE_SSH_ASKPASS_MAIN":"/home/mamz/.vscode/extensions/ms-vscode-remote.remote-ssh-0.124.0/out/askpass-main.js","VSCODE_SSH_ASKPASS_HANDLE":"/run/user/1000/vscode-ssh-askpass-818950be0b3eb3d397961d3c2f87a92fe29da618.sock"}
[20:23:44.177] Spawned 1159
[20:23:44.178] Using connect timeout of 17 seconds
[20:23:44.284] > local-server-1> Running ssh connection command: ssh -v -T -D 34317 -o ConnectTimeout=15 gr8server
[20:23:44.288] > local-server-1> Spawned ssh, pid=1167
[20:23:44.531] stderr> debug1: Server host key: ssh-ed25519 SHA256:nns5KkN5pKdWXUxBPsWaYn3VNu4LcsOrCXcStRk/gNU
[20:23:44.710] stderr> (node:1159) [DEP0169] DeprecationWarning: `url.parse()` behavior is not standardized and prone to errors that have security implications. Use the WHATWG URL API instead. CVEs are not issued for `url.parse()` vulnerabilities.
[20:23:44.711] stderr> (Use `code --trace-deprecation ...` to show where the warning was created)
[20:23:44.839] stderr> Authenticated to 192.168.2.53 ([192.168.2.53]:22) using "publickey".
[20:23:47.960] > Welcome to Ubuntu 22.04.5 LTS (GNU/Linux 5.15.0-181-generic x86_64)
> 
>  * Documentation:  https://help.ubuntu.com
>  * Management:     https://landscape.canonical.com
>  * Support:        https://ubuntu.com/pro
> 
>  System information as of Thu Jun 25 08:23:44 PM EDT 2026
> 
>   System load:  0.28                Temperature:             42.0 C
>   Usage of /:   29.9% of 914.78GB   Processes:               485
>   Memory usage: 72%                 Users logged in:         1
>   Swap usage:   3%                  IPv4 address for wlp1s0: 192.168.2.53
> 
>  * Strictly confined Kubernetes makes edge and IoT secure. Learn how MicroK8s
>    just raised the bar for easy, resilient and secure K8s cluster deployment.
> 
>    https://ubuntu.com/engage/secure-kubernetes-at-the-edge
> 
> Expanded Security Maintenance for Applications is not enabled.
> 
> 27 updates can be applied immediately.
> 1 of these updates is a standard security update.
> To see these additional updates run: apt list --upgradable
> 
> 47 additional security updates can be applied with ESM Apps.
> Learn more about enabling ESM Apps service at https://ubuntu.com/esm
> 
> New release '24.04.4 LTS' available.
> Run 'do-release-upgrade' to upgrade to it.
> 
[20:23:48.130] > ready: 503ba2e7878b
[20:23:48.135] > Linux 5.15.0-181-generic #191-Ubuntu SMP Fri May 22 19:09:02 UTC 2026
[20:23:48.136] Platform: linux
[20:23:48.140] > /bin/bash
[20:23:48.140] Parent Shell: bash
[20:23:48.141] Parent Shell pid: 1159
[20:23:48.142] Waiting for subshell to start
[20:23:48.150] > 744240
[20:23:48.150] stdout -> '744240'
[20:23:48.150] sub-process detected
[20:23:48.160] > 503ba2e7878b: running
> Script executing under PID: 744240
[20:23:48.218] > Deleting old install /home/mamz/.vscode-server/code-10c8e557c8b9f9ed0a87f61f1c9a44bde731c409
[20:23:48.233] > Found existing installation at /home/mamz/.vscode-server...
> Starting VS Code CLI...
[20:23:48.236] > Removing old logfile at /home/mamz/.vscode-server/.cli.7e7950df89d055b5a378379db9ee14290772148a.log
[20:23:48.260] > Spawned remote CLI: 744259
[20:23:48.264] > Waiting for server log...
[20:23:48.301] > Waiting for server log...
[20:23:48.336] > Waiting for server log...
[20:23:48.373] > Waiting for server log...
[20:23:48.410] > Waiting for server log...
[20:23:48.446] > Waiting for server log...
[20:23:48.482] > Waiting for server log...
[20:23:48.517] > Waiting for server log...
[20:23:48.554] > Waiting for server log...
[20:23:48.590] > Waiting for server log...
[20:23:48.629] > Waiting for server log...
[20:23:48.668] > Waiting for server log...
[20:23:48.699] > Waiting for server log...
[20:23:48.736] > Waiting for server log...
[20:23:48.770] > Waiting for server log...
[20:23:48.807] > Waiting for server log...
[20:23:48.844] > Waiting for server log...
[20:23:48.879] > Waiting for server log...
[20:23:48.915] > Waiting for server log...
[20:23:48.950] > Waiting for server log...
[20:23:48.986] > Waiting for server log...
[20:23:49.027] > 503ba2e7878b: start
> listeningOn==127.0.0.1:31835==
> osReleaseId==ubuntu==
> arch==x86_64==
> vscodeArch==x64==
> bitness==64==
> tmpDir==/run/user/1000==
> platform==linux==
> unpackResult====
> didLocalDownload==0==
> downloadTime====
> installTime====
[20:23:49.028] > serverStartTime==789==
> execServerToken==11111111-11a1-1a11-1a11-a11a1aaa11aa==
> platformDownloadPath==cli-alpine-x64==
> SSH_AUTH_SOCK====
> DISPLAY====
> 503ba2e7878b: end
[20:23:49.029] Received install output: 
listeningOn==127.0.0.1:31835==
osReleaseId==ubuntu==
arch==x86_64==
vscodeArch==x64==
bitness==64==
tmpDir==/run/user/1000==
platform==linux==
unpackResult====
didLocalDownload==0==
downloadTime====
installTime====serverStartTime==789==
execServerToken==11111111-11a1-1a11-1a11-a11a1aaa11aa==
platformDownloadPath==cli-alpine-x64==
SSH_AUTH_SOCK====
DISPLAY====

[20:23:49.031] Remote server is listening on port 31835
[20:23:49.031] Parsed server configuration: {"serverConfiguration":{"remoteListeningOn":{"port":31835},"osReleaseId":"ubuntu","arch":"x86_64","sshAuthSock":"","display":"","tmpDir":"/run/user/1000","platform":"linux","execServerToken":"11111111-11a1-1a11-1a11-a11a1aaa11aa"},"serverStartTime":789,"installUnpackCode":""}
[20:23:49.052] Persisting server connection details to /home/mamz/.config/Code/User/globalStorage/ms-vscode-remote.remote-ssh/vscode-ssh-host-f2cbcb6f-7e7950df89d055b5a378379db9ee14290772148a-0.124.0-es/data.json
[20:23:49.060] Starting forwarding server. local port 43037 -> socksPort 34317 -> remotePort 31835
[20:23:49.061] Forwarding server listening on port 43037
[20:23:49.061] Waiting for ssh tunnel to be ready
[20:23:49.063] [Forwarding server port 43037] Got connection 0
[20:23:49.065] Tunneled port 31835 to local port 43037
[20:23:49.066] Resolved "ssh-remote+gr8server" to "port 43037"
[20:23:49.079] Initizing new exec server for ssh-remote+gr8server
[20:23:49.079] Resolving exec server at port 43037
[20:23:49.080] [Forwarding server port 43037] Got connection 1
[20:23:49.184] Exec server for ssh-remote+gr8server created and cached
[20:23:49.184] Extensions to install: 
[20:23:49.191] ------




[20:23:49.191] No hints found in the recent session.
[20:23:49.233] [server] Checking /home/mamz/.vscode-server/cli/servers/Stable-7e7950df89d055b5a378379db9ee14290772148a/log.txt and /home/mamz/.vscode-server/cli/servers/Stable-7e7950df89d055b5a378379db9ee14290772148a/pid.txt for a running server...
[20:23:49.234] [server] Found running server (pid=700771)
