[18:37:10.240] Log Level: 2
[18:37:10.266] VS Code version: 1.126.0
[18:37:10.267] Remote-SSH version: remote-ssh@0.124.0
[18:37:10.267] linux x64
[18:37:10.279] SSH Resolver called for "ssh-remote+gr8server", attempt 1
[18:37:10.289] remote.SSH.useLocalServer = true
[18:37:10.290] remote.SSH.useExecServer = true
[18:37:10.290] remote.SSH.bindHost = {}
[18:37:10.290] remote.SSH.path = 
[18:37:10.290] remote.SSH.configFile = 
[18:37:10.290] remote.SSH.useFlock = true
[18:37:10.290] remote.SSH.lockfilesInTmp = false
[18:37:10.291] remote.SSH.localServerDownload = auto
[18:37:10.291] remote.SSH.remoteServerListenOnSocket = false
[18:37:10.291] remote.SSH.defaultExtensions = []
[18:37:10.291] remote.SSH.defaultExtensionsIfInstalledLocally = []
[18:37:10.291] remote.SSH.loglevel = 2
[18:37:10.291] remote.SSH.enableDynamicForwarding = true
[18:37:10.292] remote.SSH.enableRemoteCommand = false
[18:37:10.292] remote.SSH.serverPickPortsFromRange = {}
[18:37:10.292] remote.SSH.serverInstallPath = {}
[18:37:10.292] remote.SSH.permitPtyAllocation = false
[18:37:10.292] remote.SSH.preferredLocalPortRange = undefined
[18:37:10.292] remote.SSH.useCurlAndWgetConfigurationFiles = false
[18:37:10.293] remote.SSH.experimental.chat = true
[18:37:10.293] remote.SSH.experimental.enhancedSessionLogs = true
[18:37:10.293] remote.SSH.httpProxy = {"*":""}
[18:37:10.293] remote.SSH.httpsProxy = {"*":""}
[18:37:10.308] SSH Resolver called for host: gr8server
[18:37:10.308] Setting up SSH remote "gr8server"
[18:37:10.317] Acquiring local install lock: /tmp/vscode-remote-ssh-f2cbcb6f-install.lock
[18:37:10.319] Looking for existing server data file at /home/mamz/.config/Code/User/globalStorage/ms-vscode-remote.remote-ssh/vscode-ssh-host-f2cbcb6f-7e7950df89d055b5a378379db9ee14290772148a-0.124.0-es/data.json
[18:37:10.319] No existing data file
[18:37:10.320] Using commit id "7e7950df89d055b5a378379db9ee14290772148a" and quality "stable" for server
[18:37:10.320] Extensions to install: 
[18:37:10.328] Install and start server if needed
[18:37:10.339] PATH: /home/mamz/.local/bin:/usr/local/sbin:/usr/local/bin:/usr/bin:/var/lib/flatpak/exports/bin:/usr/bin/site_perl:/usr/bin/vendor_perl:/usr/bin/core_perl:/usr/lib/rustup/bin
[18:37:10.339] Checking ssh with "ssh -V"
[18:37:10.353] > OpenSSH_10.3p1, OpenSSL 3.6.3 9 Jun 2026

[18:37:10.358] askpass server listening on /run/user/1000/vscode-ssh-askpass-4b76d140c8dcc9ef311b7bfc4280892b25f832a4.sock
[18:37:10.358] Spawning local server with {"serverId":1,"ipcHandlePath":"/run/user/1000/vscode-ssh-askpass-eb13e4b5a3c2f1e36810f4498415543b4bd08b16.sock","sshCommand":"ssh","sshArgs":["-v","-T","-D","42139","-o","ConnectTimeout=15","gr8server"],"serverDataFolderName":".vscode-server","dataFilePath":"/home/mamz/.config/Code/User/globalStorage/ms-vscode-remote.remote-ssh/vscode-ssh-host-f2cbcb6f-7e7950df89d055b5a378379db9ee14290772148a-0.124.0-es/data.json"}
[18:37:10.358] Local server env: {"SHELL":"/bin/fish","DISPLAY":":0","ELECTRON_RUN_AS_NODE":"1","SSH_ASKPASS":"/home/mamz/.vscode/extensions/ms-vscode-remote.remote-ssh-0.124.0/out/local-server/askpass.sh","VSCODE_SSH_ASKPASS_NODE":"/usr/share/code/code","VSCODE_SSH_ASKPASS_EXTRA_ARGS":"","VSCODE_SSH_ASKPASS_MAIN":"/home/mamz/.vscode/extensions/ms-vscode-remote.remote-ssh-0.124.0/out/askpass-main.js","VSCODE_SSH_ASKPASS_HANDLE":"/run/user/1000/vscode-ssh-askpass-4b76d140c8dcc9ef311b7bfc4280892b25f832a4.sock"}
[18:37:10.364] Spawned 68915
[18:37:10.365] Using connect timeout of 17 seconds
[18:37:10.499] > local-server-1> Running ssh connection command: ssh -v -T -D 42139 -o ConnectTimeout=15 gr8server
[18:37:10.504] > local-server-1> Spawned ssh, pid=68923
[18:37:10.641] stderr> debug1: Server host key: ssh-ed25519 SHA256:nns5KkN5pKdWXUxBPsWaYn3VNu4LcsOrCXcStRk/gNU
[18:37:10.743] stderr> Authenticated to 192.168.2.53 ([192.168.2.53]:22) using "publickey".
[18:37:10.875] stderr> (node:68915) [DEP0169] DeprecationWarning: `url.parse()` behavior is not standardized and prone to errors that have security implications. Use the WHATWG URL API instead. CVEs are not issued for `url.parse()` vulnerabilities.
[18:37:10.875] stderr> (Use `code --trace-deprecation ...` to show where the warning was created)
[18:37:10.907] stderr> Warning: remote port forwarding failed for listen port 18339
[18:37:10.919] > Welcome to Ubuntu 22.04.5 LTS (GNU/Linux 5.15.0-181-generic x86_64)
> 
>  * Documentation:  https://help.ubuntu.com
>  * Management:     https://landscape.canonical.com
>  * Support:        https://ubuntu.com/pro
> 
>  System information as of Fri Jun 26 06:36:53 PM EDT 2026
> 
>   System load:  2.95                Temperature:             49.0 C
>   Usage of /:   30.0% of 914.78GB   Processes:               490
>   Memory usage: 56%                 Users logged in:         1
>   Swap usage:   4%                  IPv4 address for wlp1s0: 192.168.2.53
> 
>  * Strictly confined Kubernetes makes edge and IoT secure. Learn how MicroK8s
>    just raised the bar for easy, resilient and secure K8s cluster deployment.
> 
>    https://ubuntu.com/engage/secure-kubernetes-at-the-edge
> 
> Expanded Security Maintenance for Applications is not enabled.
> 
> 36 updates can be applied immediately.
> 1 of these updates is a standard security update.
> To see these additional updates run: apt list --upgradable
> 
> 47 additional security updates can be applied with ESM Apps.
> Learn more about enabling ESM Apps service at https://ubuntu.com/esm
> 
> New release '24.04.4 LTS' available.
> Run 'do-release-upgrade' to upgrade to it.
> 
[18:37:10.954] > ready: 2b5610235344
[18:37:10.964] > Linux 5.15.0-181-generic #191-Ubuntu SMP Fri May 22 19:09:02 UTC 2026
[18:37:10.965] Platform: linux
[18:37:10.971] > /bin/bash
[18:37:10.971] Parent Shell: bash
[18:37:10.971] Parent Shell pid: 68915
[18:37:10.972] Waiting for subshell to start
[18:37:10.981] > 1000447
[18:37:10.981] stdout -> '1000447'
[18:37:10.981] sub-process detected
[18:37:10.995] > 2b5610235344: running
> Script executing under PID: 1000447
[18:37:11.058] > Found existing installation at /home/mamz/.vscode-server...
> Starting VS Code CLI...
> Removing old logfile at /home/mamz/.vscode-server/.cli.7e7950df89d055b5a378379db9ee14290772148a.log
[18:37:11.111] > Spawned remote CLI: 1000465
[18:37:11.118] > Waiting for server log...
[18:37:11.152] > Waiting for server log...
[18:37:11.209] > Waiting for server log...
[18:37:11.224] > Waiting for server log...
[18:37:11.261] > Waiting for server log...
[18:37:11.300] > Waiting for server log...
[18:37:11.341] > Waiting for server log...
[18:37:11.372] > Waiting for server log...
[18:37:11.410] > Waiting for server log...
[18:37:11.440] > Waiting for server log...
[18:37:11.609] > Waiting for server log...
> Waiting for server log...
> Waiting for server log...
> Waiting for server log...
[18:37:11.618] > Waiting for server log...
[18:37:11.665] > Waiting for server log...
[18:37:11.691] > Waiting for server log...
[18:37:11.727] > Waiting for server log...
[18:37:11.771] > Waiting for server log...
[18:37:11.798] > Waiting for server log...
[18:37:11.859] > Waiting for server log...
[18:37:11.870] > Waiting for server log...
[18:37:11.910] > 2b5610235344: start
> listeningOn==127.0.0.1:23859==
> osReleaseId==ubuntu==
> arch==x86_64==
> vscodeArch==x64==
> bitness==64==
> tmpDir==/run/user/1000==
> platform==linux==
> unpackResult====
> didLocalDownload==0==
> downloadTime====
> installTime====
> serverStartTime==863==
> execServerToken==aa111a11-111a-1a11-a111-11111111111a==
> platformDownloadPath==cli-alpine-x64==
> SSH_AUTH_SOCK====
> DISPLAY====
> 2b5610235344: end
[18:37:11.911] Received install output: 
listeningOn==127.0.0.1:23859==
osReleaseId==ubuntu==
arch==x86_64==
vscodeArch==x64==
bitness==64==
tmpDir==/run/user/1000==
platform==linux==
unpackResult====
didLocalDownload==0==
downloadTime====
installTime====
serverStartTime==863==
execServerToken==aa111a11-111a-1a11-a111-11111111111a==
platformDownloadPath==cli-alpine-x64==
SSH_AUTH_SOCK====
DISPLAY====

[18:37:11.912] Remote server is listening on port 23859
[18:37:11.912] Parsed server configuration: {"serverConfiguration":{"remoteListeningOn":{"port":23859},"osReleaseId":"ubuntu","arch":"x86_64","sshAuthSock":"","display":"","tmpDir":"/run/user/1000","platform":"linux","execServerToken":"aa111a11-111a-1a11-a111-11111111111a"},"serverStartTime":863,"installUnpackCode":""}
[18:37:11.922] Persisting server connection details to /home/mamz/.config/Code/User/globalStorage/ms-vscode-remote.remote-ssh/vscode-ssh-host-f2cbcb6f-7e7950df89d055b5a378379db9ee14290772148a-0.124.0-es/data.json
[18:37:11.927] Starting forwarding server. local port 34745 -> socksPort 42139 -> remotePort 23859
[18:37:11.927] Forwarding server listening on port 34745
[18:37:11.927] Waiting for ssh tunnel to be ready
[18:37:11.929] [Forwarding server port 34745] Got connection 0
[18:37:11.937] Tunneled port 23859 to local port 34745
[18:37:11.937] Resolved "ssh-remote+gr8server" to "port 34745"
[18:37:11.943] Initizing new exec server for ssh-remote+gr8server
[18:37:11.943] Resolving exec server at port 34745
[18:37:11.944] [Forwarding server port 34745] Got connection 1
[18:37:12.018] Exec server for ssh-remote+gr8server created and cached
[18:37:12.018] Extensions to install: 
[18:37:12.026] ------




[18:37:12.026] No hints found in the recent session.
[18:37:12.127] [server] Checking /home/mamz/.vscode-server/cli/servers/Stable-7e7950df89d055b5a378379db9ee14290772148a/log.txt and /home/mamz/.vscode-server/cli/servers/Stable-7e7950df89d055b5a378379db9ee14290772148a/pid.txt for a running server...
[18:37:12.183] [server] Found running server (pid=915362)
