[16:57:17.694] Log Level: 2
[16:57:17.724] VS Code version: 1.126.0
[16:57:17.724] Remote-SSH version: remote-ssh@0.124.0
[16:57:17.724] linux x64
[16:57:17.730] SSH Resolver called for "ssh-remote+gr8server", attempt 1
[16:57:17.737] remote.SSH.useLocalServer = true
[16:57:17.737] remote.SSH.useExecServer = true
[16:57:17.737] remote.SSH.bindHost = {}
[16:57:17.737] remote.SSH.path = 
[16:57:17.738] remote.SSH.configFile = 
[16:57:17.738] remote.SSH.useFlock = true
[16:57:17.738] remote.SSH.lockfilesInTmp = false
[16:57:17.738] remote.SSH.localServerDownload = auto
[16:57:17.738] remote.SSH.remoteServerListenOnSocket = false
[16:57:17.738] remote.SSH.defaultExtensions = []
[16:57:17.739] remote.SSH.defaultExtensionsIfInstalledLocally = []
[16:57:17.739] remote.SSH.loglevel = 2
[16:57:17.739] remote.SSH.enableDynamicForwarding = true
[16:57:17.739] remote.SSH.enableRemoteCommand = false
[16:57:17.739] remote.SSH.serverPickPortsFromRange = {}
[16:57:17.740] remote.SSH.serverInstallPath = {}
[16:57:17.740] remote.SSH.permitPtyAllocation = false
[16:57:17.740] remote.SSH.preferredLocalPortRange = undefined
[16:57:17.740] remote.SSH.useCurlAndWgetConfigurationFiles = false
[16:57:17.741] remote.SSH.experimental.chat = true
[16:57:17.741] remote.SSH.experimental.enhancedSessionLogs = true
[16:57:17.741] remote.SSH.httpProxy = {"*":""}
[16:57:17.741] remote.SSH.httpsProxy = {"*":""}
[16:57:17.754] SSH Resolver called for host: gr8server
[16:57:17.754] Setting up SSH remote "gr8server"
[16:57:17.763] Acquiring local install lock: /tmp/vscode-remote-ssh-f2cbcb6f-install.lock
[16:57:17.765] Looking for existing server data file at /home/mamz/.config/Code/User/globalStorage/ms-vscode-remote.remote-ssh/vscode-ssh-host-f2cbcb6f-7e7950df89d055b5a378379db9ee14290772148a-0.124.0-es/data.json
[16:57:17.766] Found existing data file
[16:57:17.766] Found local server running: {"remoteListeningOn":{"port":30023},"osReleaseId":"ubuntu","arch":"x86_64","sshAuthSock":"","display":"","tmpDir":"/run/user/1000","platform":"linux","execServerToken":"aef0cd56-899b-414a-94f6-c6b2b682d224","pid":49779,"ipcHandlePath":"/run/user/1000/vscode-ssh-askpass-30d91f8beb724cddabcdd791c45bce51da9eff68.sock","socksPort":36517,"startupTime":1782421011234}
[16:57:17.777] Found running server - short-circuiting install
[16:57:17.784] Starting forwarding server. local port 37287 -> socksPort 36517 -> remotePort 30023
[16:57:17.784] Forwarding server listening on port 37287
[16:57:17.784] Waiting for ssh tunnel to be ready
[16:57:17.785] [Forwarding server port 37287] Got connection 0
[16:57:17.787] Tunneled port 30023 to local port 37287
[16:57:17.787] Resolved "ssh-remote+gr8server" to "port 37287"
[16:57:17.795] Initizing new exec server for ssh-remote+gr8server
[16:57:17.795] Resolving exec server at port 37287
[16:57:17.796] [Forwarding server port 37287] Got connection 1
[16:57:17.920] Exec server for ssh-remote+gr8server created and cached
[16:57:17.921] Extensions to install: 
[16:57:17.931] ------




[16:57:17.932] No hints found in the recent session.
[16:57:17.984] [server] Checking /home/mamz/.vscode-server/cli/servers/Stable-7e7950df89d055b5a378379db9ee14290772148a/log.txt and /home/mamz/.vscode-server/cli/servers/Stable-7e7950df89d055b5a378379db9ee14290772148a/pid.txt for a running server...
[16:57:18.013] [server] Found running server (pid=700771)
