2026-06-25 16:52:03.074 [info] Reading sessions from keychain...
2026-06-25 16:52:03.074 [info] Getting sessions for all scopes...
2026-06-25 16:52:03.074 [info] Got 0 sessions for ...
2026-06-25 16:52:03.074 [info] Getting sessions for all scopes...
2026-06-25 16:52:03.074 [info] Got 0 sessions for ...
2026-06-25 16:52:03.074 [info] Getting sessions for all scopes...
2026-06-25 16:52:03.074 [info] Got 0 sessions for ...
2026-06-25 16:52:03.085 [info] Getting sessions for all scopes...
2026-06-25 16:52:03.085 [info] Got 0 sessions for ...
2026-06-25 16:52:03.976 [info] Getting sessions for all scopes...
2026-06-25 16:52:03.976 [info] Got 0 sessions for ...
2026-06-25 16:52:09.106 [info] Logging in with 'any' account...
2026-06-25 16:52:09.107 [info] Logging in for the following scopes: read:user repo user:email workflow
2026-06-25 16:52:09.174 [info] Trying with local server... (read:user repo user:email workflow)
2026-06-25 16:52:14.419 [info] Exchanging code for token...
2026-06-25 16:52:14.745 [info] Token exchange success!
2026-06-25 16:52:14.748 [info] Getting user info...
2026-06-25 16:52:14.961 [info] Got account info!
2026-06-25 16:52:14.962 [info] Storing 1 sessions...
2026-06-25 16:52:15.081 [info] FetcherService: Electron fetch failed with status: 429 
2026-06-25 16:52:15.081 [info] Unable to resolve optional EDU details. Status: 429 
2026-06-25 16:52:22.339 [info] Reading sessions from keychain...
2026-06-25 16:52:22.339 [info] Stored 1 sessions!
2026-06-25 16:52:22.339 [info] Login success!
2026-06-25 16:52:22.397 [info] Got stored sessions!
2026-06-25 16:52:22.398 [info] Got 1 verified sessions.
2026-06-25 16:52:22.443 [info] Getting sessions for all scopes...
2026-06-25 16:52:22.443 [info] Got 1 sessions for ...
2026-06-25 16:52:22.444 [info] Getting sessions for all scopes...
2026-06-25 16:52:22.444 [info] Got 1 sessions for ...
2026-06-25 16:52:26.640 [info] Getting sessions for all scopes...
2026-06-25 16:52:26.640 [info] Got 1 sessions for ...
2026-06-25 16:52:26.641 [info] Getting sessions for all scopes...
2026-06-25 16:52:26.641 [info] Got 1 sessions for ...
2026-06-25 16:52:26.693 [info] Getting sessions for read:user,repo,user:email,workflow...
2026-06-25 16:52:26.693 [info] Got 1 sessions for read:user,repo,user:email,workflow...
2026-06-25 16:52:26.715 [info] Getting sessions for all scopes...
2026-06-25 16:52:26.715 [info] Got 1 sessions for ...
2026-06-25 16:52:26.717 [info] Getting sessions for read:user,repo,user:email,workflow...
2026-06-25 16:52:26.717 [info] Got 1 sessions for read:user,repo,user:email,workflow...
2026-06-25 16:52:27.469 [info] Getting sessions for all scopes...
2026-06-25 16:52:27.469 [info] Got 1 sessions for ...
2026-06-25 16:52:27.470 [info] Getting sessions for all scopes...
2026-06-25 16:52:27.470 [info] Got 1 sessions for ...
2026-06-25 16:52:27.601 [info] Getting sessions for read:user,repo,user:email,workflow...
2026-06-25 16:52:27.601 [info] Got 1 sessions for read:user,repo,user:email,workflow...
2026-06-25 16:52:27.736 [info] Getting sessions for all scopes...
2026-06-25 16:52:27.737 [info] Got 1 sessions for ...
2026-06-25 16:52:27.754 [info] Getting sessions for all scopes...
2026-06-25 16:52:27.754 [info] Got 1 sessions for ...
2026-06-25 16:52:27.798 [info] Getting sessions for all scopes...
2026-06-25 16:52:27.798 [info] Got 1 sessions for ...
2026-06-25 16:52:27.800 [info] Getting sessions for read:user,repo,user:email,workflow...
2026-06-25 16:52:27.800 [info] Got 1 sessions for read:user,repo,user:email,workflow...
2026-06-25 16:52:27.939 [info] Getting sessions for all scopes...
2026-06-25 16:52:27.939 [info] Got 1 sessions for ...
2026-06-25 16:52:27.940 [info] Getting sessions for read:user,repo,user:email,workflow...
2026-06-25 16:52:27.940 [info] Got 1 sessions for read:user,repo,user:email,workflow...
2026-06-25 16:52:27.949 [info] Getting sessions for all scopes...
2026-06-25 16:52:27.949 [info] Got 1 sessions for ...
2026-06-25 16:52:27.988 [info] Getting sessions for read:user,repo,user:email,workflow...
2026-06-25 16:52:27.988 [info] Got 1 sessions for read:user,repo,user:email,workflow...
2026-06-25 16:52:28.048 [info] Getting sessions for all scopes...
2026-06-25 16:52:28.048 [info] Got 1 sessions for ...
2026-06-25 16:52:28.076 [info] Getting sessions for read:user,repo,user:email,workflow...
2026-06-25 16:52:28.076 [info] Got 1 sessions for read:user,repo,user:email,workflow...
2026-06-25 16:52:28.294 [info] Getting sessions for all scopes...
2026-06-25 16:52:28.294 [info] Got 1 sessions for ...
2026-06-25 16:52:28.297 [info] Getting sessions for read:user,repo,user:email,workflow...
2026-06-25 16:52:28.297 [info] Got 1 sessions for read:user,repo,user:email,workflow...
2026-06-25 16:52:28.559 [info] Getting sessions for all scopes...
2026-06-25 16:52:28.559 [info] Got 1 sessions for ...
2026-06-25 16:52:28.560 [info] Getting sessions for read:user,repo,user:email,workflow...
2026-06-25 16:52:28.560 [info] Got 1 sessions for read:user,repo,user:email,workflow...
2026-06-25 16:52:28.605 [info] Getting sessions for all scopes...
2026-06-25 16:52:28.605 [info] Got 1 sessions for ...
2026-06-25 16:52:28.606 [info] Getting sessions for read:user,repo,user:email,workflow...
2026-06-25 16:52:28.606 [info] Got 1 sessions for read:user,repo,user:email,workflow...
2026-06-25 16:52:28.646 [info] Getting sessions for all scopes...
2026-06-25 16:52:28.646 [info] Got 1 sessions for ...
2026-06-25 16:52:28.648 [info] Getting sessions for read:user,repo,user:email,workflow...
2026-06-25 16:52:28.648 [info] Got 1 sessions for read:user,repo,user:email,workflow...
2026-06-25 16:52:28.953 [info] Getting sessions for all scopes...
2026-06-25 16:52:28.953 [info] Got 1 sessions for ...
2026-06-25 16:52:28.956 [info] Getting sessions for all scopes...
2026-06-25 16:52:28.956 [info] Got 1 sessions for ...
2026-06-25 16:52:28.956 [info] Getting sessions for all scopes...
2026-06-25 16:52:28.956 [info] Got 1 sessions for ...
2026-06-25 16:52:28.956 [info] Getting sessions for all scopes...
2026-06-25 16:52:28.956 [info] Got 1 sessions for ...
2026-06-25 16:52:28.956 [info] Getting sessions for all scopes...
2026-06-25 16:52:28.956 [info] Got 1 sessions for ...
2026-06-25 16:52:28.957 [info] Getting sessions for all scopes...
2026-06-25 16:52:28.957 [info] Got 1 sessions for ...
2026-06-25 16:52:28.957 [info] Getting sessions for all scopes...
2026-06-25 16:52:28.957 [info] Got 1 sessions for ...
2026-06-25 16:52:28.957 [info] Getting sessions for all scopes...
2026-06-25 16:52:28.957 [info] Got 1 sessions for ...
2026-06-25 16:52:28.958 [info] Getting sessions for all scopes...
2026-06-25 16:52:28.958 [info] Got 1 sessions for ...
2026-06-25 16:52:28.958 [info] Getting sessions for all scopes...
2026-06-25 16:52:28.958 [info] Got 1 sessions for ...
2026-06-25 16:52:28.958 [info] Getting sessions for all scopes...
2026-06-25 16:52:28.958 [info] Got 1 sessions for ...
2026-06-25 16:52:28.958 [info] Getting sessions for all scopes...
2026-06-25 16:52:28.958 [info] Got 1 sessions for ...
2026-06-25 16:52:28.959 [info] Getting sessions for all scopes...
2026-06-25 16:52:28.959 [info] Got 1 sessions for ...
2026-06-25 16:52:28.959 [info] Getting sessions for all scopes...
2026-06-25 16:52:28.959 [info] Got 1 sessions for ...
2026-06-25 16:52:28.959 [info] Getting sessions for all scopes...
2026-06-25 16:52:28.959 [info] Got 1 sessions for ...
2026-06-25 16:52:28.959 [info] Getting sessions for all scopes...
2026-06-25 16:52:28.959 [info] Got 1 sessions for ...
2026-06-25 16:52:28.959 [info] Getting sessions for read:user,repo,user:email,workflow...
2026-06-25 16:52:28.959 [info] Got 1 sessions for read:user,repo,user:email,workflow...
2026-06-25 16:52:29.069 [info] Getting sessions for all scopes...
2026-06-25 16:52:29.122 [info] Got 1 sessions for ...
2026-06-25 16:52:29.123 [info] Getting sessions for all scopes...
2026-06-25 16:52:29.123 [info] Got 1 sessions for ...
2026-06-25 16:52:29.123 [info] Getting sessions for all scopes...
2026-06-25 16:52:29.123 [info] Got 1 sessions for ...
2026-06-25 16:52:29.123 [info] Getting sessions for all scopes...
2026-06-25 16:52:29.123 [info] Got 1 sessions for ...
2026-06-25 16:52:29.123 [info] Getting sessions for all scopes...
2026-06-25 16:52:29.123 [info] Got 1 sessions for ...
2026-06-25 16:52:29.123 [info] Getting sessions for all scopes...
2026-06-25 16:52:29.123 [info] Got 1 sessions for ...
2026-06-25 16:52:29.123 [info] Getting sessions for all scopes...
2026-06-25 16:52:29.123 [info] Got 1 sessions for ...
2026-06-25 16:52:29.123 [info] Getting sessions for all scopes...
2026-06-25 16:52:29.123 [info] Got 1 sessions for ...
2026-06-25 16:52:29.133 [info] Getting sessions for read:user,repo,user:email,workflow...
2026-06-25 16:52:29.133 [info] Got 1 sessions for read:user,repo,user:email,workflow...
2026-06-25 16:52:29.842 [info] Getting sessions for all scopes...
2026-06-25 16:52:29.842 [info] Got 1 sessions for ...
2026-06-25 16:52:29.843 [info] Getting sessions for all scopes...
2026-06-25 16:52:29.843 [info] Got 1 sessions for ...
2026-06-25 16:52:33.367 [info] Getting sessions for all scopes...
2026-06-25 16:52:33.367 [info] Got 1 sessions for ...
2026-06-25 16:52:33.369 [info] Getting sessions for all scopes...
2026-06-25 16:52:33.369 [info] Got 1 sessions for ...
2026-06-25 16:55:04.264 [info] Getting sessions for all scopes...
2026-06-25 16:55:04.264 [info] Got 1 sessions for ...
2026-06-25 16:55:04.264 [info] Getting sessions for all scopes...
2026-06-25 16:55:04.264 [info] Got 1 sessions for ...
2026-06-25 16:55:56.441 [info] Getting sessions for all scopes...
2026-06-25 16:55:56.441 [info] Got 1 sessions for ...
2026-06-25 16:55:56.441 [info] Getting sessions for all scopes...
2026-06-25 16:55:56.441 [info] Got 1 sessions for ...
2026-06-25 16:55:58.505 [info] Getting sessions for all scopes...
2026-06-25 16:55:58.505 [info] Got 1 sessions for ...
2026-06-25 16:55:58.506 [info] Getting sessions for all scopes...
2026-06-25 16:55:58.506 [info] Got 1 sessions for ...
2026-06-25 16:56:11.259 [info] Getting sessions for all scopes...
2026-06-25 16:56:11.259 [info] Got 1 sessions for ...
2026-06-25 16:56:11.260 [info] Getting sessions for all scopes...
2026-06-25 16:56:11.260 [info] Got 1 sessions for ...
2026-06-25 16:56:22.266 [info] Getting sessions for all scopes...
2026-06-25 16:56:22.266 [info] Got 1 sessions for ...
2026-06-25 16:56:22.266 [info] Getting sessions for all scopes...
2026-06-25 16:56:22.266 [info] Got 1 sessions for ...
2026-06-25 16:56:36.502 [info] Getting sessions for all scopes...
2026-06-25 16:56:36.502 [info] Got 1 sessions for ...
2026-06-25 16:56:36.503 [info] Getting sessions for all scopes...
2026-06-25 16:56:36.503 [info] Got 1 sessions for ...
2026-06-25 16:56:36.981 [info] Getting sessions for all scopes...
2026-06-25 16:56:36.981 [info] Got 1 sessions for ...
2026-06-25 16:56:36.982 [info] Getting sessions for all scopes...
2026-06-25 16:56:36.982 [info] Got 1 sessions for ...
2026-06-25 16:56:46.684 [info] Getting sessions for all scopes...
2026-06-25 16:56:46.685 [info] Got 1 sessions for ...
2026-06-25 16:56:46.685 [info] Getting sessions for all scopes...
2026-06-25 16:56:46.685 [info] Got 1 sessions for ...
2026-06-25 16:56:51.175 [info] Reading sessions from keychain...
2026-06-25 16:56:51.175 [info] Getting sessions for all scopes...
2026-06-25 16:56:51.175 [info] Got stored sessions!
2026-06-25 16:56:51.175 [info] Got 1 verified sessions.
2026-06-25 16:56:51.175 [info] Got 1 sessions for ...
2026-06-25 16:56:51.175 [info] Getting sessions for all scopes...
2026-06-25 16:56:51.175 [info] Got 1 sessions for ...
2026-06-25 16:56:51.175 [info] Getting sessions for all scopes...
2026-06-25 16:56:51.175 [info] Got 1 sessions for ...
2026-06-25 16:56:51.175 [info] Getting sessions for all scopes...
2026-06-25 16:56:51.175 [info] Got 1 sessions for ...
2026-06-25 16:56:51.175 [info] Getting sessions for all scopes...
2026-06-25 16:56:51.175 [info] Got 1 sessions for ...
2026-06-25 16:56:51.177 [info] Getting sessions for all scopes...
2026-06-25 16:56:51.177 [info] Got 1 sessions for ...
2026-06-25 16:56:52.298 [info] FetcherService: Electron fetch failed with status: 429 
2026-06-25 16:56:52.302 [info] Unable to resolve optional EDU details. Status: 429 
2026-06-25 16:56:52.692 [info] Getting sessions for all scopes...
2026-06-25 16:56:52.692 [info] Got 1 sessions for ...
2026-06-25 16:56:54.419 [info] Getting sessions for all scopes...
2026-06-25 16:56:54.419 [info] Got 1 sessions for ...
2026-06-25 16:56:54.420 [info] Getting sessions for all scopes...
2026-06-25 16:56:54.420 [info] Got 1 sessions for ...
2026-06-25 16:57:03.208 [info] Getting sessions for all scopes...
2026-06-25 16:57:03.208 [info] Got 1 sessions for ...
2026-06-25 16:57:03.255 [info] Getting sessions for all scopes...
2026-06-25 16:57:03.255 [info] Got 1 sessions for ...
2026-06-25 16:57:07.939 [info] Getting sessions for all scopes...
2026-06-25 16:57:07.939 [info] Got 1 sessions for ...
2026-06-25 16:57:07.940 [info] Getting sessions for all scopes...
2026-06-25 16:57:07.940 [info] Got 1 sessions for ...
2026-06-25 16:57:08.218 [info] Getting sessions for read:user,repo,user:email,workflow...
2026-06-25 16:57:08.218 [info] Got 1 sessions for read:user,repo,user:email,workflow...
2026-06-25 16:57:11.509 [info] Getting sessions for all scopes...
2026-06-25 16:57:11.509 [info] Got 1 sessions for ...
2026-06-25 16:57:11.689 [info] Getting sessions for all scopes...
2026-06-25 16:57:11.689 [info] Got 1 sessions for ...
2026-06-25 16:57:11.709 [info] Getting sessions for read:user,repo,user:email,workflow...
2026-06-25 16:57:11.709 [info] Got 1 sessions for read:user,repo,user:email,workflow...
2026-06-25 16:57:12.409 [info] Getting sessions for all scopes...
2026-06-25 16:57:12.409 [info] Got 1 sessions for ...
2026-06-25 16:57:12.992 [info] Getting sessions for all scopes...
2026-06-25 16:57:12.992 [info] Got 1 sessions for ...
2026-06-25 16:57:13.013 [info] Getting sessions for read:user,repo,user:email,workflow...
2026-06-25 16:57:13.013 [info] Got 1 sessions for read:user,repo,user:email,workflow...
2026-06-25 16:57:13.079 [info] Getting sessions for all scopes...
2026-06-25 16:57:13.079 [info] Got 1 sessions for ...
2026-06-25 16:57:13.080 [info] Getting sessions for all scopes...
2026-06-25 16:57:13.080 [info] Got 1 sessions for ...
2026-06-25 16:57:13.411 [info] Getting sessions for all scopes...
2026-06-25 16:57:13.411 [info] Got 1 sessions for ...
2026-06-25 16:57:13.479 [info] Getting sessions for read:user,repo,user:email,workflow...
2026-06-25 16:57:13.479 [info] Got 1 sessions for read:user,repo,user:email,workflow...
2026-06-25 16:57:14.158 [info] Getting sessions for all scopes...
2026-06-25 16:57:14.159 [info] Got 1 sessions for ...
2026-06-25 16:57:14.448 [info] Getting sessions for read:user,repo,user:email,workflow...
2026-06-25 16:57:14.448 [info] Got 1 sessions for read:user,repo,user:email,workflow...
2026-06-25 16:57:15.183 [info] Getting sessions for all scopes...
2026-06-25 16:57:15.183 [info] Got 1 sessions for ...
2026-06-25 16:57:15.196 [info] Getting sessions for all scopes...
2026-06-25 16:57:15.196 [info] Got 1 sessions for ...
2026-06-25 16:57:15.196 [info] Getting sessions for all scopes...
2026-06-25 16:57:15.196 [info] Got 1 sessions for ...
2026-06-25 16:57:15.196 [info] Getting sessions for all scopes...
2026-06-25 16:57:15.196 [info] Got 1 sessions for ...
2026-06-25 16:57:15.197 [info] Getting sessions for all scopes...
2026-06-25 16:57:15.197 [info] Got 1 sessions for ...
2026-06-25 16:57:15.197 [info] Getting sessions for all scopes...
2026-06-25 16:57:15.197 [info] Got 1 sessions for ...
2026-06-25 16:57:15.197 [info] Getting sessions for all scopes...
2026-06-25 16:57:15.197 [info] Got 1 sessions for ...
2026-06-25 16:57:15.197 [info] Getting sessions for all scopes...
2026-06-25 16:57:15.197 [info] Got 1 sessions for ...
2026-06-25 16:57:15.197 [info] Getting sessions for all scopes...
2026-06-25 16:57:15.197 [info] Got 1 sessions for ...
2026-06-25 16:57:15.221 [info] Getting sessions for read:user,repo,user:email,workflow...
2026-06-25 16:57:15.221 [info] Got 1 sessions for read:user,repo,user:email,workflow...
2026-06-25 16:57:15.807 [info] Getting sessions for all scopes...
2026-06-25 16:57:15.807 [info] Got 1 sessions for ...
2026-06-25 16:57:15.808 [info] Getting sessions for all scopes...
2026-06-25 16:57:15.808 [info] Got 1 sessions for ...
2026-06-25 16:57:15.808 [info] Getting sessions for all scopes...
2026-06-25 16:57:15.808 [info] Got 1 sessions for ...
2026-06-25 16:57:15.809 [info] Getting sessions for all scopes...
2026-06-25 16:57:15.809 [info] Got 1 sessions for ...
2026-06-25 16:57:15.809 [info] Getting sessions for all scopes...
2026-06-25 16:57:15.809 [info] Got 1 sessions for ...
2026-06-25 16:57:15.809 [info] Getting sessions for all scopes...
2026-06-25 16:57:15.809 [info] Got 1 sessions for ...
2026-06-25 16:57:15.810 [info] Getting sessions for all scopes...
2026-06-25 16:57:15.810 [info] Got 1 sessions for ...
2026-06-25 16:57:15.810 [info] Getting sessions for all scopes...
2026-06-25 16:57:15.810 [info] Got 1 sessions for ...
2026-06-25 16:57:15.888 [info] Getting sessions for read:user,repo,user:email,workflow...
2026-06-25 16:57:15.888 [info] Got 1 sessions for read:user,repo,user:email,workflow...
2026-06-25 16:57:17.727 [info] Reading sessions from keychain...
2026-06-25 16:57:17.727 [info] Getting sessions for all scopes...
2026-06-25 16:57:17.751 [info] Got stored sessions!
2026-06-25 16:57:17.751 [info] Got 1 verified sessions.
2026-06-25 16:57:17.751 [info] Got 1 sessions for ...
2026-06-25 16:57:17.751 [info] Getting sessions for all scopes...
2026-06-25 16:57:17.751 [info] Got 1 sessions for ...
2026-06-25 16:57:17.751 [info] Getting sessions for all scopes...
2026-06-25 16:57:17.751 [info] Got 1 sessions for ...
2026-06-25 16:57:17.751 [info] Getting sessions for all scopes...
2026-06-25 16:57:17.751 [info] Got 1 sessions for ...
2026-06-25 16:57:17.751 [info] Getting sessions for all scopes...
2026-06-25 16:57:17.751 [info] Got 1 sessions for ...
2026-06-25 16:57:17.764 [info] Getting sessions for all scopes...
2026-06-25 16:57:17.764 [info] Got 1 sessions for ...
2026-06-25 16:57:19.156 [info] FetcherService: Electron fetch failed with status: 429 
2026-06-25 16:57:19.163 [info] Unable to resolve optional EDU details. Status: 429 
2026-06-25 16:57:19.698 [info] Getting sessions for all scopes...
2026-06-25 16:57:19.698 [info] Got 1 sessions for ...
2026-06-25 16:57:23.512 [info] Getting sessions for all scopes...
2026-06-25 16:57:23.512 [info] Got 1 sessions for ...
2026-06-25 16:57:23.512 [info] Getting sessions for all scopes...
2026-06-25 16:57:23.512 [info] Got 1 sessions for ...
2026-06-25 16:57:23.934 [info] Getting sessions for read:user,repo,user:email,workflow...
2026-06-25 16:57:23.935 [info] Got 1 sessions for read:user,repo,user:email,workflow...
2026-06-25 16:57:25.585 [info] Getting sessions for all scopes...
2026-06-25 16:57:25.585 [info] Got 1 sessions for ...
2026-06-25 16:57:25.585 [info] Getting sessions for all scopes...
2026-06-25 16:57:25.585 [info] Got 1 sessions for ...
2026-06-25 16:57:25.585 [info] Getting sessions for all scopes...
2026-06-25 16:57:25.585 [info] Got 1 sessions for ...
2026-06-25 16:57:25.875 [info] Getting sessions for read:user,repo,user:email,workflow...
2026-06-25 16:57:25.875 [info] Got 1 sessions for read:user,repo,user:email,workflow...
2026-06-25 16:57:26.708 [info] Getting sessions for read:user,repo,user:email,workflow...
2026-06-25 16:57:26.708 [info] Got 1 sessions for read:user,repo,user:email,workflow...
2026-06-25 16:57:27.504 [info] Getting sessions for all scopes...
2026-06-25 16:57:27.504 [info] Got 1 sessions for ...
2026-06-25 16:57:27.504 [info] Getting sessions for all scopes...
2026-06-25 16:57:27.504 [info] Got 1 sessions for ...
2026-06-25 16:57:27.585 [info] Getting sessions for all scopes...
2026-06-25 16:57:27.585 [info] Got 1 sessions for ...
2026-06-25 16:57:27.600 [info] Getting sessions for all scopes...
2026-06-25 16:57:27.600 [info] Got 1 sessions for ...
2026-06-25 16:57:27.727 [info] Getting sessions for read:user,repo,user:email,workflow...
2026-06-25 16:57:27.727 [info] Got 1 sessions for read:user,repo,user:email,workflow...
2026-06-25 16:57:28.987 [info] Getting sessions for all scopes...
2026-06-25 16:57:28.987 [info] Got 1 sessions for ...
2026-06-25 16:57:29.056 [info] Getting sessions for read:user,repo,user:email,workflow...
2026-06-25 16:57:29.056 [info] Got 1 sessions for read:user,repo,user:email,workflow...
2026-06-25 16:57:29.192 [info] Getting sessions for all scopes...
2026-06-25 16:57:29.192 [info] Got 1 sessions for ...
2026-06-25 16:57:29.266 [info] Getting sessions for read:user,repo,user:email,workflow...
2026-06-25 16:57:29.266 [info] Got 1 sessions for read:user,repo,user:email,workflow...
2026-06-25 16:57:29.663 [info] Getting sessions for all scopes...
2026-06-25 16:57:29.663 [info] Got 1 sessions for ...
2026-06-25 16:57:29.732 [info] Getting sessions for read:user,repo,user:email,workflow...
2026-06-25 16:57:29.732 [info] Got 1 sessions for read:user,repo,user:email,workflow...
2026-06-25 16:57:48.973 [info] Getting sessions for all scopes...
2026-06-25 16:57:48.973 [info] Got 1 sessions for ...
2026-06-25 16:57:48.974 [info] Getting sessions for all scopes...
2026-06-25 16:57:48.974 [info] Got 1 sessions for ...
2026-06-25 16:58:05.803 [info] Getting sessions for all scopes...
2026-06-25 16:58:05.803 [info] Got 1 sessions for ...
2026-06-25 16:58:05.803 [info] Getting sessions for all scopes...
2026-06-25 16:58:05.803 [info] Got 1 sessions for ...
2026-06-25 16:58:52.108 [info] Getting sessions for all scopes...
2026-06-25 16:58:52.108 [info] Got 1 sessions for ...
2026-06-25 16:58:52.196 [info] Getting sessions for read:user,repo,user:email,workflow...
2026-06-25 16:58:52.196 [info] Got 1 sessions for read:user,repo,user:email,workflow...
2026-06-25 17:00:25.726 [info] Getting sessions for all scopes...
2026-06-25 17:00:25.726 [info] Got 1 sessions for ...
2026-06-25 17:00:25.726 [info] Getting sessions for all scopes...
2026-06-25 17:00:25.726 [info] Got 1 sessions for ...
2026-06-25 17:00:30.910 [info] Getting sessions for all scopes...
2026-06-25 17:00:30.910 [info] Got 1 sessions for ...
2026-06-25 17:00:30.911 [info] Getting sessions for all scopes...
2026-06-25 17:00:30.911 [info] Got 1 sessions for ...
2026-06-25 17:04:37.359 [info] Getting sessions for all scopes...
2026-06-25 17:04:37.359 [info] Got 1 sessions for ...
2026-06-25 17:04:37.359 [info] Getting sessions for all scopes...
2026-06-25 17:04:37.359 [info] Got 1 sessions for ...
2026-06-25 17:04:39.486 [info] Getting sessions for all scopes...
2026-06-25 17:04:39.486 [info] Got 1 sessions for ...
2026-06-25 17:04:39.487 [info] Getting sessions for all scopes...
2026-06-25 17:04:39.487 [info] Got 1 sessions for ...
2026-06-25 17:20:07.541 [info] Getting sessions for all scopes...
2026-06-25 17:20:07.541 [info] Got 1 sessions for ...
2026-06-25 17:20:07.541 [info] Getting sessions for all scopes...
2026-06-25 17:20:07.541 [info] Got 1 sessions for ...
2026-06-25 17:20:09.864 [info] Getting sessions for all scopes...
2026-06-25 17:20:09.864 [info] Got 1 sessions for ...
2026-06-25 17:20:09.892 [info] Getting sessions for read:user,repo,user:email,workflow...
2026-06-25 17:20:09.892 [info] Got 1 sessions for read:user,repo,user:email,workflow...
2026-06-25 17:20:15.121 [info] Getting sessions for all scopes...
2026-06-25 17:20:15.121 [info] Got 1 sessions for ...
2026-06-25 17:20:15.122 [info] Getting sessions for all scopes...
2026-06-25 17:20:15.122 [info] Got 1 sessions for ...
2026-06-25 17:20:56.664 [info] Getting sessions for all scopes...
2026-06-25 17:20:56.664 [info] Got 1 sessions for ...
2026-06-25 17:20:56.665 [info] Getting sessions for all scopes...
2026-06-25 17:20:56.665 [info] Got 1 sessions for ...
2026-06-25 17:21:32.979 [info] Getting sessions for all scopes...
2026-06-25 17:21:32.979 [info] Got 1 sessions for ...
2026-06-25 17:21:32.981 [info] Getting sessions for all scopes...
2026-06-25 17:21:32.981 [info] Got 1 sessions for ...
2026-06-25 17:28:51.259 [info] Getting sessions for all scopes...
2026-06-25 17:28:51.259 [info] Got 1 sessions for ...
2026-06-25 17:28:51.260 [info] Getting sessions for all scopes...
2026-06-25 17:28:51.260 [info] Got 1 sessions for ...
2026-06-25 17:30:09.778 [info] Getting sessions for all scopes...
2026-06-25 17:30:09.778 [info] Got 1 sessions for ...
2026-06-25 17:30:09.845 [info] Getting sessions for read:user,repo,user:email,workflow...
2026-06-25 17:30:09.845 [info] Got 1 sessions for read:user,repo,user:email,workflow...
2026-06-25 17:37:53.932 [info] Getting sessions for all scopes...
2026-06-25 17:37:53.932 [info] Got 1 sessions for ...
2026-06-25 17:37:53.933 [info] Getting sessions for all scopes...
2026-06-25 17:37:53.933 [info] Got 1 sessions for ...
2026-06-25 17:38:02.778 [info] Getting sessions for all scopes...
2026-06-25 17:38:02.778 [info] Got 1 sessions for ...
2026-06-25 17:38:02.778 [info] Getting sessions for all scopes...
2026-06-25 17:38:02.778 [info] Got 1 sessions for ...
2026-06-25 17:38:59.872 [info] Getting sessions for all scopes...
2026-06-25 17:38:59.872 [info] Got 1 sessions for ...
2026-06-25 17:38:59.873 [info] Getting sessions for all scopes...
2026-06-25 17:38:59.873 [info] Got 1 sessions for ...
2026-06-25 17:39:37.666 [info] Getting sessions for all scopes...
2026-06-25 17:39:37.666 [info] Got 1 sessions for ...
2026-06-25 17:39:37.666 [info] Getting sessions for all scopes...
2026-06-25 17:39:37.666 [info] Got 1 sessions for ...
2026-06-25 17:40:09.789 [info] Getting sessions for all scopes...
2026-06-25 17:40:09.789 [info] Got 1 sessions for ...
2026-06-25 17:40:09.821 [info] Getting sessions for read:user,repo,user:email,workflow...
2026-06-25 17:40:09.821 [info] Got 1 sessions for read:user,repo,user:email,workflow...
2026-06-25 17:41:38.581 [info] Getting sessions for all scopes...
2026-06-25 17:41:38.581 [info] Got 1 sessions for ...
2026-06-25 17:41:38.582 [info] Getting sessions for all scopes...
2026-06-25 17:41:38.582 [info] Got 1 sessions for ...
2026-06-25 17:43:47.824 [info] Getting sessions for all scopes...
2026-06-25 17:43:47.824 [info] Got 1 sessions for ...
2026-06-25 17:43:47.825 [info] Getting sessions for all scopes...
2026-06-25 17:43:47.825 [info] Got 1 sessions for ...
2026-06-25 17:43:48.708 [info] Getting sessions for all scopes...
2026-06-25 17:43:48.708 [info] Got 1 sessions for ...
2026-06-25 17:43:48.708 [info] Getting sessions for all scopes...
2026-06-25 17:43:48.708 [info] Got 1 sessions for ...
2026-06-25 17:45:20.390 [info] Getting sessions for all scopes...
2026-06-25 17:45:20.390 [info] Got 1 sessions for ...
2026-06-25 17:45:20.391 [info] Getting sessions for all scopes...
2026-06-25 17:45:20.391 [info] Got 1 sessions for ...
2026-06-25 17:45:22.090 [info] Getting sessions for all scopes...
2026-06-25 17:45:22.090 [info] Got 1 sessions for ...
2026-06-25 17:45:22.090 [info] Getting sessions for all scopes...
2026-06-25 17:45:22.090 [info] Got 1 sessions for ...
2026-06-25 17:45:22.994 [info] Getting sessions for all scopes...
2026-06-25 17:45:22.994 [info] Got 1 sessions for ...
2026-06-25 17:45:22.995 [info] Getting sessions for all scopes...
2026-06-25 17:45:22.995 [info] Got 1 sessions for ...
2026-06-25 17:45:24.633 [info] Getting sessions for all scopes...
2026-06-25 17:45:24.633 [info] Got 1 sessions for ...
2026-06-25 17:45:24.634 [info] Getting sessions for all scopes...
2026-06-25 17:45:24.634 [info] Got 1 sessions for ...
2026-06-25 17:50:33.637 [info] Getting sessions for all scopes...
2026-06-25 17:50:33.637 [info] Got 1 sessions for ...
2026-06-25 17:50:33.638 [info] Getting sessions for all scopes...
2026-06-25 17:50:33.638 [info] Got 1 sessions for ...
2026-06-25 17:50:55.807 [info] Getting sessions for all scopes...
2026-06-25 17:50:55.807 [info] Got 1 sessions for ...
2026-06-25 17:50:55.808 [info] Getting sessions for all scopes...
2026-06-25 17:50:55.808 [info] Got 1 sessions for ...
2026-06-25 17:50:57.545 [info] Getting sessions for all scopes...
2026-06-25 17:50:57.545 [info] Got 1 sessions for ...
2026-06-25 17:50:57.623 [info] Getting sessions for read:user,repo,user:email,workflow...
2026-06-25 17:50:57.623 [info] Got 1 sessions for read:user,repo,user:email,workflow...
2026-06-25 17:51:06.018 [info] Getting sessions for all scopes...
2026-06-25 17:51:06.018 [info] Got 1 sessions for ...
2026-06-25 17:51:06.018 [info] Getting sessions for all scopes...
2026-06-25 17:51:06.019 [info] Got 1 sessions for ...
2026-06-25 17:51:06.058 [info] Getting sessions for all scopes...
2026-06-25 17:51:06.058 [info] Got 1 sessions for ...
2026-06-25 17:51:06.120 [info] Getting sessions for read:user,repo,user:email,workflow...
2026-06-25 17:51:06.120 [info] Got 1 sessions for read:user,repo,user:email,workflow...
2026-06-25 17:51:07.078 [info] Getting sessions for all scopes...
2026-06-25 17:51:07.078 [info] Got 1 sessions for ...
2026-06-25 17:51:07.078 [info] Getting sessions for all scopes...
2026-06-25 17:51:07.078 [info] Got 1 sessions for ...
2026-06-25 17:51:07.200 [info] Getting sessions for read:user,repo,user:email,workflow...
2026-06-25 17:51:07.200 [info] Got 1 sessions for read:user,repo,user:email,workflow...
2026-06-25 17:52:05.687 [info] Getting sessions for all scopes...
2026-06-25 17:52:05.687 [info] Got 1 sessions for ...
2026-06-25 17:52:05.688 [info] Getting sessions for all scopes...
2026-06-25 17:52:05.688 [info] Got 1 sessions for ...
2026-06-25 17:54:35.441 [info] Getting sessions for all scopes...
2026-06-25 17:54:35.442 [info] Got 1 sessions for ...
2026-06-25 17:54:35.442 [info] Getting sessions for all scopes...
2026-06-25 17:54:35.442 [info] Got 1 sessions for ...
2026-06-25 17:56:20.483 [info] Getting sessions for all scopes...
2026-06-25 17:56:20.483 [info] Got 1 sessions for ...
2026-06-25 17:56:20.484 [info] Getting sessions for all scopes...
2026-06-25 17:56:20.484 [info] Got 1 sessions for ...
2026-06-25 18:07:12.653 [info] Getting sessions for all scopes...
2026-06-25 18:07:12.653 [info] Got 1 sessions for ...
2026-06-25 18:07:12.654 [info] Getting sessions for all scopes...
2026-06-25 18:07:12.654 [info] Got 1 sessions for ...
2026-06-25 18:08:11.573 [info] Getting sessions for all scopes...
2026-06-25 18:08:11.574 [info] Got 1 sessions for ...
2026-06-25 18:08:11.575 [info] Getting sessions for all scopes...
2026-06-25 18:08:11.575 [info] Got 1 sessions for ...
2026-06-25 18:08:34.703 [info] Getting sessions for all scopes...
2026-06-25 18:08:34.703 [info] Got 1 sessions for ...
2026-06-25 18:08:34.704 [info] Getting sessions for all scopes...
2026-06-25 18:08:34.704 [info] Got 1 sessions for ...
2026-06-25 18:08:35.446 [info] Getting sessions for all scopes...
2026-06-25 18:08:35.446 [info] Got 1 sessions for ...
2026-06-25 18:08:35.504 [info] Getting sessions for read:user,repo,user:email,workflow...
2026-06-25 18:08:35.504 [info] Got 1 sessions for read:user,repo,user:email,workflow...
2026-06-25 18:11:31.885 [info] Getting sessions for all scopes...
2026-06-25 18:11:31.885 [info] Got 1 sessions for ...
2026-06-25 18:11:31.888 [info] Getting sessions for all scopes...
2026-06-25 18:11:31.888 [info] Got 1 sessions for ...
2026-06-25 18:43:14.386 [info] Getting sessions for all scopes...
2026-06-25 18:43:14.386 [info] Got 1 sessions for ...
2026-06-25 18:43:14.388 [info] Getting sessions for all scopes...
2026-06-25 18:43:14.388 [info] Got 1 sessions for ...
2026-06-25 18:46:55.989 [info] Getting sessions for all scopes...
2026-06-25 18:46:55.989 [info] Got 1 sessions for ...
2026-06-25 18:46:55.990 [info] Getting sessions for all scopes...
2026-06-25 18:46:55.990 [info] Got 1 sessions for ...
2026-06-25 18:46:57.176 [info] Getting sessions for all scopes...
2026-06-25 18:46:57.177 [info] Got 1 sessions for ...
2026-06-25 18:46:57.246 [info] Getting sessions for read:user,repo,user:email,workflow...
2026-06-25 18:46:57.246 [info] Got 1 sessions for read:user,repo,user:email,workflow...
2026-06-25 18:46:58.622 [info] Getting sessions for all scopes...
2026-06-25 18:46:58.622 [info] Got 1 sessions for ...
2026-06-25 18:46:58.623 [info] Getting sessions for all scopes...
2026-06-25 18:46:58.623 [info] Got 1 sessions for ...
2026-06-25 18:47:00.140 [info] Getting sessions for all scopes...
2026-06-25 18:47:00.140 [info] Got 1 sessions for ...
2026-06-25 18:47:00.141 [info] Getting sessions for all scopes...
2026-06-25 18:47:00.141 [info] Got 1 sessions for ...
2026-06-25 18:47:58.981 [info] Getting sessions for all scopes...
2026-06-25 18:47:58.981 [info] Got 1 sessions for ...
2026-06-25 18:47:58.981 [info] Getting sessions for all scopes...
2026-06-25 18:47:58.981 [info] Got 1 sessions for ...
2026-06-25 18:50:19.301 [info] Getting sessions for all scopes...
2026-06-25 18:50:19.301 [info] Got 1 sessions for ...
2026-06-25 18:50:19.302 [info] Getting sessions for all scopes...
2026-06-25 18:50:19.302 [info] Got 1 sessions for ...
