2026-06-26 18:50:54.522 [info] Extension host with pid 70099 started
2026-06-26 18:50:54.522 [info] Skipping acquiring lock for /home/mamz/.config/Code/User/workspaceStorage/45ac7ca872a25686a62b571b5b1c5727.
2026-06-26 18:50:54.522 [info] $getCanonicalURI invoked for authority (ssh-remote)
2026-06-26 18:50:54.563 [info] ExtensionService#_doActivateExtension vscode.github-authentication, startup: false, activationEvent: 'onAuthenticationRequest:github'
2026-06-26 18:50:54.593 [info] ExtensionService#_doActivateExtension ms-vscode-remote.remote-ssh, startup: false, activationEvent: 'onResolveRemoteAuthority:ssh-remote'
2026-06-26 18:50:54.776 [error] PendingMigrationError: navigator is now a global in nodejs, please see https://aka.ms/vscode-extensions/navigator for additional info on this error.
    at get (file:///usr/share/code/resources/app/out/vs/workbench/api/node/extensionHostProcess.js:852:7288)
    at le (/usr/share/code/resources/app/extensions/github-authentication/dist/extension.js:1:6006)
    at Se (/usr/share/code/resources/app/extensions/github-authentication/dist/extension.js:1:974)
    at /usr/share/code/resources/app/extensions/github-authentication/dist/extension.js:1:5851
    at to (/usr/share/code/resources/app/extensions/github-authentication/dist/extension.js:2:7536)
    at /usr/share/code/resources/app/extensions/github-authentication/dist/extension.js:4:3151
    at Object.l [as use] (/usr/share/code/resources/app/extensions/github-authentication/dist/extension.js:2:13747)
    at dx (/usr/share/code/resources/app/extensions/github-authentication/dist/extension.js:2:14650)
    at Object.l [as watch] (/usr/share/code/resources/app/extensions/github-authentication/dist/extension.js:2:14877)
    at Tr (/usr/share/code/resources/app/extensions/github-authentication/dist/extension.js:2:15600)
    at K.<computed> [as initialize] (/usr/share/code/resources/app/extensions/github-authentication/dist/extension.js:4:2682)
    at e.l [as initialize] (/usr/share/code/resources/app/extensions/github-authentication/dist/extension.js:1:16498)
    at /usr/share/code/resources/app/extensions/github-authentication/dist/extension.js:4:13456
    at lr (/usr/share/code/resources/app/extensions/github-authentication/dist/extension.js:2:23571)
    at j.<computed> [as initialize] (/usr/share/code/resources/app/extensions/github-authentication/dist/extension.js:4:12894)
    at r.l [as initialize] (/usr/share/code/resources/app/extensions/github-authentication/dist/extension.js:1:16498)
    at Array.<anonymous> (/usr/share/code/resources/app/extensions/github-authentication/dist/extension.js:2:27102)
    at A (/usr/share/code/resources/app/extensions/github-authentication/dist/extension.js:1:2596)
    at jp (/usr/share/code/resources/app/extensions/github-authentication/dist/extension.js:2:27067)
    at Ve (/usr/share/code/resources/app/extensions/github-authentication/dist/extension.js:2:41174)
    at D.<computed> (/usr/share/code/resources/app/extensions/github-authentication/dist/extension.js:2:36994)
    at Object.initialize (/usr/share/code/resources/app/extensions/github-authentication/dist/extension.js:1:15804)
    at /usr/share/code/resources/app/extensions/github-authentication/dist/extension.js:2:54461
    at lr (/usr/share/code/resources/app/extensions/github-authentication/dist/extension.js:2:23571)
    at n.<computed> [as initialize] (/usr/share/code/resources/app/extensions/github-authentication/dist/extension.js:2:54389)
    at r.l [as initialize] (/usr/share/code/resources/app/extensions/github-authentication/dist/extension.js:1:16498)
    at O0 (/usr/share/code/resources/app/extensions/github-authentication/dist/extension.js:5:6560)
    at async Y0 (/usr/share/code/resources/app/extensions/github-authentication/dist/extension.js:5:6787)
2026-06-26 18:50:54.804 [error] PendingMigrationError: navigator is now a global in nodejs, please see https://aka.ms/vscode-extensions/navigator for additional info on this error.
    at get (file:///usr/share/code/resources/app/out/vs/workbench/api/node/extensionHostProcess.js:852:7288)
    at Et (/home/mamz/.vscode/extensions/ms-vscode-remote.remote-ssh-0.124.0/out/extension.js:2:282499)
    at $ (/home/mamz/.vscode/extensions/ms-vscode-remote.remote-ssh-0.124.0/out/extension.js:2:276797)
    at /home/mamz/.vscode/extensions/ms-vscode-remote.remote-ssh-0.124.0/out/extension.js:2:282292
    at E (/home/mamz/.vscode/extensions/ms-vscode-remote.remote-ssh-0.124.0/out/extension.js:2:226065)
    at /home/mamz/.vscode/extensions/ms-vscode-remote.remote-ssh-0.124.0/out/extension.js:2:162854
    at Object.f [as use] (/home/mamz/.vscode/extensions/ms-vscode-remote.remote-ssh-0.124.0/out/extension.js:2:204467)
    at /home/mamz/.vscode/extensions/ms-vscode-remote.remote-ssh-0.124.0/out/extension.js:2:203815
    at s.<computed> [as watch] (/home/mamz/.vscode/extensions/ms-vscode-remote.remote-ssh-0.124.0/out/extension.js:2:203826)
    at w (/home/mamz/.vscode/extensions/ms-vscode-remote.remote-ssh-0.124.0/out/extension.js:2:205680)
    at e.<computed> [as initialize] (/home/mamz/.vscode/extensions/ms-vscode-remote.remote-ssh-0.124.0/out/extension.js:2:162165)
    at e.n [as initialize] (/home/mamz/.vscode/extensions/ms-vscode-remote.remote-ssh-0.124.0/out/extension.js:2:271092)
    at /home/mamz/.vscode/extensions/ms-vscode-remote.remote-ssh-0.124.0/out/extension.js:2:169921
    at f (/home/mamz/.vscode/extensions/ms-vscode-remote.remote-ssh-0.124.0/out/extension.js:2:235702)
    at e.<computed> [as initialize] (/home/mamz/.vscode/extensions/ms-vscode-remote.remote-ssh-0.124.0/out/extension.js:2:169185)
    at t.n [as initialize] (/home/mamz/.vscode/extensions/ms-vscode-remote.remote-ssh-0.124.0/out/extension.js:2:271092)
    at Array.<anonymous> (/home/mamz/.vscode/extensions/ms-vscode-remote.remote-ssh-0.124.0/out/extension.js:2:240942)
    at ge (/home/mamz/.vscode/extensions/ms-vscode-remote.remote-ssh-0.124.0/out/extension.js:2:278358)
    at u (/home/mamz/.vscode/extensions/ms-vscode-remote.remote-ssh-0.124.0/out/extension.js:2:240904)
    at ie (/home/mamz/.vscode/extensions/ms-vscode-remote.remote-ssh-0.124.0/out/extension.js:2:210159)
    at e.<computed> (/home/mamz/.vscode/extensions/ms-vscode-remote.remote-ssh-0.124.0/out/extension.js:2:212646)
    at Object.initialize (/home/mamz/.vscode/extensions/ms-vscode-remote.remote-ssh-0.124.0/out/extension.js:2:271838)
    at /home/mamz/.vscode/extensions/ms-vscode-remote.remote-ssh-0.124.0/out/extension.js:2:140356
    at f (/home/mamz/.vscode/extensions/ms-vscode-remote.remote-ssh-0.124.0/out/extension.js:2:235702)
    at e.<computed> [as initialize] (/home/mamz/.vscode/extensions/ms-vscode-remote.remote-ssh-0.124.0/out/extension.js:2:140284)
    at t.n [as initialize] (/home/mamz/.vscode/extensions/ms-vscode-remote.remote-ssh-0.124.0/out/extension.js:2:271092)
    at /home/mamz/.vscode/extensions/ms-vscode-remote.remote-ssh-0.124.0/out/extension.js:2:335309
    at async t.oneDataSystemClientFactory (/home/mamz/.vscode/extensions/ms-vscode-remote.remote-ssh-0.124.0/out/extension.js:2:334713)
2026-06-26 18:50:54.827 [info] [resolveAuthority(ssh-remote,1)][0ms] activating remote resolvers ssh-remote+gr8server
2026-06-26 18:50:54.827 [info] [resolveAuthority(ssh-remote,1)][0ms] activating resolver for ssh-remote+gr8server...
2026-06-26 18:50:54.828 [info] [resolveAuthority(ssh-remote,1)][1ms] invoking final resolve()...
2026-06-26 18:50:55.828 [info] [resolveAuthority(ssh-remote,1)][1001ms] waiting...
2026-06-26 18:50:56.828 [info] [resolveAuthority(ssh-remote,1)][2001ms] waiting...
2026-06-26 18:50:57.829 [info] [resolveAuthority(ssh-remote,1)][3002ms] waiting...
2026-06-26 18:50:58.829 [info] [resolveAuthority(ssh-remote,1)][4002ms] waiting...
2026-06-26 18:50:59.830 [info] [resolveAuthority(ssh-remote,1)][5003ms] waiting...
2026-06-26 18:51:00.830 [info] [resolveAuthority(ssh-remote,1)][6003ms] waiting...
2026-06-26 18:51:01.291 [info] [resolveAuthority(ssh-remote,1)][6464ms] setting tunnel factory...
2026-06-26 18:51:01.291 [info] [resolveAuthority(ssh-remote,1)][6464ms] returned managed authority
2026-06-26 18:51:02.652 [info] Eager extensions activated
2026-06-26 18:51:03.258 [info] ExtensionService#_doActivateExtension ms-vscode.remote-explorer, startup: false, activationEvent: 'onCommand:remote-internal.setActiveFolders'
2026-06-26 18:51:09.639 [info] ExtensionService#_doActivateExtension vscode.microsoft-authentication, startup: false, activationEvent: 'onAuthenticationRequest:microsoft'
2026-06-26 18:51:12.150 [info] $getCanonicalURI invoked for authority (ssh-remote)
2026-06-26 18:51:12.637 [info] $getCanonicalURI invoked for authority (ssh-remote)
2026-06-26 20:05:19.527 [info] Extension host terminating: received terminate message from renderer
2026-06-26 20:05:19.547 [info] Extension host with pid 70099 exiting with code 0
