2026-06-26 18:36:48.897 [info] Reading sessions from keychain...
2026-06-26 18:36:48.897 [info] Getting sessions for all scopes...
2026-06-26 18:36:48.966 [info] Got stored sessions!
2026-06-26 18:36:48.966 [info] Got 1 verified sessions.
2026-06-26 18:36:48.966 [info] Got 1 sessions for ...
2026-06-26 18:36:48.966 [info] Getting sessions for all scopes...
2026-06-26 18:36:48.966 [info] Got 1 sessions for ...
2026-06-26 18:36:48.966 [info] Getting sessions for all scopes...
2026-06-26 18:36:48.966 [info] Got 1 sessions for ...
2026-06-26 18:36:48.966 [info] Getting sessions for all scopes...
2026-06-26 18:36:48.966 [info] Got 1 sessions for ...
2026-06-26 18:36:48.966 [info] Getting sessions for all scopes...
2026-06-26 18:36:48.966 [info] Got 1 sessions for ...
2026-06-26 18:36:49.000 [info] Getting sessions for all scopes...
2026-06-26 18:36:49.000 [info] Got 1 sessions for ...
2026-06-26 18:36:49.748 [info] Getting sessions for all scopes...
2026-06-26 18:36:49.748 [info] Got 1 sessions for ...
2026-06-26 18:36:50.189 [info] FetcherService: Electron fetch failed with status: 429 
2026-06-26 18:36:50.202 [info] Unable to resolve optional EDU details. Status: 429 
2026-06-26 18:36:52.136 [info] Getting sessions for all scopes...
2026-06-26 18:36:52.136 [info] Got 1 sessions for ...
2026-06-26 18:37:07.209 [info] Getting sessions for all scopes...
2026-06-26 18:37:07.209 [info] Got 1 sessions for ...
2026-06-26 18:37:07.295 [info] Getting sessions for all scopes...
2026-06-26 18:37:07.295 [info] Got 1 sessions for ...
2026-06-26 18:37:10.268 [info] Reading sessions from keychain...
2026-06-26 18:37:10.268 [info] Got stored sessions!
2026-06-26 18:37:10.268 [info] Got 1 verified sessions.
2026-06-26 18:37:10.268 [info] Getting sessions for all scopes...
2026-06-26 18:37:10.268 [info] Got 1 sessions for ...
2026-06-26 18:37:10.268 [info] Getting sessions for all scopes...
2026-06-26 18:37:10.268 [info] Got 1 sessions for ...
2026-06-26 18:37:10.268 [info] Getting sessions for all scopes...
2026-06-26 18:37:10.268 [info] Got 1 sessions for ...
2026-06-26 18:37:10.268 [info] Getting sessions for all scopes...
2026-06-26 18:37:10.268 [info] Got 1 sessions for ...
2026-06-26 18:37:10.268 [info] Getting sessions for all scopes...
2026-06-26 18:37:10.268 [info] Got 1 sessions for ...
2026-06-26 18:37:10.304 [info] Getting sessions for all scopes...
2026-06-26 18:37:10.304 [info] Got 1 sessions for ...
2026-06-26 18:37:11.333 [info] FetcherService: Electron fetch failed with status: 429 
2026-06-26 18:37:11.340 [info] Unable to resolve optional EDU details. Status: 429 
2026-06-26 18:37:11.610 [info] Getting sessions for all scopes...
2026-06-26 18:37:11.610 [info] Got 1 sessions for ...
2026-06-26 18:37:16.868 [info] Getting sessions for all scopes...
2026-06-26 18:37:16.869 [info] Got 1 sessions for ...
2026-06-26 18:37:30.407 [info] Getting sessions for all scopes...
2026-06-26 18:37:30.407 [info] Got 1 sessions for ...
2026-06-26 18:37:30.407 [info] Getting sessions for all scopes...
2026-06-26 18:37:30.407 [info] Got 1 sessions for ...
2026-06-26 18:37:31.184 [info] Getting sessions for read:user,repo,user:email,workflow...
2026-06-26 18:37:31.184 [info] Got 1 sessions for read:user,repo,user:email,workflow...
2026-06-26 18:37:45.602 [info] Getting sessions for all scopes...
2026-06-26 18:37:45.602 [info] Got 1 sessions for ...
2026-06-26 18:37:45.602 [info] Getting sessions for all scopes...
2026-06-26 18:37:45.602 [info] Got 1 sessions for ...
2026-06-26 18:37:45.602 [info] Getting sessions for all scopes...
2026-06-26 18:37:45.602 [info] Got 1 sessions for ...
2026-06-26 18:37:45.818 [info] Getting sessions for read:user,repo,user:email,workflow...
2026-06-26 18:37:45.818 [info] Got 1 sessions for read:user,repo,user:email,workflow...
2026-06-26 18:37:48.975 [info] Getting sessions for all scopes...
2026-06-26 18:37:48.975 [info] Got 1 sessions for ...
2026-06-26 18:37:48.988 [info] Getting sessions for all scopes...
2026-06-26 18:37:48.988 [info] Got 1 sessions for ...
2026-06-26 18:37:49.166 [info] Getting sessions for all scopes...
2026-06-26 18:37:49.166 [info] Got 1 sessions for ...
2026-06-26 18:37:49.166 [info] Getting sessions for all scopes...
2026-06-26 18:37:49.166 [info] Got 1 sessions for ...
2026-06-26 18:37:49.455 [info] Getting sessions for read:user,repo,user:email,workflow...
2026-06-26 18:37:49.455 [info] Got 1 sessions for read:user,repo,user:email,workflow...
2026-06-26 18:37:49.784 [info] Getting sessions for read:user,repo,user:email,workflow...
2026-06-26 18:37:49.784 [info] Got 1 sessions for read:user,repo,user:email,workflow...
2026-06-26 18:37:50.318 [info] Getting sessions for all scopes...
2026-06-26 18:37:50.318 [info] Got 1 sessions for ...
2026-06-26 18:37:50.398 [info] Getting sessions for read:user,repo,user:email,workflow...
2026-06-26 18:37:50.398 [info] Got 1 sessions for read:user,repo,user:email,workflow...
2026-06-26 18:37:50.593 [info] Getting sessions for all scopes...
2026-06-26 18:37:50.593 [info] Got 1 sessions for ...
2026-06-26 18:37:50.621 [info] Getting sessions for read:user,repo,user:email,workflow...
2026-06-26 18:37:50.621 [info] Got 1 sessions for read:user,repo,user:email,workflow...
2026-06-26 18:37:51.052 [info] Getting sessions for all scopes...
2026-06-26 18:37:51.052 [info] Got 1 sessions for ...
2026-06-26 18:37:51.144 [info] Getting sessions for read:user,repo,user:email,workflow...
2026-06-26 18:37:51.144 [info] Got 1 sessions for read:user,repo,user:email,workflow...
2026-06-26 18:37:54.864 [info] Getting sessions for all scopes...
2026-06-26 18:37:54.864 [info] Got 1 sessions for ...
2026-06-26 18:37:54.977 [info] Getting sessions for read:user,repo,user:email,workflow...
2026-06-26 18:37:54.977 [info] Got 1 sessions for read:user,repo,user:email,workflow...
2026-06-26 18:37:55.564 [info] Getting sessions for all scopes...
2026-06-26 18:37:55.564 [info] Got 1 sessions for ...
2026-06-26 18:37:55.690 [info] Getting sessions for read:user,repo,user:email,workflow...
2026-06-26 18:37:55.690 [info] Got 1 sessions for read:user,repo,user:email,workflow...
2026-06-26 18:38:28.149 [info] Getting sessions for all scopes...
2026-06-26 18:38:28.149 [info] Got 1 sessions for ...
2026-06-26 18:38:28.152 [info] Getting sessions for all scopes...
2026-06-26 18:38:28.152 [info] Got 1 sessions for ...
2026-06-26 18:40:41.618 [info] Getting sessions for all scopes...
2026-06-26 18:40:41.618 [info] Got 1 sessions for ...
2026-06-26 18:40:41.721 [info] Getting sessions for read:user,repo,user:email,workflow...
2026-06-26 18:40:41.721 [info] Got 1 sessions for read:user,repo,user:email,workflow...
2026-06-26 18:41:53.470 [info] Getting sessions for all scopes...
2026-06-26 18:41:53.471 [info] Got 1 sessions for ...
2026-06-26 18:41:53.471 [info] Getting sessions for all scopes...
2026-06-26 18:41:53.472 [info] Got 1 sessions for ...
2026-06-26 18:42:03.087 [info] Getting sessions for all scopes...
2026-06-26 18:42:03.087 [info] Got 1 sessions for ...
2026-06-26 18:42:03.088 [info] Getting sessions for all scopes...
2026-06-26 18:42:03.088 [info] Got 1 sessions for ...
2026-06-26 18:42:06.076 [info] Getting sessions for all scopes...
2026-06-26 18:42:06.076 [info] Got 1 sessions for ...
2026-06-26 18:42:06.076 [info] Getting sessions for all scopes...
2026-06-26 18:42:06.076 [info] Got 1 sessions for ...
2026-06-26 18:42:11.728 [info] Getting sessions for all scopes...
2026-06-26 18:42:11.728 [info] Got 1 sessions for ...
2026-06-26 18:42:11.731 [info] Getting sessions for all scopes...
2026-06-26 18:42:11.731 [info] Got 1 sessions for ...
2026-06-26 18:42:14.987 [info] Getting sessions for all scopes...
2026-06-26 18:42:14.987 [info] Got 1 sessions for ...
2026-06-26 18:42:14.987 [info] Getting sessions for all scopes...
2026-06-26 18:42:14.987 [info] Got 1 sessions for ...
2026-06-26 18:42:22.286 [info] Getting sessions for all scopes...
2026-06-26 18:42:22.286 [info] Got 1 sessions for ...
2026-06-26 18:42:22.289 [info] Getting sessions for all scopes...
2026-06-26 18:42:22.289 [info] Got 1 sessions for ...
2026-06-26 18:42:52.012 [info] Getting sessions for all scopes...
2026-06-26 18:42:52.012 [info] Got 1 sessions for ...
2026-06-26 18:42:52.013 [info] Getting sessions for all scopes...
2026-06-26 18:42:52.013 [info] Got 1 sessions for ...
2026-06-26 18:43:00.931 [info] Getting sessions for all scopes...
2026-06-26 18:43:00.931 [info] Got 1 sessions for ...
2026-06-26 18:43:00.933 [info] Getting sessions for all scopes...
2026-06-26 18:43:00.933 [info] Got 1 sessions for ...
2026-06-26 18:43:02.827 [info] Getting sessions for all scopes...
2026-06-26 18:43:02.827 [info] Got 1 sessions for ...
2026-06-26 18:43:02.828 [info] Getting sessions for all scopes...
2026-06-26 18:43:02.828 [info] Got 1 sessions for ...
2026-06-26 18:50:27.188 [info] Getting sessions for all scopes...
2026-06-26 18:50:27.188 [info] Got 1 sessions for ...
2026-06-26 18:50:27.266 [info] Getting sessions for all scopes...
2026-06-26 18:50:27.267 [info] Got 1 sessions for ...
2026-06-26 18:50:29.115 [info] Getting sessions for all scopes...
2026-06-26 18:50:29.115 [info] Got 1 sessions for ...
2026-06-26 18:50:29.116 [info] Getting sessions for all scopes...
2026-06-26 18:50:29.116 [info] Got 1 sessions for ...
2026-06-26 18:50:30.919 [info] Getting sessions for all scopes...
2026-06-26 18:50:30.919 [info] Got 1 sessions for ...
2026-06-26 18:50:30.920 [info] Getting sessions for all scopes...
2026-06-26 18:50:30.920 [info] Got 1 sessions for ...
2026-06-26 18:50:41.821 [info] Getting sessions for all scopes...
2026-06-26 18:50:41.821 [info] Got 1 sessions for ...
2026-06-26 18:50:42.132 [info] Getting sessions for read:user,repo,user:email,workflow...
2026-06-26 18:50:42.132 [info] Got 1 sessions for read:user,repo,user:email,workflow...
2026-06-26 18:50:45.528 [info] Getting sessions for all scopes...
2026-06-26 18:50:45.528 [info] Got 1 sessions for ...
2026-06-26 18:50:45.535 [info] Getting sessions for all scopes...
2026-06-26 18:50:45.535 [info] Got 1 sessions for ...
