[18:36:48.850] Log Level: 2
[18:36:48.883] VS Code version: 1.126.0
[18:36:48.883] Remote-SSH version: remote-ssh@0.124.0
[18:36:48.883] linux x64
[18:36:48.918] SSH Resolver called for "ssh-remote+gr8server", attempt 1
[18:36:48.930] remote.SSH.useLocalServer = true
[18:36:48.931] remote.SSH.useExecServer = true
[18:36:48.931] remote.SSH.bindHost = {}
[18:36:48.931] remote.SSH.path = 
[18:36:48.931] remote.SSH.configFile = 
[18:36:48.931] remote.SSH.useFlock = true
[18:36:48.931] remote.SSH.lockfilesInTmp = false
[18:36:48.932] remote.SSH.localServerDownload = auto
[18:36:48.932] remote.SSH.remoteServerListenOnSocket = false
[18:36:48.932] remote.SSH.defaultExtensions = []
[18:36:48.932] remote.SSH.defaultExtensionsIfInstalledLocally = []
[18:36:48.932] remote.SSH.loglevel = 2
[18:36:48.932] remote.SSH.enableDynamicForwarding = true
[18:36:48.932] remote.SSH.enableRemoteCommand = false
[18:36:48.933] remote.SSH.serverPickPortsFromRange = {}
[18:36:48.933] remote.SSH.serverInstallPath = {}
[18:36:48.933] remote.SSH.permitPtyAllocation = false
[18:36:48.933] remote.SSH.preferredLocalPortRange = undefined
[18:36:48.933] remote.SSH.useCurlAndWgetConfigurationFiles = false
[18:36:48.933] remote.SSH.experimental.chat = true
[18:36:48.933] remote.SSH.experimental.enhancedSessionLogs = true
[18:36:48.933] remote.SSH.httpProxy = {"*":""}
[18:36:48.934] remote.SSH.httpsProxy = {"*":""}
[18:36:48.949] SSH Resolver called for host: gr8server
[18:36:48.949] Setting up SSH remote "gr8server"
[18:36:48.964] Acquiring local install lock: /tmp/vscode-remote-ssh-f2cbcb6f-install.lock
[18:36:48.970] Looking for existing server data file at /home/mamz/.config/Code/User/globalStorage/ms-vscode-remote.remote-ssh/vscode-ssh-host-f2cbcb6f-7e7950df89d055b5a378379db9ee14290772148a-0.124.0-es/data.json
[18:36:48.970] No existing data file
[18:36:48.972] Using commit id "7e7950df89d055b5a378379db9ee14290772148a" and quality "stable" for server
[18:36:48.972] Extensions to install: 
[18:36:48.984] Install and start server if needed
[18:36:48.988] PATH: /home/mamz/.local/bin:/usr/local/sbin:/usr/local/bin:/usr/bin:/var/lib/flatpak/exports/bin:/usr/bin/site_perl:/usr/bin/vendor_perl:/usr/bin/core_perl:/usr/lib/rustup/bin
[18:36:48.989] Checking ssh with "ssh -V"
[18:36:49.014] > OpenSSH_10.3p1, OpenSSL 3.6.3 9 Jun 2026

[18:36:49.036] askpass server listening on /run/user/1000/vscode-ssh-askpass-bbb5a3847716efb81ca7f1b42c33651e8b2b063c.sock
[18:36:49.036] Spawning local server with {"serverId":1,"ipcHandlePath":"/run/user/1000/vscode-ssh-askpass-322d9f11ec9d06036f212bbaf7540c1336d3e1b9.sock","sshCommand":"ssh","sshArgs":["-v","-T","-D","36019","-o","ConnectTimeout=15","gr8server"],"serverDataFolderName":".vscode-server","dataFilePath":"/home/mamz/.config/Code/User/globalStorage/ms-vscode-remote.remote-ssh/vscode-ssh-host-f2cbcb6f-7e7950df89d055b5a378379db9ee14290772148a-0.124.0-es/data.json"}
[18:36:49.036] Local server env: {"SHELL":"/bin/fish","DISPLAY":":0","ELECTRON_RUN_AS_NODE":"1","SSH_ASKPASS":"/home/mamz/.vscode/extensions/ms-vscode-remote.remote-ssh-0.124.0/out/local-server/askpass.sh","VSCODE_SSH_ASKPASS_NODE":"/usr/share/code/code","VSCODE_SSH_ASKPASS_EXTRA_ARGS":"","VSCODE_SSH_ASKPASS_MAIN":"/home/mamz/.vscode/extensions/ms-vscode-remote.remote-ssh-0.124.0/out/askpass-main.js","VSCODE_SSH_ASKPASS_HANDLE":"/run/user/1000/vscode-ssh-askpass-bbb5a3847716efb81ca7f1b42c33651e8b2b063c.sock"}
[18:36:49.050] Spawned 68835
[18:36:49.051] Using connect timeout of 17 seconds
[18:36:49.466] > local-server-1> Running ssh connection command: ssh -v -T -D 36019 -o ConnectTimeout=15 gr8server
[18:36:49.478] > local-server-1> Spawned ssh, pid=68879
[18:36:49.573] stderr> (node:68835) [DEP0169] DeprecationWarning: `url.parse()` behavior is not standardized and prone to errors that have security implications. Use the WHATWG URL API instead. CVEs are not issued for `url.parse()` vulnerabilities.
[18:36:49.573] stderr> (Use `code --trace-deprecation ...` to show where the warning was created)
[18:36:50.387] stderr> debug1: Server host key: ssh-ed25519 SHA256:nns5KkN5pKdWXUxBPsWaYn3VNu4LcsOrCXcStRk/gNU
[18:36:51.320] stderr> Authenticated to 192.168.2.53 ([192.168.2.53]:22) using "publickey".
[18:37:06.051] Terminating local server
[18:37:06.056] Resolver error: Error: Connecting with SSH timed out
    at y.Timeout (/home/mamz/.vscode/extensions/ms-vscode-remote.remote-ssh-0.124.0/out/extension.js:2:722379)
    at Timeout._onTimeout (/home/mamz/.vscode/extensions/ms-vscode-remote.remote-ssh-0.124.0/out/extension.js:2:783568)
    at listOnTimeout (node:internal/timers:605:17)
    at process.processTimers (node:internal/timers:541:7)
[18:37:06.066] ------




[18:37:06.066]  ---------- [Session Summary] ----------- 
[18:37:06.066] [Timeout]: Error: Timeout (Connecting with SSH timed out)
[18:37:06.066]  ---------------------------------------- 
[18:37:06.068] Local server exit: 15
[18:37:08.507] Terminal closed
