[11:42:13.230] Log Level: 2
[11:42:13.254] VS Code version: 1.126.0
[11:42:13.254] Remote-SSH version: remote-ssh@0.124.0
[11:42:13.254] linux x64
[11:42:13.261] SSH Resolver called for "ssh-remote+gr8server", attempt 1
[11:42:13.267] remote.SSH.useLocalServer = true
[11:42:13.267] remote.SSH.useExecServer = true
[11:42:13.268] remote.SSH.bindHost = {}
[11:42:13.268] remote.SSH.path = 
[11:42:13.268] remote.SSH.configFile = 
[11:42:13.268] remote.SSH.useFlock = true
[11:42:13.268] remote.SSH.lockfilesInTmp = false
[11:42:13.268] remote.SSH.localServerDownload = auto
[11:42:13.269] remote.SSH.remoteServerListenOnSocket = false
[11:42:13.269] remote.SSH.defaultExtensions = []
[11:42:13.269] remote.SSH.defaultExtensionsIfInstalledLocally = []
[11:42:13.269] remote.SSH.loglevel = 2
[11:42:13.269] remote.SSH.enableDynamicForwarding = true
[11:42:13.269] remote.SSH.enableRemoteCommand = false
[11:42:13.269] remote.SSH.serverPickPortsFromRange = {}
[11:42:13.270] remote.SSH.serverInstallPath = {}
[11:42:13.270] remote.SSH.permitPtyAllocation = false
[11:42:13.270] remote.SSH.preferredLocalPortRange = undefined
[11:42:13.270] remote.SSH.useCurlAndWgetConfigurationFiles = false
[11:42:13.270] remote.SSH.experimental.chat = true
[11:42:13.271] remote.SSH.experimental.enhancedSessionLogs = true
[11:42:13.271] remote.SSH.httpProxy = {"*":""}
[11:42:13.271] remote.SSH.httpsProxy = {"*":""}
[11:42:13.283] SSH Resolver called for host: gr8server
[11:42:13.283] Setting up SSH remote "gr8server"
[11:42:13.291] Acquiring local install lock: /tmp/vscode-remote-ssh-f2cbcb6f-install.lock
[11:42:13.291] Looking for existing server data file at /home/mamz/.config/Code/User/globalStorage/ms-vscode-remote.remote-ssh/vscode-ssh-host-f2cbcb6f-7e7950df89d055b5a378379db9ee14290772148a-0.124.0-es/data.json
[11:42:13.292] Found existing data file
[11:42:13.292] Found local server running: {"remoteListeningOn":{"port":13947},"osReleaseId":"ubuntu","arch":"x86_64","sshAuthSock":"","display":"","tmpDir":"/run/user/1000","platform":"linux","execServerToken":"a91caefc-9ec8-4e57-bce9-4cce126b7f5c","pid":5113,"ipcHandlePath":"/run/user/1000/vscode-ssh-askpass-87962d6b008923d7c8a265634bddb30358970fbd.sock","socksPort":38751,"startupTime":1782488522396}
[11:42:13.300] Found running server - short-circuiting install
[11:42:13.303] Starting forwarding server. local port 45915 -> socksPort 38751 -> remotePort 13947
[11:42:13.304] Forwarding server listening on port 45915
[11:42:13.304] Waiting for ssh tunnel to be ready
[11:42:13.305] [Forwarding server port 45915] Got connection 0
[11:42:13.307] Tunneled port 13947 to local port 45915
[11:42:13.307] Resolved "ssh-remote+gr8server" to "port 45915"
[11:42:13.313] Initizing new exec server for ssh-remote+gr8server
[11:42:13.313] Resolving exec server at port 45915
[11:42:13.314] [Forwarding server port 45915] Got connection 1
[11:42:13.614] Exec server for ssh-remote+gr8server created and cached
[11:42:13.614] Extensions to install: 
[11:42:13.624] ------




[11:42:13.625] No hints found in the recent session.
[11:42:13.733] [server] Checking /home/mamz/.vscode-server/cli/servers/Stable-7e7950df89d055b5a378379db9ee14290772148a/log.txt and /home/mamz/.vscode-server/cli/servers/Stable-7e7950df89d055b5a378379db9ee14290772148a/pid.txt for a running server...
[11:42:13.818] [server] Found running server (pid=915362)
