[18:50:54.780] Log Level: 2
[18:50:54.836] SSH Resolver called for "ssh-remote+gr8server", attempt 1
[18:50:54.844] remote.SSH.useLocalServer = true
[18:50:54.844] remote.SSH.useExecServer = true
[18:50:54.844] remote.SSH.bindHost = {}
[18:50:54.844] remote.SSH.path = 
[18:50:54.845] remote.SSH.configFile = 
[18:50:54.845] remote.SSH.useFlock = true
[18:50:54.845] remote.SSH.lockfilesInTmp = false
[18:50:54.845] remote.SSH.localServerDownload = auto
[18:50:54.845] remote.SSH.remoteServerListenOnSocket = false
[18:50:54.846] remote.SSH.defaultExtensions = []
[18:50:54.846] remote.SSH.defaultExtensionsIfInstalledLocally = []
[18:50:54.846] remote.SSH.loglevel = 2
[18:50:54.846] remote.SSH.enableDynamicForwarding = true
[18:50:54.846] remote.SSH.enableRemoteCommand = false
[18:50:54.846] remote.SSH.serverPickPortsFromRange = {}
[18:50:54.846] remote.SSH.serverInstallPath = {}
[18:50:54.847] remote.SSH.permitPtyAllocation = false
[18:50:54.847] remote.SSH.preferredLocalPortRange = undefined
[18:50:54.847] remote.SSH.useCurlAndWgetConfigurationFiles = false
[18:50:54.847] remote.SSH.experimental.chat = true
[18:50:54.847] remote.SSH.experimental.enhancedSessionLogs = true
[18:50:54.847] remote.SSH.httpProxy = {"*":""}
[18:50:54.848] remote.SSH.httpsProxy = {"*":""}
[18:50:54.856] VS Code version: 1.126.0
[18:50:54.856] Remote-SSH version: remote-ssh@0.124.0
[18:50:54.857] linux x64
[18:50:54.870] SSH Resolver called for host: gr8server
[18:50:54.870] Setting up SSH remote "gr8server"
[18:50:54.879] Acquiring local install lock: /tmp/vscode-remote-ssh-f2cbcb6f-install.lock
[18:50:54.881] Looking for existing server data file at /home/mamz/.config/Code/User/globalStorage/ms-vscode-remote.remote-ssh/vscode-ssh-host-f2cbcb6f-7e7950df89d055b5a378379db9ee14290772148a-0.124.0-es/data.json
[18:50:54.881] No existing data file
[18:50:54.882] Using commit id "7e7950df89d055b5a378379db9ee14290772148a" and quality "stable" for server
[18:50:54.882] Extensions to install: 
[18:50:54.890] Install and start server if needed
[18:50:54.894] PATH: /home/mamz/.local/bin:/home/mamz/.local/bin:/usr/local/sbin:/usr/local/bin:/usr/bin:/var/lib/flatpak/exports/bin:/usr/bin/site_perl:/usr/bin/vendor_perl:/usr/bin/core_perl:/usr/lib/rustup/bin
[18:50:54.894] Checking ssh with "ssh -V"
[18:50:54.906] > OpenSSH_10.3p1, OpenSSL 3.6.3 9 Jun 2026

[18:50:54.912] askpass server listening on /run/user/1000/vscode-ssh-askpass-16f23b49743b33f03faa8ecc5cb819578d15a7d1.sock
[18:50:54.912] Spawning local server with {"serverId":1,"ipcHandlePath":"/run/user/1000/vscode-ssh-askpass-cac6194880d594f37a2942ee07f970e4713ca631.sock","sshCommand":"ssh","sshArgs":["-v","-T","-D","40891","-o","ConnectTimeout=15","gr8server"],"serverDataFolderName":".vscode-server","dataFilePath":"/home/mamz/.config/Code/User/globalStorage/ms-vscode-remote.remote-ssh/vscode-ssh-host-f2cbcb6f-7e7950df89d055b5a378379db9ee14290772148a-0.124.0-es/data.json"}
[18:50:54.912] Local server env: {"SHELL":"/bin/fish","DISPLAY":":0","ELECTRON_RUN_AS_NODE":"1","SSH_ASKPASS":"/home/mamz/.vscode/extensions/ms-vscode-remote.remote-ssh-0.124.0/out/local-server/askpass.sh","VSCODE_SSH_ASKPASS_NODE":"/usr/share/code/code","VSCODE_SSH_ASKPASS_EXTRA_ARGS":"","VSCODE_SSH_ASKPASS_MAIN":"/home/mamz/.vscode/extensions/ms-vscode-remote.remote-ssh-0.124.0/out/askpass-main.js","VSCODE_SSH_ASKPASS_HANDLE":"/run/user/1000/vscode-ssh-askpass-16f23b49743b33f03faa8ecc5cb819578d15a7d1.sock"}
[18:50:54.922] Spawned 70120
[18:50:54.923] Using connect timeout of 17 seconds
[18:50:55.069] > local-server-1> Running ssh connection command: ssh -v -T -D 40891 -o ConnectTimeout=15 gr8server
[18:50:55.080] > local-server-1> Spawned ssh, pid=70128
[18:50:55.209] stderr> debug1: Server host key: ssh-ed25519 SHA256:nns5KkN5pKdWXUxBPsWaYn3VNu4LcsOrCXcStRk/gNU
[18:50:55.325] stderr> Authenticated to 192.168.2.53 ([192.168.2.53]:22) using "publickey".
[18:50:55.440] stderr> (node:70120) [DEP0169] DeprecationWarning: `url.parse()` behavior is not standardized and prone to errors that have security implications. Use the WHATWG URL API instead. CVEs are not issued for `url.parse()` vulnerabilities.
[18:50:55.441] stderr> (Use `code --trace-deprecation ...` to show where the warning was created)
[18:51:00.938] stderr> Warning: remote port forwarding failed for listen port 18339
[18:51:00.946] > Welcome to Ubuntu 22.04.5 LTS (GNU/Linux 5.15.0-181-generic x86_64)
> 
>  * Documentation:  https://help.ubuntu.com
>  * Management:     https://landscape.canonical.com
>  * Support:        https://ubuntu.com/pro
> 
>  System information as of Fri Jun 26 06:50:54 PM EDT 2026
> 
>   System load:  0.96                Temperature:             47.0 C
>   Usage of /:   30.0% of 914.78GB   Processes:               503
>   Memory usage: 61%                 Users logged in:         1
>   Swap usage:   4%                  IPv4 address for wlp1s0: 192.168.2.53
> 
>  * Strictly confined Kubernetes makes edge and IoT secure. Learn how MicroK8s
>    just raised the bar for easy, resilient and secure K8s cluster deployment.
> 
>    https://ubuntu.com/engage/secure-kubernetes-at-the-edge
> 
> Expanded Security Maintenance for Applications is not enabled.
> 
> 36 updates can be applied immediately.
> 1 of these updates is a standard security update.
> To see these additional updates run: apt list --upgradable
> 
> 47 additional security updates can be applied with ESM Apps.
> Learn more about enabling ESM Apps service at https://ubuntu.com/esm
> 
> New release '24.04.4 LTS' available.
> Run 'do-release-upgrade' to upgrade to it.
> 
[18:51:00.959] > ready: 7bf4567f6f6c
[18:51:00.978] > Linux 5.15.0-181-generic #191-Ubuntu SMP Fri May 22 19:09:02 UTC 2026
[18:51:00.980] Platform: linux
[18:51:00.986] > /bin/bash
[18:51:00.986] Parent Shell: bash
[18:51:00.986] Parent Shell pid: 70120
[18:51:00.987] Waiting for subshell to start
[18:51:00.994] > 1005145
[18:51:00.995] stdout -> '1005145'
[18:51:00.996] sub-process detected
[18:51:01.012] > 7bf4567f6f6c: running
> Script executing under PID: 1005145
[18:51:01.041] > Found existing installation at /home/mamz/.vscode-server...
> Starting VS Code CLI...
[18:51:01.045] > Removing old logfile at /home/mamz/.vscode-server/.cli.7e7950df89d055b5a378379db9ee14290772148a.log
[18:51:01.063] > Spawned remote CLI: 1005163
[18:51:01.065] > Waiting for server log...
[18:51:01.099] > Waiting for server log...
[18:51:01.134] > Waiting for server log...
[18:51:01.174] > 7bf4567f6f6c: start
> listeningOn==127.0.0.1:15603==
> osReleaseId==ubuntu==
> arch==x86_64==
> vscodeArch==x64==
> bitness==64==
> tmpDir==/run/user/1000==
> platform==linux==
> unpackResult====
> didLocalDownload==0==
[18:51:01.175] > downloadTime====
> installTime====
> serverStartTime==127==
> execServerToken==1a11a1aa-1a11-1aa1-1111-aa1a1a11a11a==
> platformDownloadPath==cli-alpine-x64==
> SSH_AUTH_SOCK====
> DISPLAY====
> 7bf4567f6f6c: end
[18:51:01.175] Received install output: 
listeningOn==127.0.0.1:15603==
osReleaseId==ubuntu==
arch==x86_64==
vscodeArch==x64==
bitness==64==
tmpDir==/run/user/1000==
platform==linux==
unpackResult====
didLocalDownload==0==downloadTime====
installTime====
serverStartTime==127==
execServerToken==1a11a1aa-1a11-1aa1-1111-aa1a1a11a11a==
platformDownloadPath==cli-alpine-x64==
SSH_AUTH_SOCK====
DISPLAY====

[18:51:01.176] Remote server is listening on port 15603
[18:51:01.176] Parsed server configuration: {"serverConfiguration":{"remoteListeningOn":{"port":15603},"osReleaseId":"ubuntu","arch":"x86_64","sshAuthSock":"","display":"","tmpDir":"/run/user/1000","platform":"linux","execServerToken":"1a11a1aa-1a11-1aa1-1111-aa1a1a11a11a"},"serverStartTime":127,"installUnpackCode":""}
[18:51:01.177] Persisting server connection details to /home/mamz/.config/Code/User/globalStorage/ms-vscode-remote.remote-ssh/vscode-ssh-host-f2cbcb6f-7e7950df89d055b5a378379db9ee14290772148a-0.124.0-es/data.json
[18:51:01.179] Starting forwarding server. local port 42525 -> socksPort 40891 -> remotePort 15603
[18:51:01.180] Forwarding server listening on port 42525
[18:51:01.180] Waiting for ssh tunnel to be ready
[18:51:01.182] [Forwarding server port 42525] Got connection 0
[18:51:01.183] Tunneled port 15603 to local port 42525
[18:51:01.183] Resolved "ssh-remote+gr8server" to "port 42525"
[18:51:01.195] Initizing new exec server for ssh-remote+gr8server
[18:51:01.195] Resolving exec server at port 42525
[18:51:01.197] [Forwarding server port 42525] Got connection 1
[18:51:01.260] Exec server for ssh-remote+gr8server created and cached
[18:51:01.261] Extensions to install: 
[18:51:01.290] ------




[18:51:01.291] No hints found in the recent session.
[18:51:01.397] [server] Checking /home/mamz/.vscode-server/cli/servers/Stable-7e7950df89d055b5a378379db9ee14290772148a/log.txt and /home/mamz/.vscode-server/cli/servers/Stable-7e7950df89d055b5a378379db9ee14290772148a/pid.txt for a running server...
[18:51:01.413] [server] Found running server (pid=915362)
