[11:42:02.301] Log Level: 2
[11:42:02.320] SSH Resolver called for "ssh-remote+gr8server", attempt 1
[11:42:02.326] remote.SSH.useLocalServer = true
[11:42:02.326] remote.SSH.useExecServer = true
[11:42:02.327] remote.SSH.bindHost = {}
[11:42:02.327] remote.SSH.path = 
[11:42:02.327] remote.SSH.configFile = 
[11:42:02.327] remote.SSH.useFlock = true
[11:42:02.327] remote.SSH.lockfilesInTmp = false
[11:42:02.327] remote.SSH.localServerDownload = auto
[11:42:02.328] remote.SSH.remoteServerListenOnSocket = false
[11:42:02.328] remote.SSH.defaultExtensions = []
[11:42:02.328] remote.SSH.defaultExtensionsIfInstalledLocally = []
[11:42:02.328] remote.SSH.loglevel = 2
[11:42:02.328] remote.SSH.enableDynamicForwarding = true
[11:42:02.328] remote.SSH.enableRemoteCommand = false
[11:42:02.329] remote.SSH.serverPickPortsFromRange = {}
[11:42:02.329] remote.SSH.serverInstallPath = {}
[11:42:02.329] remote.SSH.permitPtyAllocation = false
[11:42:02.329] remote.SSH.preferredLocalPortRange = undefined
[11:42:02.329] remote.SSH.useCurlAndWgetConfigurationFiles = false
[11:42:02.329] remote.SSH.experimental.chat = true
[11:42:02.330] remote.SSH.experimental.enhancedSessionLogs = true
[11:42:02.330] remote.SSH.httpProxy = {"*":""}
[11:42:02.330] remote.SSH.httpsProxy = {"*":""}
[11:42:02.346] VS Code version: 1.126.0
[11:42:02.346] Remote-SSH version: remote-ssh@0.124.0
[11:42:02.347] linux x64
[11:42:02.349] SSH Resolver called for host: gr8server
[11:42:02.349] Setting up SSH remote "gr8server"
[11:42:02.361] Acquiring local install lock: /tmp/vscode-remote-ssh-f2cbcb6f-install.lock
[11:42:02.364] Looking for existing server data file at /home/mamz/.config/Code/User/globalStorage/ms-vscode-remote.remote-ssh/vscode-ssh-host-f2cbcb6f-7e7950df89d055b5a378379db9ee14290772148a-0.124.0-es/data.json
[11:42:02.364] No existing data file
[11:42:02.365] Using commit id "7e7950df89d055b5a378379db9ee14290772148a" and quality "stable" for server
[11:42:02.365] Extensions to install: 
[11:42:02.373] Install and start server if needed
[11:42:02.377] PATH: /home/mamz/.local/bin:/usr/local/sbin:/usr/local/bin:/usr/bin:/var/lib/flatpak/exports/bin:/usr/bin/site_perl:/usr/bin/vendor_perl:/usr/bin/core_perl:/usr/lib/rustup/bin
[11:42:02.377] Checking ssh with "ssh -V"
[11:42:02.388] > OpenSSH_10.3p1, OpenSSL 3.6.3 9 Jun 2026

[11:42:02.392] askpass server listening on /run/user/1000/vscode-ssh-askpass-5e50fbabfa1aa17f433e9f9308162fd4ab45d64a.sock
[11:42:02.393] Spawning local server with {"serverId":1,"ipcHandlePath":"/run/user/1000/vscode-ssh-askpass-87962d6b008923d7c8a265634bddb30358970fbd.sock","sshCommand":"ssh","sshArgs":["-v","-T","-D","38751","-o","ConnectTimeout=15","gr8server"],"serverDataFolderName":".vscode-server","dataFilePath":"/home/mamz/.config/Code/User/globalStorage/ms-vscode-remote.remote-ssh/vscode-ssh-host-f2cbcb6f-7e7950df89d055b5a378379db9ee14290772148a-0.124.0-es/data.json"}
[11:42:02.393] Local server env: {"SHELL":"/bin/fish","DISPLAY":":0","ELECTRON_RUN_AS_NODE":"1","SSH_ASKPASS":"/home/mamz/.vscode/extensions/ms-vscode-remote.remote-ssh-0.124.0/out/local-server/askpass.sh","VSCODE_SSH_ASKPASS_NODE":"/usr/share/code/code","VSCODE_SSH_ASKPASS_EXTRA_ARGS":"","VSCODE_SSH_ASKPASS_MAIN":"/home/mamz/.vscode/extensions/ms-vscode-remote.remote-ssh-0.124.0/out/askpass-main.js","VSCODE_SSH_ASKPASS_HANDLE":"/run/user/1000/vscode-ssh-askpass-5e50fbabfa1aa17f433e9f9308162fd4ab45d64a.sock"}
[11:42:02.396] Spawned 5113
[11:42:02.396] Using connect timeout of 17 seconds
[11:42:02.515] > local-server-1> Running ssh connection command: ssh -v -T -D 38751 -o ConnectTimeout=15 gr8server
[11:42:02.518] > local-server-1> Spawned ssh, pid=5121
[11:42:02.863] stderr> debug1: Server host key: ssh-ed25519 SHA256:nns5KkN5pKdWXUxBPsWaYn3VNu4LcsOrCXcStRk/gNU
[11:42:02.909] stderr> (node:5113) [DEP0169] DeprecationWarning: `url.parse()` behavior is not standardized and prone to errors that have security implications. Use the WHATWG URL API instead. CVEs are not issued for `url.parse()` vulnerabilities.
[11:42:02.909] stderr> (Use `code --trace-deprecation ...` to show where the warning was created)
[11:42:03.038] stderr> Authenticated to 192.168.2.53 ([192.168.2.53]:22) using "publickey".
[11:42:04.624] > Welcome to Ubuntu 22.04.5 LTS (GNU/Linux 5.15.0-181-generic x86_64)
> 
>  * Documentation:  https://help.ubuntu.com
>  * Management:     https://landscape.canonical.com
>  * Support:        https://ubuntu.com/pro
> 
>  System information as of Fri Jun 26 11:42:02 AM EDT 2026
> 
>   System load:  0.24                Temperature:             41.0 C
>   Usage of /:   29.9% of 914.78GB   Processes:               477
>   Memory usage: 62%                 Users logged in:         1
>   Swap usage:   3%                  IPv4 address for wlp1s0: 192.168.2.53
> 
>  * Strictly confined Kubernetes makes edge and IoT secure. Learn how MicroK8s
>    just raised the bar for easy, resilient and secure K8s cluster deployment.
> 
>    https://ubuntu.com/engage/secure-kubernetes-at-the-edge
> 
> Expanded Security Maintenance for Applications is not enabled.
> 
> 36 updates can be applied immediately.
> 1 of these updates is a standard security update.
> To see these additional updates run: apt list --upgradable
> 
> 47 additional security updates can be applied with ESM Apps.
> Learn more about enabling ESM Apps service at https://ubuntu.com/esm
> 
[11:42:04.673] > ready: b78b81735068
[11:42:04.685] > Linux 5.15.0-181-generic #191-Ubuntu SMP Fri May 22 19:09:02 UTC 2026
[11:42:04.685] Platform: linux
[11:42:04.689] > /bin/bash
[11:42:04.689] Parent Shell: bash
[11:42:04.689] Parent Shell pid: 5113
[11:42:04.691] Waiting for subshell to start
[11:42:04.699] > 915306
[11:42:04.699] stdout -> '915306'
[11:42:04.699] sub-process detected
[11:42:04.715] > b78b81735068: running
> Script executing under PID: 915306
[11:42:04.731] > Found existing installation at /home/mamz/.vscode-server...
> Starting VS Code CLI...
[11:42:04.733] > Removing old logfile at /home/mamz/.vscode-server/.cli.7e7950df89d055b5a378379db9ee14290772148a.log
[11:42:04.738] > Spawned remote CLI: 915325
[11:42:04.745] > Waiting for server log...
[11:42:04.797] > Waiting for server log...
[11:42:04.832] > Waiting for server log...
[11:42:04.870] > b78b81735068: start
> listeningOn==127.0.0.1:13947==
> osReleaseId==ubuntu==
> arch==x86_64==
> vscodeArch==x64==
> bitness==64==
> tmpDir==/run/user/1000==
> platform==linux==
> unpackResult====
> didLocalDownload==0==
> downloadTime====
> installTime====
> serverStartTime==136==
> execServerToken==a11aaaaa-1aa1-1a11-aaa1-1aaa111a1a1a==
> platformDownloadPath==cli-alpine-x64==
> SSH_AUTH_SOCK====
> DISPLAY====
> b78b81735068: end
[11:42:04.870] Received install output: 
listeningOn==127.0.0.1:13947==
osReleaseId==ubuntu==
arch==x86_64==
vscodeArch==x64==
bitness==64==
tmpDir==/run/user/1000==
platform==linux==
unpackResult====
didLocalDownload==0==
downloadTime====
installTime====
serverStartTime==136==
execServerToken==a11aaaaa-1aa1-1a11-aaa1-1aaa111a1a1a==
platformDownloadPath==cli-alpine-x64==
SSH_AUTH_SOCK====
DISPLAY====

[11:42:04.871] Remote server is listening on port 13947
[11:42:04.871] Parsed server configuration: {"serverConfiguration":{"remoteListeningOn":{"port":13947},"osReleaseId":"ubuntu","arch":"x86_64","sshAuthSock":"","display":"","tmpDir":"/run/user/1000","platform":"linux","execServerToken":"a11aaaaa-1aa1-1a11-aaa1-1aaa111a1a1a"},"serverStartTime":136,"installUnpackCode":""}
[11:42:04.872] Persisting server connection details to /home/mamz/.config/Code/User/globalStorage/ms-vscode-remote.remote-ssh/vscode-ssh-host-f2cbcb6f-7e7950df89d055b5a378379db9ee14290772148a-0.124.0-es/data.json
[11:42:04.875] Starting forwarding server. local port 38359 -> socksPort 38751 -> remotePort 13947
[11:42:04.875] Forwarding server listening on port 38359
[11:42:04.876] Waiting for ssh tunnel to be ready
[11:42:04.877] [Forwarding server port 38359] Got connection 0
[11:42:04.879] Tunneled port 13947 to local port 38359
[11:42:04.879] Resolved "ssh-remote+gr8server" to "port 38359"
[11:42:04.887] Initizing new exec server for ssh-remote+gr8server
[11:42:04.887] Resolving exec server at port 38359
[11:42:04.889] [Forwarding server port 38359] Got connection 1
[11:42:04.974] Exec server for ssh-remote+gr8server created and cached
[11:42:04.974] Extensions to install: 
[11:42:04.984] ------




[11:42:04.984] No hints found in the recent session.
[11:42:05.054] [server] Checking /home/mamz/.vscode-server/cli/servers/Stable-7e7950df89d055b5a378379db9ee14290772148a/log.txt and /home/mamz/.vscode-server/cli/servers/Stable-7e7950df89d055b5a378379db9ee14290772148a/pid.txt for a running server...
[11:42:05.055] [server] Installing and setting up Visual Studio Code Server...
[11:42:05.055] [server] Server setup complete
[11:42:05.084] [server] Starting server...
[11:42:05.133] [server] Starting server with command... Command { std: "/home/mamz/.vscode-server/cli/servers/Stable-7e7950df89d055b5a378379db9ee14290772148a/server/bin/code-server" "--connection-token=remotessh" "--accept-server-license-terms" "--agent-host-bridge-port=19643" "--agent-host-bridge-host=127.0.0.1" "--agent-host-bridge-connection-token=cac83144-1ba1-4ce6-b79c-9797cde9b4c1" "--start-server" "--enable-remote-auto-shutdown" "--socket-path=/tmp/code-70605b96-5329-4c41-bf89-d0f3c1b15933", kill_on_drop: false }
[11:42:05.398] [server] *
[11:42:05.399] [server] * Visual Studio Code Server
[11:42:05.399] [server] *
[11:42:05.399] [server] * By using the software, you agree to
[11:42:05.399] [server] * the Visual Studio Code Server License Terms (https://aka.ms/vscode-server-license) and
[11:42:05.400] [server] * the Microsoft Privacy Statement (https://privacy.microsoft.com/en-US/privacystatement).
[11:42:05.404] [server] Server bound to /tmp/code-70605b96-5329-4c41-bf89-d0f3c1b15933
[11:42:05.404] [server] Extension host agent listening on /tmp/code-70605b96-5329-4c41-bf89-d0f3c1b15933
[11:42:05.405] [server] parsed location: "/tmp/code-70605b96-5329-4c41-bf89-d0f3c1b15933"
[11:42:05.405] [server] 
[11:42:05.405] [server] Server started
[11:42:05.569] [server] [11:42:05] 
[11:42:05.610] [server] 
[11:42:05.610] [server] 
[11:42:05.611] [server] 
[11:42:06.052] [server] [reconnection-grace-time] No CLI argument provided, using default: 10800000ms (10800s)
[11:42:06.052] [server] [11:42:05] [AgentHostChannel] Registered IPC channel 'agentHostProxy' (upstream: 127.0.0.1:19643)
[11:42:06.105] [server] [11:42:05] Extension host agent started.
[11:42:06.424] [server] (node:915366) [DEP0169] DeprecationWarning: `url.parse()` behavior is not standardized and prone to errors that have security implications. Use the WHATWG URL API instead. CVEs are not issued for `url.parse()` vulnerabilities.
[11:42:06.469] [server] (Use `node --trace-deprecation ...` to show where the warning was created)
[11:42:06.486] [server] [11:42:06] [<unknown>][f02e662b][ManagementConnection] New connection established.
[11:42:06.531] [server] [11:42:06] [<unknown>][7ad2e0c9][ExtensionHostConnection] New connection established.
[11:42:06.531] [server] [11:42:06] [<unknown>][7ad2e0c9][ExtensionHostConnection] Starting extension host process...
[11:42:08.302] [server] [11:42:08] [<unknown>][7ad2e0c9][ExtensionHostConnection] <915473> Launched Extension Host Process.
[11:42:09.378] [server] [11:42:08] [<unknown>][7ad2e0c9][ExtensionHostConnection] <915473> [reconnection-grace-time] Extension host: read VSCODE_RECONNECTION_GRACE_TIME=10800000ms (10800s)
[11:42:09.378] [server] 
[11:42:10.473] [server] rejected promise not handled within 1 second: CodeExpectedError: Could not find pty 4 on pty host
[11:42:10.473] [server] stack trace: CodeExpectedError: Could not find pty 4 on pty host
[11:42:10.474] [server]     at U._throwIfNoPty (file:///home/mamz/.vscode-server/cli/servers/Stable-7e7950df89d055b5a378379db9ee14290772148a/server/out/vs/platform/terminal/node/ptyHostMain.js:450:7638)
[11:42:10.474] [server]     at U.updateTitle (file:///home/mamz/.vscode-server/cli/servers/Stable-7e7950df89d055b5a378379db9ee14290772148a/server/out/vs/platform/terminal/node/ptyHostMain.js:450:2083)
[11:42:10.474] [server] [11:42:10] Error [CodeExpectedError]: Could not find pty 4 on pty host
[11:42:10.474] [server]     at U._throwIfNoPty (file:///home/mamz/.vscode-server/cli/servers/Stable-7e7950df89d055b5a378379db9ee14290772148a/server/out/vs/platform/terminal/node/ptyHostMain.js:450:7638)
[11:42:10.474] [server]     at U.updateTitle (file:///home/mamz/.vscode-server/cli/servers/Stable-7e7950df89d055b5a378379db9ee14290772148a/server/out/vs/platform/terminal/node/ptyHostMain.js:450:2083)
[11:42:10.474] [server]     at V.t.<computed> (file:///home/mamz/.vscode-server/cli/servers/Stable-7e7950df89d055b5a378379db9ee14290772148a/server/out/vs/platform/terminal/node/ptyHostMain.js:449:3804)
[11:42:10.475] [server] rejected promise not handled within 1 second: CodeExpectedError: Could not find pty 4 on pty host
[11:42:10.475] [server] stack trace: CodeExpectedError: Could not find pty 4 on pty host
[11:42:10.475] [server]     at U._throwIfNoPty (file:///home/mamz/.vscode-server/cli/servers/Stable-7e7950df89d055b5a378379db9ee14290772148a/server/out/vs/platform/terminal/node/ptyHostMain.js:450:7638)
[11:42:10.475] [server]     at U.updateIcon (file:///home/mamz/.vscode-server/cli/servers/Stable-7e7950df89d055b5a378379db9ee14290772148a/server/out/vs/platform/terminal/node/ptyHostMain.js:450:2145)
[11:42:10.475] [server] [11:42:10] Error [CodeExpectedError]: Could not find pty 4 on pty host
[11:42:10.475] [server]     at U._throwIfNoPty (file:///home/mamz/.vscode-server/cli/servers/Stable-7e7950df89d055b5a378379db9ee14290772148a/server/out/vs/platform/terminal/node/ptyHostMain.js:450:7638)
[11:42:10.475] [server]     at U.updateIcon (file:///home/mamz/.vscode-server/cli/servers/Stable-7e7950df89d055b5a378379db9ee14290772148a/server/out/vs/platform/terminal/node/ptyHostMain.js:450:2145)
[11:42:10.476] [server]     at V.t.<computed> (file:///home/mamz/.vscode-server/cli/servers/Stable-7e7950df89d055b5a378379db9ee14290772148a/server/out/vs/platform/terminal/node/ptyHostMain.js:449:3804)
