2026-06-25 20:23:56.477 [info] [aebc6443-996d-45c2-90f0-388ff96faa56] Native Broker enabled: false
2026-06-25 20:23:56.483 [info] [getSessions] [all] starting
2026-06-25 20:23:56.483 [info] [getSessions] [all] returned 0 session(s)
2026-06-25 20:23:56.483 [info] [getSessions] [all] starting
2026-06-25 20:23:56.483 [info] [getSessions] [all] returned 0 session(s)
2026-06-25 20:23:56.483 [info] [getSessions] [all] starting
2026-06-25 20:23:56.483 [info] [getSessions] [all] returned 0 session(s)
2026-06-25 20:23:56.562 [info] [getSessions] [499b84ac-1321-427f-aa17-267ca6975798/.default offline_access] starting
2026-06-25 20:23:56.562 [info] [aebc6443-996d-45c2-90f0-388ff96faa56] Native Broker enabled: false
2026-06-25 20:23:56.565 [info] [getSessions] [499b84ac-1321-427f-aa17-267ca6975798/.default offline_access] returned 0 session(s)
2026-06-25 20:24:00.657 [info] Microsoft Authentication is deactivating...
2026-06-25 20:24:03.985 [info] [aebc6443-996d-45c2-90f0-388ff96faa56] Native Broker enabled: false
2026-06-25 20:24:03.992 [info] [getSessions] [all] starting
2026-06-25 20:24:03.992 [info] [getSessions] [all] returned 0 session(s)
2026-06-25 20:24:03.992 [info] [getSessions] [all] starting
2026-06-25 20:24:03.992 [info] [getSessions] [all] returned 0 session(s)
2026-06-25 20:24:03.992 [info] [getSessions] [all] starting
2026-06-25 20:24:03.992 [info] [getSessions] [all] returned 0 session(s)
2026-06-25 20:24:03.994 [info] [getSessions] [499b84ac-1321-427f-aa17-267ca6975798/.default offline_access] starting
2026-06-25 20:24:03.994 [info] [aebc6443-996d-45c2-90f0-388ff96faa56] Native Broker enabled: false
2026-06-25 20:24:03.997 [info] [getSessions] [499b84ac-1321-427f-aa17-267ca6975798/.default offline_access] returned 0 session(s)
2026-06-25 20:24:04.997 [info] [getSessions] [499b84ac-1321-427f-aa17-267ca6975798/.default offline_access] starting
2026-06-25 20:24:04.998 [info] [getSessions] [499b84ac-1321-427f-aa17-267ca6975798/.default offline_access] returned 0 session(s)
2026-06-25 20:24:36.923 [info] Microsoft Authentication is deactivating...
