2026-06-25 16:52:26.703 [info] [getSessions] [all] starting
2026-06-25 16:52:26.703 [info] [getSessions] [all] returned 0 session(s)
2026-06-25 16:52:26.703 [info] [getSessions] [all] starting
2026-06-25 16:52:26.703 [info] [getSessions] [all] returned 0 session(s)
2026-06-25 16:52:26.704 [info] [getSessions] [all] starting
2026-06-25 16:52:26.704 [info] [getSessions] [all] returned 0 session(s)
2026-06-25 16:52:26.708 [info] [getSessions] [499b84ac-1321-427f-aa17-267ca6975798/.default offline_access] starting
2026-06-25 16:52:26.708 [info] [aebc6443-996d-45c2-90f0-388ff96faa56] Native Broker enabled: false
2026-06-25 16:52:26.711 [info] [getSessions] [499b84ac-1321-427f-aa17-267ca6975798/.default offline_access] returned 0 session(s)
2026-06-25 16:52:27.550 [info] [getSessions] [499b84ac-1321-427f-aa17-267ca6975798/.default offline_access] starting
2026-06-25 16:52:27.550 [info] [getSessions] [499b84ac-1321-427f-aa17-267ca6975798/.default offline_access] returned 0 session(s)
2026-06-25 16:56:49.261 [info] Microsoft Authentication is deactivating...
2026-06-25 16:57:07.717 [info] [aebc6443-996d-45c2-90f0-388ff96faa56] Native Broker enabled: false
2026-06-25 16:57:07.722 [info] [getSessions] [all] starting
2026-06-25 16:57:07.722 [info] [getSessions] [all] returned 0 session(s)
2026-06-25 16:57:07.722 [info] [getSessions] [all] starting
2026-06-25 16:57:07.722 [info] [getSessions] [all] returned 0 session(s)
2026-06-25 16:57:07.722 [info] [getSessions] [all] starting
2026-06-25 16:57:07.722 [info] [getSessions] [all] returned 0 session(s)
2026-06-25 16:57:07.963 [info] [getSessions] [499b84ac-1321-427f-aa17-267ca6975798/.default offline_access] starting
2026-06-25 16:57:07.963 [info] [aebc6443-996d-45c2-90f0-388ff96faa56] Native Broker enabled: false
2026-06-25 16:57:07.980 [info] [getSessions] [499b84ac-1321-427f-aa17-267ca6975798/.default offline_access] returned 0 session(s)
2026-06-25 16:57:12.992 [info] [getSessions] [499b84ac-1321-427f-aa17-267ca6975798/.default offline_access] starting
2026-06-25 16:57:12.993 [info] [getSessions] [499b84ac-1321-427f-aa17-267ca6975798/.default offline_access] returned 0 session(s)
2026-06-25 16:57:16.130 [info] Microsoft Authentication is deactivating...
2026-06-25 16:57:23.454 [info] [aebc6443-996d-45c2-90f0-388ff96faa56] Native Broker enabled: false
2026-06-25 16:57:23.461 [info] [getSessions] [all] starting
2026-06-25 16:57:23.461 [info] [getSessions] [all] returned 0 session(s)
2026-06-25 16:57:23.461 [info] [getSessions] [all] starting
2026-06-25 16:57:23.461 [info] [getSessions] [all] returned 0 session(s)
2026-06-25 16:57:23.461 [info] [getSessions] [all] starting
2026-06-25 16:57:23.461 [info] [getSessions] [all] returned 0 session(s)
2026-06-25 16:57:23.560 [info] [getSessions] [499b84ac-1321-427f-aa17-267ca6975798/.default offline_access] starting
2026-06-25 16:57:23.560 [info] [aebc6443-996d-45c2-90f0-388ff96faa56] Native Broker enabled: false
2026-06-25 16:57:23.574 [info] [getSessions] [499b84ac-1321-427f-aa17-267ca6975798/.default offline_access] returned 0 session(s)
2026-06-25 16:57:27.504 [info] [getSessions] [499b84ac-1321-427f-aa17-267ca6975798/.default offline_access] starting
2026-06-25 16:57:27.504 [info] [getSessions] [499b84ac-1321-427f-aa17-267ca6975798/.default offline_access] returned 0 session(s)
2026-06-25 17:51:07.079 [info] [getSessions] [499b84ac-1321-427f-aa17-267ca6975798/.default offline_access] starting
2026-06-25 17:51:07.079 [info] [getSessions] [499b84ac-1321-427f-aa17-267ca6975798/.default offline_access] returned 0 session(s)
