2026-06-25 16:54:04.157 [info] Python-envs extension version: 1.36.0
2026-06-25 16:54:04.157 [info] 
=== Python Envs Configuration Levels ===
2026-06-25 16:54:04.157 [info] {
  "section": "Python Envs Configuration Levels",
  "defaultEnvManager": {
    "workspaceFolderValue": "undefined",
    "workspaceValue": "undefined",
    "globalValue": "undefined",
    "defaultValue": "ms-python.python:venv"
  },
  "defaultPackageManager": {
    "workspaceFolderValue": "undefined",
    "workspaceValue": "undefined",
    "globalValue": "undefined",
    "defaultValue": "ms-python.python:pip"
  }
}
2026-06-25 16:54:04.157 [info] [pet] Starting Python Locator /home/mamz/.vscode/extensions/ms-python.vscode-python-envs-1.36.0-linux-x64/python-env-tools/bin/pet server
2026-06-25 16:54:04.157 [info] Registering pyenv manager (environments will be discovered lazily)
2026-06-25 16:54:04.157 [info] Registering pipenv manager (environments will be discovered lazily)
2026-06-25 16:54:04.157 [info] Registering poetry manager (environments will be discovered lazily)
2026-06-25 16:54:04.160 [warning] No workspace folder for relative search path: .venv
2026-06-25 16:54:04.160 [warning] No workspace folder for relative search path: */.venv
2026-06-25 16:54:04.161 [info] [pet] configure: Sending configuration update: {"workspaceDirectories":[],"environmentDirectories":[],"pipenvExecutable":"pipenv","poetryExecutable":"poetry","cacheDirectory":"/home/mamz/.config/Code/User/globalStorage/ms-python.vscode-python-envs/pythonLocator"}
2026-06-25 16:54:04.225 [info] Refreshing Pyenv Environments
2026-06-25 16:54:04.225 [info] Refreshing pyenv environments
2026-06-25 16:54:04.225 [info] Refreshing Pipenv Environments
2026-06-25 16:54:04.225 [info] Refreshing pipenv environments
2026-06-25 16:54:04.225 [info] Refreshing Poetry Environments
2026-06-25 16:54:04.225 [info] Refreshing poetry environments
2026-06-25 16:54:04.255 [info] Discovered env: /usr/bin/python
2026-06-25 16:54:04.372 [warning] No workspace folder for relative search path: .venv
2026-06-25 16:54:04.372 [warning] No workspace folder for relative search path: */.venv
2026-06-25 16:54:04.373 [info] Conda not found, turning off conda features. [Error: Conda not found
	at L (/home/mamz/.vscode/extensions/ms-python.vscode-python-envs-1.36.0-linux-x64/dist/extension.js:2:629081)
	at runNextTicks (node:internal/process/task_queues:65:5)
	at process.processImmediate (node:internal/timers:472:9)
	at async V (/home/mamz/.vscode/extensions/ms-python.vscode-python-envs-1.36.0-linux-x64/dist/extension.js:2:629206)
	at async t.registerCondaFeatures (/home/mamz/.vscode/extensions/ms-python.vscode-python-envs-1.36.0-linux-x64/dist/extension.js:2:648591)
	at async t.safeRegister (/home/mamz/.vscode/extensions/ms-python.vscode-python-envs-1.36.0-linux-x64/dist/extension.js:2:290365)
	at async Promise.all (index 1)
	at async Immediate.<anonymous> (/home/mamz/.vscode/extensions/ms-python.vscode-python-envs-1.36.0-linux-x64/dist/extension.js:2:782813)]
2026-06-25 16:54:04.377 [info] [interpreterSelection] Applying initial environment selection for 0 workspace folder(s)
2026-06-25 16:54:04.398 [info] Python API: Changed environment from undefined to Python 3.14.6.final.0 for: global
2026-06-25 16:54:04.398 [info] Internal: Changed environment from undefined to Python 3.14.6.final.0 for: global
2026-06-25 16:54:04.398 [info] [interpreterSelection] global: Python 3.14.6.final.0 (source: autoDiscovery)
2026-06-25 16:54:04.426 [info] Discovered env: /usr/bin/python
2026-06-25 16:54:04.428 [info] Refreshing pyenv environments
2026-06-25 16:54:04.463 [info] Pipenv not found via settings, cache, or PATH
2026-06-25 16:54:04.463 [info] Refreshing pipenv environments
2026-06-25 16:54:04.466 [warning] No workspace folder for relative search path: .venv
2026-06-25 16:54:04.466 [warning] No workspace folder for relative search path: */.venv
2026-06-25 16:54:04.471 [info] Pipenv not found via settings, cache, or PATH
2026-06-25 16:54:04.471 [info] Found 0 pipenv environments
2026-06-25 16:54:04.473 [info] Pipenv not found via settings, cache, or PATH
2026-06-25 16:54:04.479 [info] Refreshing poetry environments
2026-06-25 16:54:04.480 [info] Poetry executable not found
2026-06-25 16:54:04.482 [info] Environment discovery complete: 1 environments found (Global: 1)
2026-06-25 16:54:04.497 [info] Discovered env: /usr/bin/python
2026-06-25 16:54:04.530 [warning] No workspace folder for relative search path: .venv
2026-06-25 16:54:04.530 [warning] No workspace folder for relative search path: */.venv
2026-06-25 16:54:04.588 [info] Discovered env: /usr/bin/python
2026-06-25 16:54:04.601 [warning] No workspace folder for relative search path: .venv
2026-06-25 16:54:04.601 [warning] No workspace folder for relative search path: */.venv
2026-06-25 16:54:04.648 [info] Discovered env: /usr/bin/python
2026-06-25 16:54:04.673 [warning] No workspace folder for relative search path: .venv
2026-06-25 16:54:04.673 [warning] No workspace folder for relative search path: */.venv
2026-06-25 16:54:04.677 [info] Pipenv not found via settings, cache, or PATH
2026-06-25 16:54:04.678 [info] Found 0 pipenv environments
2026-06-25 16:54:04.703 [info] Discovered env: /usr/bin/python
2026-06-25 16:54:04.738 [info] Poetry executable not found
