2026-06-25 20:23:44.134 [info] Reading sessions from keychain...
2026-06-25 20:23:44.134 [info] Getting sessions for all scopes...
2026-06-25 20:23:44.134 [info] Got stored sessions!
2026-06-25 20:23:44.134 [info] Got 1 verified sessions.
2026-06-25 20:23:44.134 [info] Got 1 sessions for ...
2026-06-25 20:23:44.134 [info] Getting sessions for all scopes...
2026-06-25 20:23:44.134 [info] Got 1 sessions for ...
2026-06-25 20:23:44.134 [info] Getting sessions for all scopes...
2026-06-25 20:23:44.134 [info] Got 1 sessions for ...
2026-06-25 20:23:44.134 [info] Getting sessions for all scopes...
2026-06-25 20:23:44.134 [info] Got 1 sessions for ...
2026-06-25 20:23:44.134 [info] Getting sessions for all scopes...
2026-06-25 20:23:44.134 [info] Got 1 sessions for ...
2026-06-25 20:23:44.134 [info] Getting sessions for all scopes...
2026-06-25 20:23:44.134 [info] Got 1 sessions for ...
2026-06-25 20:23:45.337 [info] Getting sessions for all scopes...
2026-06-25 20:23:45.337 [info] Got 1 sessions for ...
2026-06-25 20:23:45.363 [info] FetcherService: Electron fetch failed with status: 429 
2026-06-25 20:23:45.367 [info] Unable to resolve optional EDU details. Status: 429 
2026-06-25 20:23:47.873 [info] Getting sessions for all scopes...
2026-06-25 20:23:47.873 [info] Got 1 sessions for ...
2026-06-25 20:23:56.278 [info] Getting sessions for all scopes...
2026-06-25 20:23:56.278 [info] Got 1 sessions for ...
2026-06-25 20:23:56.301 [info] Getting sessions for all scopes...
2026-06-25 20:23:56.301 [info] Got 1 sessions for ...
2026-06-25 20:23:56.533 [info] Getting sessions for all scopes...
2026-06-25 20:23:56.533 [info] Got 1 sessions for ...
2026-06-25 20:23:56.534 [info] Getting sessions for all scopes...
2026-06-25 20:23:56.534 [info] Got 1 sessions for ...
2026-06-25 20:23:57.982 [info] Getting sessions for read:user,repo,user:email,workflow...
2026-06-25 20:23:57.983 [info] Got 1 sessions for read:user,repo,user:email,workflow...
2026-06-25 20:24:00.504 [info] Getting sessions for all scopes...
2026-06-25 20:24:00.504 [info] Got 1 sessions for ...
2026-06-25 20:24:00.514 [info] Getting sessions for all scopes...
2026-06-25 20:24:00.514 [info] Got 1 sessions for ...
2026-06-25 20:24:00.514 [info] Getting sessions for all scopes...
2026-06-25 20:24:00.515 [info] Got 1 sessions for ...
2026-06-25 20:24:02.128 [info] Reading sessions from keychain...
2026-06-25 20:24:02.128 [info] Getting sessions for all scopes...
2026-06-25 20:24:02.193 [info] Got stored sessions!
2026-06-25 20:24:02.193 [info] Got 1 verified sessions.
2026-06-25 20:24:02.193 [info] Got 1 sessions for ...
2026-06-25 20:24:02.193 [info] Getting sessions for all scopes...
2026-06-25 20:24:02.193 [info] Got 1 sessions for ...
2026-06-25 20:24:02.193 [info] Getting sessions for all scopes...
2026-06-25 20:24:02.193 [info] Got 1 sessions for ...
2026-06-25 20:24:02.193 [info] Getting sessions for all scopes...
2026-06-25 20:24:02.193 [info] Got 1 sessions for ...
2026-06-25 20:24:02.306 [info] Getting sessions for all scopes...
2026-06-25 20:24:02.306 [info] Got 1 sessions for ...
2026-06-25 20:24:03.587 [info] FetcherService: Electron fetch failed with status: 429 
2026-06-25 20:24:03.590 [info] Unable to resolve optional EDU details. Status: 429 
2026-06-25 20:24:03.625 [info] Getting sessions for all scopes...
2026-06-25 20:24:03.625 [info] Got 1 sessions for ...
2026-06-25 20:24:03.627 [info] Getting sessions for all scopes...
2026-06-25 20:24:03.627 [info] Got 1 sessions for ...
2026-06-25 20:24:03.924 [info] Getting sessions for all scopes...
2026-06-25 20:24:03.924 [info] Got 1 sessions for ...
2026-06-25 20:24:03.948 [info] Getting sessions for read:user,repo,user:email,workflow...
2026-06-25 20:24:03.949 [info] Got 1 sessions for read:user,repo,user:email,workflow...
2026-06-25 20:24:04.000 [info] Getting sessions for all scopes...
2026-06-25 20:24:04.000 [info] Got 1 sessions for ...
2026-06-25 20:24:04.002 [info] Getting sessions for read:user,repo,user:email,workflow...
2026-06-25 20:24:04.002 [info] Got 1 sessions for read:user,repo,user:email,workflow...
2026-06-25 20:24:04.809 [info] Getting sessions for all scopes...
2026-06-25 20:24:04.809 [info] Got 1 sessions for ...
2026-06-25 20:24:04.810 [info] Getting sessions for all scopes...
2026-06-25 20:24:04.810 [info] Got 1 sessions for ...
2026-06-25 20:24:05.044 [info] Getting sessions for read:user,repo,user:email,workflow...
2026-06-25 20:24:05.044 [info] Got 1 sessions for read:user,repo,user:email,workflow...
2026-06-25 20:24:05.055 [info] Getting sessions for all scopes...
2026-06-25 20:24:05.055 [info] Got 1 sessions for ...
2026-06-25 20:24:05.074 [info] Getting sessions for all scopes...
2026-06-25 20:24:05.074 [info] Got 1 sessions for ...
2026-06-25 20:24:05.242 [info] Getting sessions for all scopes...
2026-06-25 20:24:05.243 [info] Got 1 sessions for ...
2026-06-25 20:24:05.244 [info] Getting sessions for read:user,repo,user:email,workflow...
2026-06-25 20:24:05.244 [info] Got 1 sessions for read:user,repo,user:email,workflow...
2026-06-25 20:24:05.382 [info] Getting sessions for all scopes...
2026-06-25 20:24:05.382 [info] Got 1 sessions for ...
2026-06-25 20:24:05.383 [info] Getting sessions for read:user,repo,user:email,workflow...
2026-06-25 20:24:05.383 [info] Got 1 sessions for read:user,repo,user:email,workflow...
2026-06-25 20:24:05.446 [info] Getting sessions for all scopes...
2026-06-25 20:24:05.446 [info] Got 1 sessions for ...
2026-06-25 20:24:05.449 [info] Getting sessions for read:user,repo,user:email,workflow...
2026-06-25 20:24:05.449 [info] Got 1 sessions for read:user,repo,user:email,workflow...
2026-06-25 20:24:05.499 [info] Getting sessions for all scopes...
2026-06-25 20:24:05.499 [info] Got 1 sessions for ...
2026-06-25 20:24:05.501 [info] Getting sessions for read:user,repo,user:email,workflow...
2026-06-25 20:24:05.501 [info] Got 1 sessions for read:user,repo,user:email,workflow...
2026-06-25 20:24:05.679 [info] Getting sessions for all scopes...
2026-06-25 20:24:05.679 [info] Got 1 sessions for ...
2026-06-25 20:24:05.680 [info] Getting sessions for read:user,repo,user:email,workflow...
2026-06-25 20:24:05.680 [info] Got 1 sessions for read:user,repo,user:email,workflow...
2026-06-25 20:24:05.849 [info] Getting sessions for all scopes...
2026-06-25 20:24:05.849 [info] Got 1 sessions for ...
2026-06-25 20:24:05.856 [info] Getting sessions for read:user,repo,user:email,workflow...
2026-06-25 20:24:05.856 [info] Got 1 sessions for read:user,repo,user:email,workflow...
2026-06-25 20:24:06.092 [info] Getting sessions for all scopes...
2026-06-25 20:24:06.092 [info] Got 1 sessions for ...
2026-06-25 20:24:06.093 [info] Getting sessions for read:user,repo,user:email,workflow...
2026-06-25 20:24:06.093 [info] Got 1 sessions for read:user,repo,user:email,workflow...
2026-06-25 20:24:06.139 [info] Getting sessions for all scopes...
2026-06-25 20:24:06.139 [info] Got 1 sessions for ...
2026-06-25 20:24:06.140 [info] Getting sessions for read:user,repo,user:email,workflow...
2026-06-25 20:24:06.140 [info] Got 1 sessions for read:user,repo,user:email,workflow...
2026-06-25 20:24:06.232 [info] Getting sessions for all scopes...
2026-06-25 20:24:06.232 [info] Got 1 sessions for ...
2026-06-25 20:24:06.232 [info] Getting sessions for all scopes...
2026-06-25 20:24:06.232 [info] Got 1 sessions for ...
2026-06-25 20:24:06.233 [info] Getting sessions for all scopes...
2026-06-25 20:24:06.233 [info] Got 1 sessions for ...
2026-06-25 20:24:06.233 [info] Getting sessions for all scopes...
2026-06-25 20:24:06.233 [info] Got 1 sessions for ...
2026-06-25 20:24:06.233 [info] Getting sessions for all scopes...
2026-06-25 20:24:06.233 [info] Got 1 sessions for ...
2026-06-25 20:24:06.233 [info] Getting sessions for all scopes...
2026-06-25 20:24:06.233 [info] Got 1 sessions for ...
2026-06-25 20:24:06.233 [info] Getting sessions for all scopes...
2026-06-25 20:24:06.233 [info] Got 1 sessions for ...
2026-06-25 20:24:06.233 [info] Getting sessions for all scopes...
2026-06-25 20:24:06.233 [info] Got 1 sessions for ...
2026-06-25 20:24:06.234 [info] Getting sessions for read:user,repo,user:email,workflow...
2026-06-25 20:24:06.234 [info] Got 1 sessions for read:user,repo,user:email,workflow...
2026-06-25 20:24:06.372 [info] Getting sessions for all scopes...
2026-06-25 20:24:06.372 [info] Got 1 sessions for ...
2026-06-25 20:24:06.372 [info] Getting sessions for all scopes...
2026-06-25 20:24:06.372 [info] Got 1 sessions for ...
2026-06-25 20:24:06.372 [info] Getting sessions for all scopes...
2026-06-25 20:24:06.372 [info] Got 1 sessions for ...
2026-06-25 20:24:06.373 [info] Getting sessions for all scopes...
2026-06-25 20:24:06.373 [info] Got 1 sessions for ...
2026-06-25 20:24:06.373 [info] Getting sessions for all scopes...
2026-06-25 20:24:06.373 [info] Got 1 sessions for ...
2026-06-25 20:24:06.373 [info] Getting sessions for all scopes...
2026-06-25 20:24:06.373 [info] Got 1 sessions for ...
2026-06-25 20:24:06.373 [info] Getting sessions for all scopes...
2026-06-25 20:24:06.373 [info] Got 1 sessions for ...
2026-06-25 20:24:06.374 [info] Getting sessions for all scopes...
2026-06-25 20:24:06.374 [info] Got 1 sessions for ...
2026-06-25 20:24:06.377 [info] Getting sessions for read:user,repo,user:email,workflow...
2026-06-25 20:24:06.377 [info] Got 1 sessions for read:user,repo,user:email,workflow...
2026-06-25 20:24:06.474 [info] Getting sessions for all scopes...
2026-06-25 20:24:06.474 [info] Got 1 sessions for ...
2026-06-25 20:24:06.474 [info] Getting sessions for all scopes...
2026-06-25 20:24:06.474 [info] Got 1 sessions for ...
2026-06-25 20:24:06.474 [info] Getting sessions for all scopes...
2026-06-25 20:24:06.474 [info] Got 1 sessions for ...
2026-06-25 20:24:06.474 [info] Getting sessions for all scopes...
2026-06-25 20:24:06.474 [info] Got 1 sessions for ...
2026-06-25 20:24:06.475 [info] Getting sessions for all scopes...
2026-06-25 20:24:06.475 [info] Got 1 sessions for ...
2026-06-25 20:24:06.475 [info] Getting sessions for all scopes...
2026-06-25 20:24:06.475 [info] Got 1 sessions for ...
2026-06-25 20:24:06.475 [info] Getting sessions for all scopes...
2026-06-25 20:24:06.475 [info] Got 1 sessions for ...
2026-06-25 20:24:06.475 [info] Getting sessions for all scopes...
2026-06-25 20:24:06.475 [info] Got 1 sessions for ...
2026-06-25 20:24:06.476 [info] Getting sessions for read:user,repo,user:email,workflow...
2026-06-25 20:24:06.476 [info] Got 1 sessions for read:user,repo,user:email,workflow...
2026-06-25 20:24:06.566 [info] Getting sessions for all scopes...
2026-06-25 20:24:06.566 [info] Got 1 sessions for ...
2026-06-25 20:24:06.567 [info] Getting sessions for all scopes...
2026-06-25 20:24:06.567 [info] Got 1 sessions for ...
2026-06-25 20:24:17.121 [info] Getting sessions for all scopes...
2026-06-25 20:24:17.121 [info] Got 1 sessions for ...
2026-06-25 20:24:17.122 [info] Getting sessions for all scopes...
2026-06-25 20:24:17.122 [info] Got 1 sessions for ...
2026-06-25 20:24:32.343 [info] Getting sessions for all scopes...
2026-06-25 20:24:32.343 [info] Got 1 sessions for ...
2026-06-25 20:24:32.350 [info] Getting sessions for all scopes...
2026-06-25 20:24:32.350 [info] Got 1 sessions for ...
