2026-06-26 18:50:54.867 [info] Reading sessions from keychain...
2026-06-26 18:50:54.867 [info] Getting sessions for all scopes...
2026-06-26 18:50:54.867 [info] Got stored sessions!
2026-06-26 18:50:54.867 [info] Got 1 verified sessions.
2026-06-26 18:50:54.867 [info] Got 1 sessions for ...
2026-06-26 18:50:54.867 [info] Getting sessions for all scopes...
2026-06-26 18:50:54.867 [info] Got 1 sessions for ...
2026-06-26 18:50:54.867 [info] Getting sessions for all scopes...
2026-06-26 18:50:54.867 [info] Got 1 sessions for ...
2026-06-26 18:50:54.867 [info] Getting sessions for all scopes...
2026-06-26 18:50:54.867 [info] Got 1 sessions for ...
2026-06-26 18:50:54.867 [info] Getting sessions for all scopes...
2026-06-26 18:50:54.867 [info] Got 1 sessions for ...
2026-06-26 18:50:54.880 [info] Getting sessions for all scopes...
2026-06-26 18:50:54.880 [info] Got 1 sessions for ...
2026-06-26 18:50:55.996 [info] Getting sessions for all scopes...
2026-06-26 18:50:55.996 [info] Got 1 sessions for ...
2026-06-26 18:50:56.079 [info] FetcherService: Electron fetch failed with status: 429 
2026-06-26 18:50:56.088 [info] Unable to resolve optional EDU details. Status: 429 
2026-06-26 18:50:58.567 [info] Getting sessions for all scopes...
2026-06-26 18:50:58.567 [info] Got 1 sessions for ...
2026-06-26 18:51:09.738 [info] Getting sessions for all scopes...
2026-06-26 18:51:09.738 [info] Got 1 sessions for ...
2026-06-26 18:51:09.738 [info] Getting sessions for all scopes...
2026-06-26 18:51:09.738 [info] Got 1 sessions for ...
2026-06-26 18:51:10.290 [info] Getting sessions for read:user,repo,user:email,workflow...
2026-06-26 18:51:10.290 [info] Got 1 sessions for read:user,repo,user:email,workflow...
2026-06-26 18:51:11.720 [info] Getting sessions for all scopes...
2026-06-26 18:51:11.721 [info] Got 1 sessions for ...
2026-06-26 18:51:11.721 [info] Getting sessions for all scopes...
2026-06-26 18:51:11.721 [info] Got 1 sessions for ...
2026-06-26 18:51:11.721 [info] Getting sessions for all scopes...
2026-06-26 18:51:11.721 [info] Got 1 sessions for ...
2026-06-26 18:51:12.173 [info] Getting sessions for read:user,repo,user:email,workflow...
2026-06-26 18:51:12.173 [info] Got 1 sessions for read:user,repo,user:email,workflow...
2026-06-26 18:51:12.809 [info] Getting sessions for read:user,repo,user:email,workflow...
2026-06-26 18:51:12.809 [info] Got 1 sessions for read:user,repo,user:email,workflow...
2026-06-26 18:51:13.751 [info] Getting sessions for all scopes...
2026-06-26 18:51:13.751 [info] Got 1 sessions for ...
2026-06-26 18:51:13.752 [info] Getting sessions for all scopes...
2026-06-26 18:51:13.752 [info] Got 1 sessions for ...
2026-06-26 18:51:13.784 [info] Getting sessions for all scopes...
2026-06-26 18:51:13.784 [info] Got 1 sessions for ...
2026-06-26 18:51:13.786 [info] Getting sessions for all scopes...
2026-06-26 18:51:13.786 [info] Got 1 sessions for ...
2026-06-26 18:51:14.095 [info] Getting sessions for read:user,repo,user:email,workflow...
2026-06-26 18:51:14.095 [info] Got 1 sessions for read:user,repo,user:email,workflow...
2026-06-26 18:51:15.218 [info] Getting sessions for all scopes...
2026-06-26 18:51:15.218 [info] Got 1 sessions for ...
2026-06-26 18:51:15.325 [info] Getting sessions for read:user,repo,user:email,workflow...
2026-06-26 18:51:15.325 [info] Got 1 sessions for read:user,repo,user:email,workflow...
2026-06-26 18:51:15.450 [info] Getting sessions for all scopes...
2026-06-26 18:51:15.450 [info] Got 1 sessions for ...
2026-06-26 18:51:15.492 [info] Getting sessions for read:user,repo,user:email,workflow...
2026-06-26 18:51:15.492 [info] Got 1 sessions for read:user,repo,user:email,workflow...
2026-06-26 18:51:15.964 [info] Getting sessions for all scopes...
2026-06-26 18:51:15.964 [info] Got 1 sessions for ...
2026-06-26 18:51:16.134 [info] Getting sessions for read:user,repo,user:email,workflow...
2026-06-26 18:51:16.134 [info] Got 1 sessions for read:user,repo,user:email,workflow...
2026-06-26 19:01:11.872 [info] Getting sessions for all scopes...
2026-06-26 19:01:11.875 [info] Got 1 sessions for ...
2026-06-26 19:01:11.878 [info] Getting sessions for all scopes...
2026-06-26 19:01:11.878 [info] Got 1 sessions for ...
2026-06-26 19:01:47.097 [info] Getting sessions for all scopes...
2026-06-26 19:01:47.097 [info] Got 1 sessions for ...
2026-06-26 19:01:47.097 [info] Getting sessions for all scopes...
2026-06-26 19:01:47.097 [info] Got 1 sessions for ...
2026-06-26 19:01:49.158 [info] Getting sessions for all scopes...
2026-06-26 19:01:49.158 [info] Got 1 sessions for ...
2026-06-26 19:01:49.260 [info] Getting sessions for read:user,repo,user:email,workflow...
2026-06-26 19:01:49.260 [info] Got 1 sessions for read:user,repo,user:email,workflow...
2026-06-26 19:02:01.652 [info] Getting sessions for all scopes...
2026-06-26 19:02:01.652 [info] Got 1 sessions for ...
2026-06-26 19:02:01.654 [info] Getting sessions for all scopes...
2026-06-26 19:02:01.654 [info] Got 1 sessions for ...
2026-06-26 19:02:03.760 [info] Getting sessions for all scopes...
2026-06-26 19:02:03.760 [info] Got 1 sessions for ...
2026-06-26 19:02:03.768 [info] Getting sessions for all scopes...
2026-06-26 19:02:03.768 [info] Got 1 sessions for ...
2026-06-26 19:02:25.682 [info] Getting sessions for all scopes...
2026-06-26 19:02:25.682 [info] Got 1 sessions for ...
2026-06-26 19:02:25.683 [info] Getting sessions for all scopes...
2026-06-26 19:02:25.683 [info] Got 1 sessions for ...
2026-06-26 19:03:20.251 [info] Getting sessions for all scopes...
2026-06-26 19:03:20.251 [info] Got 1 sessions for ...
2026-06-26 19:03:20.252 [info] Getting sessions for all scopes...
2026-06-26 19:03:20.252 [info] Got 1 sessions for ...
2026-06-26 19:03:38.896 [info] Getting sessions for all scopes...
2026-06-26 19:03:38.896 [info] Got 1 sessions for ...
2026-06-26 19:03:38.897 [info] Getting sessions for all scopes...
2026-06-26 19:03:38.897 [info] Got 1 sessions for ...
2026-06-26 19:03:40.633 [info] Getting sessions for all scopes...
2026-06-26 19:03:40.633 [info] Got 1 sessions for ...
2026-06-26 19:03:40.633 [info] Getting sessions for all scopes...
2026-06-26 19:03:40.633 [info] Got 1 sessions for ...
2026-06-26 19:46:15.101 [info] Getting sessions for all scopes...
2026-06-26 19:46:15.101 [info] Got 1 sessions for ...
2026-06-26 19:46:15.317 [info] Getting sessions for read:user,repo,user:email,workflow...
2026-06-26 19:46:15.317 [info] Got 1 sessions for read:user,repo,user:email,workflow...
2026-06-26 19:46:16.628 [info] Getting sessions for all scopes...
2026-06-26 19:46:16.628 [info] Got 1 sessions for ...
2026-06-26 19:46:16.629 [info] Getting sessions for all scopes...
2026-06-26 19:46:16.629 [info] Got 1 sessions for ...
2026-06-26 19:46:16.700 [info] Getting sessions for read:user,repo,user:email,workflow...
2026-06-26 19:46:16.700 [info] Got 1 sessions for read:user,repo,user:email,workflow...
2026-06-26 20:01:58.348 [info] Getting sessions for all scopes...
2026-06-26 20:01:58.348 [info] Got 1 sessions for ...
2026-06-26 20:01:58.348 [info] Getting sessions for all scopes...
2026-06-26 20:01:58.348 [info] Got 1 sessions for ...
2026-06-26 20:01:59.280 [info] Getting sessions for all scopes...
2026-06-26 20:01:59.280 [info] Got 1 sessions for ...
2026-06-26 20:01:59.383 [info] Getting sessions for read:user,repo,user:email,workflow...
2026-06-26 20:01:59.383 [info] Got 1 sessions for read:user,repo,user:email,workflow...
2026-06-26 20:02:02.230 [info] Getting sessions for all scopes...
2026-06-26 20:02:02.230 [info] Got 1 sessions for ...
2026-06-26 20:02:02.230 [info] Getting sessions for all scopes...
2026-06-26 20:02:02.230 [info] Got 1 sessions for ...
2026-06-26 20:02:54.631 [info] Getting sessions for all scopes...
2026-06-26 20:02:54.631 [info] Got 1 sessions for ...
2026-06-26 20:02:54.632 [info] Getting sessions for all scopes...
2026-06-26 20:02:54.632 [info] Got 1 sessions for ...
2026-06-26 20:02:58.728 [info] Getting sessions for all scopes...
2026-06-26 20:02:58.728 [info] Got 1 sessions for ...
2026-06-26 20:02:58.729 [info] Getting sessions for all scopes...
2026-06-26 20:02:58.729 [info] Got 1 sessions for ...
