[16:56:51.117] Log Level: 2
[16:56:51.137] SSH Resolver called for "ssh-remote+gr8server", attempt 1
[16:56:51.144] remote.SSH.useLocalServer = true
[16:56:51.144] remote.SSH.useExecServer = true
[16:56:51.144] remote.SSH.bindHost = {}
[16:56:51.144] remote.SSH.path = 
[16:56:51.144] remote.SSH.configFile = 
[16:56:51.144] remote.SSH.useFlock = true
[16:56:51.144] remote.SSH.lockfilesInTmp = false
[16:56:51.144] remote.SSH.localServerDownload = auto
[16:56:51.145] remote.SSH.remoteServerListenOnSocket = false
[16:56:51.145] remote.SSH.defaultExtensions = []
[16:56:51.145] remote.SSH.defaultExtensionsIfInstalledLocally = []
[16:56:51.145] remote.SSH.loglevel = 2
[16:56:51.145] remote.SSH.enableDynamicForwarding = true
[16:56:51.145] remote.SSH.enableRemoteCommand = false
[16:56:51.145] remote.SSH.serverPickPortsFromRange = {}
[16:56:51.145] remote.SSH.serverInstallPath = {}
[16:56:51.145] remote.SSH.permitPtyAllocation = false
[16:56:51.145] remote.SSH.preferredLocalPortRange = undefined
[16:56:51.145] remote.SSH.useCurlAndWgetConfigurationFiles = false
[16:56:51.145] remote.SSH.experimental.chat = true
[16:56:51.145] remote.SSH.experimental.enhancedSessionLogs = true
[16:56:51.145] remote.SSH.httpProxy = {"*":""}
[16:56:51.146] remote.SSH.httpsProxy = {"*":""}
[16:56:51.161] VS Code version: 1.126.0
[16:56:51.161] Remote-SSH version: remote-ssh@0.124.0
[16:56:51.161] linux x64
[16:56:51.167] SSH Resolver called for host: gr8server
[16:56:51.168] Setting up SSH remote "gr8server"
[16:56:51.175] Acquiring local install lock: /tmp/vscode-remote-ssh-f2cbcb6f-install.lock
[16:56:51.180] Looking for existing server data file at /home/mamz/.config/Code/User/globalStorage/ms-vscode-remote.remote-ssh/vscode-ssh-host-f2cbcb6f-7e7950df89d055b5a378379db9ee14290772148a-0.124.0-es/data.json
[16:56:51.181] No existing data file
[16:56:51.182] Using commit id "7e7950df89d055b5a378379db9ee14290772148a" and quality "stable" for server
[16:56:51.182] Extensions to install: 
[16:56:51.190] Install and start server if needed
[16:56:51.196] PATH: /home/mamz/.local/bin:/usr/local/sbin:/usr/local/bin:/usr/bin:/usr/bin/site_perl:/usr/bin/vendor_perl:/usr/bin/core_perl
[16:56:51.196] Checking ssh with "ssh -V"
[16:56:51.217] > OpenSSH_10.3p1, OpenSSL 3.6.3 9 Jun 2026

[16:56:51.224] askpass server listening on /run/user/1000/vscode-ssh-askpass-627f9fb6ce837c35d41734cfacb7b9eada5445a4.sock
[16:56:51.224] Spawning local server with {"serverId":1,"ipcHandlePath":"/run/user/1000/vscode-ssh-askpass-30d91f8beb724cddabcdd791c45bce51da9eff68.sock","sshCommand":"ssh","sshArgs":["-v","-T","-D","36517","-o","ConnectTimeout=15","gr8server"],"serverDataFolderName":".vscode-server","dataFilePath":"/home/mamz/.config/Code/User/globalStorage/ms-vscode-remote.remote-ssh/vscode-ssh-host-f2cbcb6f-7e7950df89d055b5a378379db9ee14290772148a-0.124.0-es/data.json"}
[16:56:51.224] Local server env: {"SHELL":"/bin/fish","DISPLAY":":1","ELECTRON_RUN_AS_NODE":"1","SSH_ASKPASS":"/home/mamz/.vscode/extensions/ms-vscode-remote.remote-ssh-0.124.0/out/local-server/askpass.sh","VSCODE_SSH_ASKPASS_NODE":"/usr/share/code/code","VSCODE_SSH_ASKPASS_EXTRA_ARGS":"","VSCODE_SSH_ASKPASS_MAIN":"/home/mamz/.vscode/extensions/ms-vscode-remote.remote-ssh-0.124.0/out/askpass-main.js","VSCODE_SSH_ASKPASS_HANDLE":"/run/user/1000/vscode-ssh-askpass-627f9fb6ce837c35d41734cfacb7b9eada5445a4.sock"}
[16:56:51.234] Spawned 49779
[16:56:51.235] Using connect timeout of 17 seconds
[16:56:51.363] > local-server-1> Running ssh connection command: ssh -v -T -D 36517 -o ConnectTimeout=15 gr8server
[16:56:51.366] > local-server-1> Spawned ssh, pid=49787
[16:56:51.657] stderr> debug1: Server host key: ssh-ed25519 SHA256:nns5KkN5pKdWXUxBPsWaYn3VNu4LcsOrCXcStRk/gNU
[16:56:51.759] stderr> (node:49779) [DEP0169] DeprecationWarning: `url.parse()` behavior is not standardized and prone to errors that have security implications. Use the WHATWG URL API instead. CVEs are not issued for `url.parse()` vulnerabilities.
[16:56:51.759] stderr> (Use `code --trace-deprecation ...` to show where the warning was created)
[16:56:51.775] stderr> Authenticated to 192.168.2.53 ([192.168.2.53]:22) using "publickey".
[16:56:52.689] > Welcome to Ubuntu 22.04.5 LTS (GNU/Linux 5.15.0-181-generic x86_64)
> 
>  * Documentation:  https://help.ubuntu.com
>  * Management:     https://landscape.canonical.com
>  * Support:        https://ubuntu.com/pro
> 
>  System information as of Thu Jun 25 04:56:51 PM EDT 2026
> 
>   System load:  0.02                Temperature:             40.0 C
>   Usage of /:   29.9% of 914.78GB   Processes:               477
>   Memory usage: 60%                 Users logged in:         1
>   Swap usage:   3%                  IPv4 address for wlp1s0: 192.168.2.53
> 
>  * Strictly confined Kubernetes makes edge and IoT secure. Learn how MicroK8s
>    just raised the bar for easy, resilient and secure K8s cluster deployment.
> 
>    https://ubuntu.com/engage/secure-kubernetes-at-the-edge
> 
> Expanded Security Maintenance for Applications is not enabled.
> 
> 27 updates can be applied immediately.
> 1 of these updates is a standard security update.
> To see these additional updates run: apt list --upgradable
> 
> 47 additional security updates can be applied with ESM Apps.
> Learn more about enabling ESM Apps service at https://ubuntu.com/esm
> 
> New release '24.04.4 LTS' available.
> Run 'do-release-upgrade' to upgrade to it.
> 
[16:56:52.713] > ready: 6625dd85582d
[16:56:52.721] > Linux 5.15.0-181-generic #191-Ubuntu SMP Fri May 22 19:09:02 UTC 2026
[16:56:52.721] Platform: linux
[16:56:52.728] > /bin/bash
[16:56:52.729] Parent Shell: bash
[16:56:52.729] Parent Shell pid: 49779
[16:56:52.729] Waiting for subshell to start
[16:56:52.737] > 700695
[16:56:52.737] stdout -> '700695'
[16:56:52.738] sub-process detected
[16:56:52.756] > 6625dd85582d: running
> Script executing under PID: 700695
[16:56:52.771] > Installing to /home/mamz/.vscode-server...
[16:56:52.778] > 6625dd85582d%%1%%
[16:56:52.791] > Downloading with wget
> wget is from busybox: no
[16:56:52.791] stderr> Program 'wget' appears to support flag '--no-config'
[16:56:54.978] > Download complete
[16:56:54.983] > 6625dd85582d%%2%%
[16:56:54.986] > tar --version: tar (GNU tar) 1.34
> Copyright (C) 2021 Free Software Foundation, Inc.
> License GPLv3+: GNU GPL version 3 or later <https://gnu.org/licenses/gpl.html>.
> This is free software: you are free to change and redistribute it.
> There is NO WARRANTY, to the extent permitted by law.
> 
> Written by John Gilmore and Jay Fenlason.
[16:56:55.402] > code 1.126.0 (commit 7e7950df89d055b5a378379db9ee14290772148a)
[16:56:55.411] > Starting VS Code CLI...
[16:56:55.415] > Spawned remote CLI: 700739
[16:56:55.417] > Waiting for server log...
[16:56:55.453] > Waiting for server log...
[16:56:55.491] > 6625dd85582d: start
> listeningOn==127.0.0.1:30023==
> osReleaseId==ubuntu==
> arch==x86_64==
> vscodeArch==x64==
> bitness==64==
> tmpDir==/run/user/1000==
> platform==linux==
> unpackResult==success==
> didLocalDownload==0==
> downloadTime==2207==
> installTime==411==
> serverStartTime==80==
> execServerToken==aaa1aa11-111a-111a-11a1-a1a1a111a111==
> platformDownloadPath==cli-alpine-x64==
> SSH_AUTH_SOCK====
> DISPLAY====
> 6625dd85582d: end
[16:56:55.491] Received install output: 
listeningOn==127.0.0.1:30023==
osReleaseId==ubuntu==
arch==x86_64==
vscodeArch==x64==
bitness==64==
tmpDir==/run/user/1000==
platform==linux==
unpackResult==success==
didLocalDownload==0==
downloadTime==2207==
installTime==411==
serverStartTime==80==
execServerToken==aaa1aa11-111a-111a-11a1-a1a1a111a111==
platformDownloadPath==cli-alpine-x64==
SSH_AUTH_SOCK====
DISPLAY====

[16:56:55.492] Remote server is listening on port 30023
[16:56:55.492] Parsed server configuration: {"serverConfiguration":{"remoteListeningOn":{"port":30023},"osReleaseId":"ubuntu","arch":"x86_64","sshAuthSock":"","display":"","tmpDir":"/run/user/1000","platform":"linux","execServerToken":"aaa1aa11-111a-111a-11a1-a1a1a111a111"},"downloadTime":2207,"installTime":411,"serverStartTime":80,"installUnpackCode":"success"}
[16:56:55.494] Persisting server connection details to /home/mamz/.config/Code/User/globalStorage/ms-vscode-remote.remote-ssh/vscode-ssh-host-f2cbcb6f-7e7950df89d055b5a378379db9ee14290772148a-0.124.0-es/data.json
[16:56:55.496] Starting forwarding server. local port 45031 -> socksPort 36517 -> remotePort 30023
[16:56:55.497] Forwarding server listening on port 45031
[16:56:55.497] Waiting for ssh tunnel to be ready
[16:56:55.498] [Forwarding server port 45031] Got connection 0
[16:56:55.501] Tunneled port 30023 to local port 45031
[16:56:55.506] Resolved "ssh-remote+gr8server" to "port 45031"
[16:56:55.514] Initizing new exec server for ssh-remote+gr8server
[16:56:55.514] Resolving exec server at port 45031
[16:56:55.515] [Forwarding server port 45031] Got connection 1
[16:56:55.573] Exec server for ssh-remote+gr8server created and cached
[16:56:55.573] Extensions to install: 
[16:56:55.579] ------




[16:56:55.580] No hints found in the recent session.
[16:56:55.622] [server] Checking /home/mamz/.vscode-server/cli/servers/Stable-7e7950df89d055b5a378379db9ee14290772148a/log.txt and /home/mamz/.vscode-server/cli/servers/Stable-7e7950df89d055b5a378379db9ee14290772148a/pid.txt for a running server...
[16:56:56.268] [server] Installing and setting up Visual Studio Code Server...
[16:56:56.270] [server] Server setup complete
[16:56:56.270] [server] Starting server...
[16:56:56.271] [server] Starting server with command... Command { std: "/home/mamz/.vscode-server/cli/servers/Stable-7e7950df89d055b5a378379db9ee14290772148a/server/bin/code-server" "--connection-token=remotessh" "--accept-server-license-terms" "--agent-host-bridge-port=19643" "--agent-host-bridge-host=127.0.0.1" "--agent-host-bridge-connection-token=cac83144-1ba1-4ce6-b79c-9797cde9b4c1" "--start-server" "--enable-remote-auto-shutdown" "--socket-path=/tmp/code-5de87859-72e7-40e0-bf58-fe9fcbe75b22", kill_on_drop: false }
[16:56:59.184] [server] *
[16:56:59.184] [server] * Visual Studio Code Server
[16:56:59.184] [server] *
[16:56:59.184] [server] * By using the software, you agree to
[16:56:59.184] [server] * the Visual Studio Code Server License Terms (https://aka.ms/vscode-server-license) and
[16:56:59.184] [server] * the Microsoft Privacy Statement (https://privacy.microsoft.com/en-US/privacystatement).
[16:56:59.185] [server] Server bound to /tmp/code-5de87859-72e7-40e0-bf58-fe9fcbe75b22
[16:56:59.185] [server] Extension host agent listening on /tmp/code-5de87859-72e7-40e0-bf58-fe9fcbe75b22
[16:56:59.185] [server] parsed location: "/tmp/code-5de87859-72e7-40e0-bf58-fe9fcbe75b22"
[16:56:59.185] [server] 
[16:56:59.185] [server] Server started
[16:56:59.542] [server] [16:56:58] 
[16:56:59.543] [server] 
[16:56:59.543] [server] 
[16:56:59.544] [server] 
[16:57:00.156] [server] [reconnection-grace-time] No CLI argument provided, using default: 10800000ms (10800s)
[16:57:00.156] [server] [16:56:59] [AgentHostChannel] Registered IPC channel 'agentHostProxy' (upstream: 127.0.0.1:19643)
[16:57:00.256] [server] [16:56:59] Extension host agent started.
[16:57:00.666] [server] (node:700775) [DEP0169] DeprecationWarning: `url.parse()` behavior is not standardized and prone to errors that have security implications. Use the WHATWG URL API instead. CVEs are not issued for `url.parse()` vulnerabilities.
[16:57:00.666] [server] (Use `node --trace-deprecation ...` to show where the warning was created)
[16:57:00.682] [server] [16:57:00] [<unknown>][c9753f69][ManagementConnection] New connection established.
[16:57:00.722] [server] [16:57:00] [<unknown>][adbd91a8][ExtensionHostConnection] New connection established.
[16:57:00.722] [server] [16:57:00] [<unknown>][adbd91a8][ExtensionHostConnection] Starting extension host process...
[16:57:02.394] [server] [16:57:01] [<unknown>][adbd91a8][ExtensionHostConnection] <700864> Launched Extension Host Process.
[16:57:02.884] [server] [16:57:02] [<unknown>][adbd91a8][ExtensionHostConnection] <700864> [reconnection-grace-time] Extension host: read VSCODE_RECONNECTION_GRACE_TIME=10800000ms (10800s)
[16:57:02.887] [server] 
[16:57:05.140] [server] rejected promise not handled within 1 second: CodeExpectedError: Could not find pty 4 on pty host
[16:57:05.224] [server] stack trace: CodeExpectedError: Could not find pty 4 on pty host
[16:57:05.225] [server]     at U._throwIfNoPty (file:///home/mamz/.vscode-server/cli/servers/Stable-7e7950df89d055b5a378379db9ee14290772148a/server/out/vs/platform/terminal/node/ptyHostMain.js:450:7638)
[16:57:05.225] [server]     at U.updateTitle (file:///home/mamz/.vscode-server/cli/servers/Stable-7e7950df89d055b5a378379db9ee14290772148a/server/out/vs/platform/terminal/node/ptyHostMain.js:450:2083)
[16:57:05.225] [server]     at V.t.<computed> (file:///home/mamz/.vscode-server/cli/servers/Stable-7e7950df89d055b5a378379db9ee14290772148a/server/out/vs/platform/terminal/node/ptyHostMain.js:449:3804)
[16:57:05.226] [server]     at process.emit (node:events:509:28)
[16:57:05.227] [server]     at emit (node:internal/child_process:972:14)
[16:57:05.228] [server]     at process.processTicksAndRejections (node:internal/process/task_queues:91:21)
[16:57:05.228] [server] [16:57:04] Error [CodeExpectedError]: Could not find pty 4 on pty host
[16:57:05.229] [server]     at U._throwIfNoPty (file:///home/mamz/.vscode-server/cli/servers/Stable-7e7950df89d055b5a378379db9ee14290772148a/server/out/vs/platform/terminal/node/ptyHostMain.js:450:7638)
[16:57:05.230] [server]     at U.updateTitle (file:///home/mamz/.vscode-server/cli/servers/Stable-7e7950df89d055b5a378379db9ee14290772148a/server/out/vs/platform/terminal/node/ptyHostMain.js:450:2083)
[16:57:05.230] [server]     at V.t.<computed> (file:///home/mamz/.vscode-server/cli/servers/Stable-7e7950df89d055b5a378379db9ee14290772148a/server/out/vs/platform/terminal/node/ptyHostMain.js:449:3804)
[16:57:05.231] [server]     at Object.call (file:///home/mamz/.vscode-server/cli/servers/Stable-7e7950df89d055b5a378379db9ee14290772148a/server/out/vs/platform/terminal/node/ptyHostMain.js:432:5001)
[16:57:05.231] [server]     at Pr.onPromise (file:///home/mamz/.vscode-server/cli/servers/Stable-7e7950df89d055b5a378379db9ee14290772148a/server/out/vs/platform/terminal/node/ptyHostMain.js:430:87510)
[16:57:05.231] [server]     at Pr.onRawMessage (file:///home/mamz/.vscode-server/cli/servers/Stable-7e7950df89d055b5a378379db9ee14290772148a/server/out/vs/platform/terminal/node/ptyHostMain.js:430:86933)
[16:57:05.232] [server]     at Nt.value (file:///home/mamz/.vscode-server/cli/servers/Stable-7e7950df89d055b5a378379db9ee14290772148a/server/out/vs/platform/terminal/node/ptyHostMain.js:430:86199)
[16:57:05.232] [server]     at v._deliver (file:///home/mamz/.vscode-server/cli/servers/Stable-7e7950df89d055b5a378379db9ee14290772148a/server/out/vs/platform/terminal/node/ptyHostMain.js:430:3244)
[16:57:05.232] [server]     at v.fire (file:///home/mamz/.vscode-server/cli/servers/Stable-7e7950df89d055b5a378379db9ee14290772148a/server/out/vs/platform/terminal/node/ptyHostMain.js:430:3562)
[16:57:05.232] [server]     at process.x (file:///home/mamz/.vscode-server/cli/servers/Stable-7e7950df89d055b5a378379db9ee14290772148a/server/out/vs/platform/terminal/node/ptyHostMain.js:428:31785)
[16:57:05.233] [server]     at process.emit (node:events:509:28)
[16:57:05.233] [server]     at emit (node:internal/child_process:972:14)
[16:57:05.233] [server]     at process.processTicksAndRejections (node:internal/process/task_queues:91:21)
[16:57:05.234] [server] rejected promise not handled within 1 second: CodeExpectedError: Could not find pty 4 on pty host
[16:57:05.234] [server] stack trace: CodeExpectedError: Could not find pty 4 on pty host
[16:57:05.234] [server]     at U._throwIfNoPty (file:///home/mamz/.vscode-server/cli/servers/Stable-7e7950df89d055b5a378379db9ee14290772148a/server/out/vs/platform/terminal/node/ptyHostMain.js:450:7638)
[16:57:05.234] [server]     at U.updateIcon (file:///home/mamz/.vscode-server/cli/servers/Stable-7e7950df89d055b5a378379db9ee14290772148a/server/out/vs/platform/terminal/node/ptyHostMain.js:450:2145)
[16:57:05.235] [server]     at V.t.<computed> (file:///home/mamz/.vscode-server/cli/servers/Stable-7e7950df89d055b5a378379db9ee14290772148a/server/out/vs/platform/terminal/node/ptyHostMain.js:449:3804)
[16:57:05.235] [server]     at Object.call (file:///home/mamz/.vscode-server/cli/servers/Stable-7e7950df89d055b5a378379db9ee14290772148a/server/out/vs/platform/terminal/node/ptyHostMain.js:432:5001)
[16:57:05.235] [server]     at Pr.onPromise (file:///home/mamz/.vscode-server/cli/servers/Stable-7e7950df89d055b5a378379db9ee14290772148a/server/out/vs/platform/terminal/node/ptyHostMain.js:430:87510)
[16:57:05.235] [server]     at Pr.onRawMessage (file:///home/mamz/.vscode-server/cli/servers/Stable-7e7950df89d055b5a378379db9ee14290772148a/server/out/vs/platform/terminal/node/ptyHostMain.js:430:86933)
[16:57:05.235] [server]     at Nt.value (file:///home/mamz/.vscode-server/cli/servers/Stable-7e7950df89d055b5a378379db9ee14290772148a/server/out/vs/platform/terminal/node/ptyHostMain.js:430:86199)
[16:57:05.236] [server]     at v._deliver (file:///home/mamz/.vscode-server/cli/servers/Stable-7e7950df89d055b5a378379db9ee14290772148a/server/out/vs/platform/terminal/node/ptyHostMain.js:430:3244)
[16:57:05.236] [server]     at v.fire (file:///home/mamz/.vscode-server/cli/servers/Stable-7e7950df89d055b5a378379db9ee14290772148a/server/out/vs/platform/terminal/node/ptyHostMain.js:430:3562)
[16:57:05.236] [server]     at process.x (file:///home/mamz/.vscode-server/cli/servers/Stable-7e7950df89d055b5a378379db9ee14290772148a/server/out/vs/platform/terminal/node/ptyHostMain.js:428:31785)
[16:57:05.236] [server]     at process.emit (node:events:509:28)
[16:57:05.237] [server]     at emit (node:internal/child_process:972:14)
[16:57:05.237] [server]     at process.processTicksAndRejections (node:internal/process/task_queues:91:21)
[16:57:05.237] [server] [16:57:04] Error [CodeExpectedError]: Could not find pty 4 on pty host
[16:57:05.237] [server]     at U._throwIfNoPty (file:///home/mamz/.vscode-server/cli/servers/Stable-7e7950df89d055b5a378379db9ee14290772148a/server/out/vs/platform/terminal/node/ptyHostMain.js:450:7638)
[16:57:05.238] [server]     at U.updateIcon (file:///home/mamz/.vscode-server/cli/servers/Stable-7e7950df89d055b5a378379db9ee14290772148a/server/out/vs/platform/terminal/node/ptyHostMain.js:450:2145)
[16:57:05.238] [server]     at V.t.<computed> (file:///home/mamz/.vscode-server/cli/servers/Stable-7e7950df89d055b5a378379db9ee14290772148a/server/out/vs/platform/terminal/node/ptyHostMain.js:449:3804)
[16:57:05.238] [server]     at Object.call (file:///home/mamz/.vscode-server/cli/servers/Stable-7e7950df89d055b5a378379db9ee14290772148a/server/out/vs/platform/terminal/node/ptyHostMain.js:432:5001)
[16:57:05.238] [server]     at Pr.onPromise (file:///home/mamz/.vscode-server/cli/servers/Stable-7e7950df89d055b5a378379db9ee14290772148a/server/out/vs/platform/terminal/node/ptyHostMain.js:430:87510)
[16:57:05.239] [server]     at Pr.onRawMessage (file:///home/mamz/.vscode-server/cli/servers/Stable-7e7950df89d055b5a378379db9ee14290772148a/server/out/vs/platform/terminal/node/ptyHostMain.js:430:86933)
[16:57:05.239] [server]     at Nt.value (file:///home/mamz/.vscode-server/cli/servers/Stable-7e7950df89d055b5a378379db9ee14290772148a/server/out/vs/platform/terminal/node/ptyHostMain.js:430:86199)
[16:57:05.239] [server]     at v._deliver (file:///home/mamz/.vscode-server/cli/servers/Stable-7e7950df89d055b5a378379db9ee14290772148a/server/out/vs/platform/terminal/node/ptyHostMain.js:430:3244)
[16:57:05.239] [server]     at v.fire (file:///home/mamz/.vscode-server/cli/servers/Stable-7e7950df89d055b5a378379db9ee14290772148a/server/out/vs/platform/terminal/node/ptyHostMain.js:430:3562)
[16:57:05.240] [server]     at process.x (file:///home/mamz/.vscode-server/cli/servers/Stable-7e7950df89d055b5a378379db9ee14290772148a/server/out/vs/platform/terminal/node/ptyHostMain.js:428:31785)
[16:57:05.240] [server]     at process.emit (node:events:509:28)
[16:57:05.240] [server]     at emit (node:internal/child_process:972:14)
[16:57:05.241] [server]     at process.processTicksAndRejections (node:internal/process/task_queues:91:21)
[16:57:16.116] [server] [16:57:15] [<unknown>][c9753f69][ManagementConnection] The client has disconnected gracefully, so the connection will be disposed.
