2026-06-26 11:41:22.516 [info] StorageMainService: creating application shared storage
2026-06-26 11:41:22.654 [info] [shared storage] Creating shared storage database at '/home/mamz/.vscode-shared/sharedStorage/state.vscdb' (wasCreated: false)
2026-06-26 11:41:22.655 [info] [shared storage] Initializing fallback application storage (path: /home/mamz/.config/Code/User/globalStorage/state.vscdb)
2026-06-26 11:41:22.682 [info] [shared storage] Fallback application storage initialized with 119 items
2026-06-26 11:41:22.685 [info] update#setState idle
2026-06-26 11:41:52.685 [info] update#setState checking for updates
2026-06-26 11:41:52.829 [info] update#setState idle
2026-06-26 11:42:00.788 [info] Extension host with pid 4946 exited with code: 0, signal: unknown.
2026-06-26 11:42:11.873 [info] Extension host with pid 5073 exited with code: 0, signal: unknown.
2026-06-26 12:41:52.690 [info] update#setState checking for updates
2026-06-26 12:41:52.985 [info] update#setState idle
2026-06-26 13:41:52.694 [info] update#setState checking for updates
2026-06-26 13:41:52.933 [info] update#setState idle
2026-06-26 14:21:27.508 [warning] [perf] profiling STARTED 3d2f124d-8482-472a-9f7b-b76fbde817b6
2026-06-26 14:21:32.587 [warning] [perf] profiling DONE 3d2f124d-8482-472a-9f7b-b76fbde817b6
2026-06-26 14:21:32.961 [warning] [perf] profiling STARTED 3d2f124d-8482-472a-9f7b-b76fbde817b6
2026-06-26 14:21:38.007 [warning] [perf] profiling DONE 3d2f124d-8482-472a-9f7b-b76fbde817b6
2026-06-26 14:21:38.349 [warning] [perf] profiling STARTED 3d2f124d-8482-472a-9f7b-b76fbde817b6
2026-06-26 14:21:43.390 [warning] [perf] profiling DONE 3d2f124d-8482-472a-9f7b-b76fbde817b6
2026-06-26 14:34:46.430 [warning] [perf] profiling STARTED 0c95b850-bb06-4c56-a8a1-aea705a17d62
2026-06-26 14:34:51.468 [warning] [perf] profiling DONE 0c95b850-bb06-4c56-a8a1-aea705a17d62
2026-06-26 14:34:51.900 [warning] [perf] profiling STARTED 0c95b850-bb06-4c56-a8a1-aea705a17d62
2026-06-26 14:34:56.950 [warning] [perf] profiling DONE 0c95b850-bb06-4c56-a8a1-aea705a17d62
2026-06-26 14:34:57.412 [warning] [perf] profiling STARTED 0c95b850-bb06-4c56-a8a1-aea705a17d62
2026-06-26 14:35:02.448 [warning] [perf] profiling DONE 0c95b850-bb06-4c56-a8a1-aea705a17d62
2026-06-26 14:41:52.696 [info] update#setState checking for updates
2026-06-26 14:41:53.174 [info] update#setState idle
2026-06-26 15:02:44.923 [warning] [perf] profiling STARTED 24521c7b-52eb-468a-be30-308516f21bbd
2026-06-26 15:02:49.995 [warning] [perf] profiling DONE 24521c7b-52eb-468a-be30-308516f21bbd
2026-06-26 15:02:50.796 [warning] [perf] profiling STARTED 24521c7b-52eb-468a-be30-308516f21bbd
2026-06-26 15:02:55.874 [warning] [perf] profiling DONE 24521c7b-52eb-468a-be30-308516f21bbd
2026-06-26 15:02:56.425 [warning] [perf] profiling STARTED 24521c7b-52eb-468a-be30-308516f21bbd
2026-06-26 15:03:01.474 [warning] [perf] profiling DONE 24521c7b-52eb-468a-be30-308516f21bbd
2026-06-26 15:41:52.700 [info] update#setState checking for updates
2026-06-26 15:41:53.252 [info] update#setState idle
2026-06-26 16:41:52.704 [info] update#setState checking for updates
2026-06-26 16:41:53.129 [info] update#setState idle
2026-06-26 17:41:52.707 [info] update#setState checking for updates
2026-06-26 17:41:53.003 [info] update#setState idle
2026-06-26 18:36:39.324 [info] Extension host with pid 5131 exited with code: 0, signal: unknown.
