2026-06-26 11:41:25.203 [info] Reading sessions from keychain...
2026-06-26 11:41:25.203 [info] Getting sessions for all scopes...
2026-06-26 11:41:25.378 [info] Got stored sessions!
2026-06-26 11:41:25.379 [info] Got 1 verified sessions.
2026-06-26 11:41:25.379 [info] Got 1 sessions for ...
2026-06-26 11:41:25.379 [info] Getting sessions for all scopes...
2026-06-26 11:41:25.379 [info] Got 1 sessions for ...
2026-06-26 11:41:25.598 [info] Getting sessions for all scopes...
2026-06-26 11:41:25.599 [info] Got 1 sessions for ...
2026-06-26 11:41:27.030 [info] Getting sessions for all scopes...
2026-06-26 11:41:27.030 [info] Got 1 sessions for ...
2026-06-26 11:41:27.055 [info] Getting sessions for all scopes...
2026-06-26 11:41:27.055 [info] Got 1 sessions for ...
2026-06-26 11:41:27.282 [info] Getting sessions for all scopes...
2026-06-26 11:41:27.282 [info] Got 1 sessions for ...
2026-06-26 11:41:27.282 [info] Getting sessions for all scopes...
2026-06-26 11:41:27.282 [info] Got 1 sessions for ...
2026-06-26 11:41:27.498 [info] FetcherService: Electron fetch failed with status: 429 
2026-06-26 11:41:27.501 [info] Unable to resolve optional EDU details. Status: 429 
2026-06-26 11:41:27.599 [info] Getting sessions for read:user,repo,user:email,workflow...
2026-06-26 11:41:27.599 [info] Got 1 sessions for read:user,repo,user:email,workflow...
2026-06-26 11:41:27.703 [info] Getting sessions for all scopes...
2026-06-26 11:41:27.703 [info] Got 1 sessions for ...
2026-06-26 11:41:27.705 [info] Getting sessions for read:user,repo,user:email,workflow...
2026-06-26 11:41:27.705 [info] Got 1 sessions for read:user,repo,user:email,workflow...
2026-06-26 11:41:28.954 [info] Getting sessions for all scopes...
2026-06-26 11:41:28.954 [info] Got 1 sessions for ...
2026-06-26 11:41:28.955 [info] Getting sessions for all scopes...
2026-06-26 11:41:28.955 [info] Got 1 sessions for ...
2026-06-26 11:41:29.194 [info] Getting sessions for read:user,repo,user:email,workflow...
2026-06-26 11:41:29.194 [info] Got 1 sessions for read:user,repo,user:email,workflow...
2026-06-26 11:41:29.203 [info] Getting sessions for all scopes...
2026-06-26 11:41:29.203 [info] Got 1 sessions for ...
2026-06-26 11:41:29.223 [info] Getting sessions for all scopes...
2026-06-26 11:41:29.223 [info] Got 1 sessions for ...
2026-06-26 11:41:29.396 [info] Getting sessions for all scopes...
2026-06-26 11:41:29.397 [info] Got 1 sessions for ...
2026-06-26 11:41:29.398 [info] Getting sessions for read:user,repo,user:email,workflow...
2026-06-26 11:41:29.398 [info] Got 1 sessions for read:user,repo,user:email,workflow...
2026-06-26 11:41:29.579 [info] Getting sessions for all scopes...
2026-06-26 11:41:29.579 [info] Got 1 sessions for ...
2026-06-26 11:41:29.580 [info] Getting sessions for read:user,repo,user:email,workflow...
2026-06-26 11:41:29.580 [info] Got 1 sessions for read:user,repo,user:email,workflow...
2026-06-26 11:41:29.599 [info] Getting sessions for all scopes...
2026-06-26 11:41:29.599 [info] Got 1 sessions for ...
2026-06-26 11:41:29.604 [info] Getting sessions for read:user,repo,user:email,workflow...
2026-06-26 11:41:29.604 [info] Got 1 sessions for read:user,repo,user:email,workflow...
2026-06-26 11:41:29.938 [info] Getting sessions for all scopes...
2026-06-26 11:41:29.938 [info] Got 1 sessions for ...
2026-06-26 11:41:29.940 [info] Getting sessions for read:user,repo,user:email,workflow...
2026-06-26 11:41:29.940 [info] Got 1 sessions for read:user,repo,user:email,workflow...
2026-06-26 11:41:29.998 [info] Getting sessions for all scopes...
2026-06-26 11:41:29.998 [info] Got 1 sessions for ...
2026-06-26 11:41:30.002 [info] Getting sessions for read:user,repo,user:email,workflow...
2026-06-26 11:41:30.002 [info] Got 1 sessions for read:user,repo,user:email,workflow...
2026-06-26 11:41:30.386 [info] Getting sessions for all scopes...
2026-06-26 11:41:30.386 [info] Got 1 sessions for ...
2026-06-26 11:41:30.387 [info] Getting sessions for read:user,repo,user:email,workflow...
2026-06-26 11:41:30.387 [info] Got 1 sessions for read:user,repo,user:email,workflow...
2026-06-26 11:41:30.558 [info] Getting sessions for all scopes...
2026-06-26 11:41:30.558 [info] Got 1 sessions for ...
2026-06-26 11:41:30.559 [info] Getting sessions for read:user,repo,user:email,workflow...
2026-06-26 11:41:30.559 [info] Got 1 sessions for read:user,repo,user:email,workflow...
2026-06-26 11:41:30.842 [info] Getting sessions for all scopes...
2026-06-26 11:41:30.842 [info] Got 1 sessions for ...
2026-06-26 11:41:30.842 [info] Getting sessions for all scopes...
2026-06-26 11:41:30.842 [info] Got 1 sessions for ...
2026-06-26 11:41:30.842 [info] Getting sessions for all scopes...
2026-06-26 11:41:30.842 [info] Got 1 sessions for ...
2026-06-26 11:41:30.842 [info] Getting sessions for all scopes...
2026-06-26 11:41:30.842 [info] Got 1 sessions for ...
2026-06-26 11:41:30.842 [info] Getting sessions for all scopes...
2026-06-26 11:41:30.842 [info] Got 1 sessions for ...
2026-06-26 11:41:30.843 [info] Getting sessions for all scopes...
2026-06-26 11:41:30.843 [info] Got 1 sessions for ...
2026-06-26 11:41:30.843 [info] Getting sessions for all scopes...
2026-06-26 11:41:30.843 [info] Got 1 sessions for ...
2026-06-26 11:41:30.843 [info] Getting sessions for all scopes...
2026-06-26 11:41:30.843 [info] Got 1 sessions for ...
2026-06-26 11:41:30.844 [info] Getting sessions for read:user,repo,user:email,workflow...
2026-06-26 11:41:30.844 [info] Got 1 sessions for read:user,repo,user:email,workflow...
2026-06-26 11:41:30.862 [info] Getting sessions for all scopes...
2026-06-26 11:41:30.862 [info] Got 1 sessions for ...
2026-06-26 11:41:30.863 [info] Getting sessions for all scopes...
2026-06-26 11:41:30.863 [info] Got 1 sessions for ...
2026-06-26 11:41:30.863 [info] Getting sessions for all scopes...
2026-06-26 11:41:30.863 [info] Got 1 sessions for ...
2026-06-26 11:41:30.863 [info] Getting sessions for all scopes...
2026-06-26 11:41:30.863 [info] Got 1 sessions for ...
2026-06-26 11:41:30.863 [info] Getting sessions for all scopes...
2026-06-26 11:41:30.863 [info] Got 1 sessions for ...
2026-06-26 11:41:30.863 [info] Getting sessions for all scopes...
2026-06-26 11:41:30.863 [info] Got 1 sessions for ...
2026-06-26 11:41:30.863 [info] Getting sessions for all scopes...
2026-06-26 11:41:30.863 [info] Got 1 sessions for ...
2026-06-26 11:41:30.864 [info] Getting sessions for all scopes...
2026-06-26 11:41:30.864 [info] Got 1 sessions for ...
2026-06-26 11:41:30.864 [info] Getting sessions for read:user,repo,user:email,workflow...
2026-06-26 11:41:30.864 [info] Got 1 sessions for read:user,repo,user:email,workflow...
2026-06-26 11:41:30.879 [info] Getting sessions for all scopes...
2026-06-26 11:41:30.879 [info] Got 1 sessions for ...
2026-06-26 11:41:30.879 [info] Getting sessions for all scopes...
2026-06-26 11:41:30.879 [info] Got 1 sessions for ...
2026-06-26 11:41:30.879 [info] Getting sessions for all scopes...
2026-06-26 11:41:30.879 [info] Got 1 sessions for ...
2026-06-26 11:41:30.880 [info] Getting sessions for all scopes...
2026-06-26 11:41:30.880 [info] Got 1 sessions for ...
2026-06-26 11:41:30.880 [info] Getting sessions for all scopes...
2026-06-26 11:41:30.880 [info] Got 1 sessions for ...
2026-06-26 11:41:30.880 [info] Getting sessions for all scopes...
2026-06-26 11:41:30.880 [info] Got 1 sessions for ...
2026-06-26 11:41:30.880 [info] Getting sessions for all scopes...
2026-06-26 11:41:30.880 [info] Got 1 sessions for ...
2026-06-26 11:41:30.880 [info] Getting sessions for all scopes...
2026-06-26 11:41:30.880 [info] Got 1 sessions for ...
2026-06-26 11:41:30.881 [info] Getting sessions for read:user,repo,user:email,workflow...
2026-06-26 11:41:30.881 [info] Got 1 sessions for read:user,repo,user:email,workflow...
2026-06-26 11:41:36.312 [info] Getting sessions for all scopes...
2026-06-26 11:41:36.312 [info] Got 1 sessions for ...
2026-06-26 11:41:36.313 [info] Getting sessions for all scopes...
2026-06-26 11:41:36.313 [info] Got 1 sessions for ...
2026-06-26 11:41:45.221 [info] Getting sessions for all scopes...
2026-06-26 11:41:45.221 [info] Got 1 sessions for ...
2026-06-26 11:41:45.222 [info] Getting sessions for all scopes...
2026-06-26 11:41:45.222 [info] Got 1 sessions for ...
2026-06-26 11:41:52.114 [info] Getting sessions for all scopes...
2026-06-26 11:41:52.115 [info] Got 1 sessions for ...
2026-06-26 11:41:52.115 [info] Getting sessions for all scopes...
2026-06-26 11:41:52.115 [info] Got 1 sessions for ...
2026-06-26 11:41:52.908 [info] Getting sessions for all scopes...
2026-06-26 11:41:52.908 [info] Got 1 sessions for ...
2026-06-26 11:41:52.910 [info] Getting sessions for all scopes...
2026-06-26 11:41:52.910 [info] Got 1 sessions for ...
2026-06-26 11:41:54.718 [info] Getting sessions for all scopes...
2026-06-26 11:41:54.719 [info] Got 1 sessions for ...
2026-06-26 11:41:54.719 [info] Getting sessions for all scopes...
2026-06-26 11:41:54.719 [info] Got 1 sessions for ...
2026-06-26 11:41:55.015 [info] Getting sessions for all scopes...
2026-06-26 11:41:55.016 [info] Got 1 sessions for ...
2026-06-26 11:41:55.018 [info] Getting sessions for all scopes...
2026-06-26 11:41:55.018 [info] Got 1 sessions for ...
2026-06-26 11:41:55.571 [info] Getting sessions for all scopes...
2026-06-26 11:41:55.571 [info] Got 1 sessions for ...
2026-06-26 11:41:55.591 [info] Getting sessions for all scopes...
2026-06-26 11:41:55.592 [info] Got 1 sessions for ...
2026-06-26 11:41:57.888 [info] Getting sessions for all scopes...
2026-06-26 11:41:57.889 [info] Got 1 sessions for ...
2026-06-26 11:41:57.889 [info] Getting sessions for all scopes...
2026-06-26 11:41:57.889 [info] Got 1 sessions for ...
2026-06-26 11:42:02.347 [info] Reading sessions from keychain...
2026-06-26 11:42:02.347 [info] Got stored sessions!
2026-06-26 11:42:02.347 [info] Got 1 verified sessions.
2026-06-26 11:42:02.347 [info] Getting sessions for all scopes...
2026-06-26 11:42:02.347 [info] Got 1 sessions for ...
2026-06-26 11:42:02.347 [info] Getting sessions for all scopes...
2026-06-26 11:42:02.347 [info] Got 1 sessions for ...
2026-06-26 11:42:02.347 [info] Getting sessions for all scopes...
2026-06-26 11:42:02.347 [info] Got 1 sessions for ...
2026-06-26 11:42:02.347 [info] Getting sessions for all scopes...
2026-06-26 11:42:02.347 [info] Got 1 sessions for ...
2026-06-26 11:42:02.347 [info] Getting sessions for all scopes...
2026-06-26 11:42:02.347 [info] Got 1 sessions for ...
2026-06-26 11:42:02.347 [info] Getting sessions for all scopes...
2026-06-26 11:42:02.347 [info] Got 1 sessions for ...
2026-06-26 11:42:03.411 [info] FetcherService: Electron fetch failed with status: 429 
2026-06-26 11:42:03.415 [info] Unable to resolve optional EDU details. Status: 429 
2026-06-26 11:42:03.873 [info] Getting sessions for all scopes...
2026-06-26 11:42:03.873 [info] Got 1 sessions for ...
2026-06-26 11:42:08.540 [info] Getting sessions for all scopes...
2026-06-26 11:42:08.541 [info] Got 1 sessions for ...
2026-06-26 11:42:08.542 [info] Getting sessions for all scopes...
2026-06-26 11:42:08.542 [info] Got 1 sessions for ...
2026-06-26 11:42:13.255 [info] Reading sessions from keychain...
2026-06-26 11:42:13.255 [info] Got stored sessions!
2026-06-26 11:42:13.255 [info] Got 1 verified sessions.
2026-06-26 11:42:13.255 [info] Getting sessions for all scopes...
2026-06-26 11:42:13.255 [info] Got 1 sessions for ...
2026-06-26 11:42:13.255 [info] Getting sessions for all scopes...
2026-06-26 11:42:13.255 [info] Got 1 sessions for ...
2026-06-26 11:42:13.255 [info] Getting sessions for all scopes...
2026-06-26 11:42:13.255 [info] Got 1 sessions for ...
2026-06-26 11:42:13.255 [info] Getting sessions for all scopes...
2026-06-26 11:42:13.255 [info] Got 1 sessions for ...
2026-06-26 11:42:13.255 [info] Getting sessions for all scopes...
2026-06-26 11:42:13.255 [info] Got 1 sessions for ...
2026-06-26 11:42:13.279 [info] Getting sessions for all scopes...
2026-06-26 11:42:13.279 [info] Got 1 sessions for ...
2026-06-26 11:42:14.340 [info] FetcherService: Electron fetch failed with status: 429 
2026-06-26 11:42:14.345 [info] Unable to resolve optional EDU details. Status: 429 
2026-06-26 11:42:15.061 [info] Getting sessions for all scopes...
2026-06-26 11:42:15.061 [info] Got 1 sessions for ...
2026-06-26 11:42:17.313 [info] Getting sessions for all scopes...
2026-06-26 11:42:17.313 [info] Got 1 sessions for ...
2026-06-26 11:42:19.634 [info] Getting sessions for all scopes...
2026-06-26 11:42:19.634 [info] Got 1 sessions for ...
2026-06-26 11:42:19.634 [info] Getting sessions for all scopes...
2026-06-26 11:42:19.634 [info] Got 1 sessions for ...
2026-06-26 11:42:19.774 [info] Getting sessions for read:user,repo,user:email,workflow...
2026-06-26 11:42:19.774 [info] Got 1 sessions for read:user,repo,user:email,workflow...
2026-06-26 11:42:21.687 [info] Getting sessions for all scopes...
2026-06-26 11:42:21.688 [info] Got 1 sessions for ...
2026-06-26 11:42:21.688 [info] Getting sessions for all scopes...
2026-06-26 11:42:21.688 [info] Got 1 sessions for ...
2026-06-26 11:42:21.689 [info] Getting sessions for all scopes...
2026-06-26 11:42:21.689 [info] Got 1 sessions for ...
2026-06-26 11:42:22.354 [info] Getting sessions for read:user,repo,user:email,workflow...
2026-06-26 11:42:22.354 [info] Got 1 sessions for read:user,repo,user:email,workflow...
2026-06-26 11:42:24.538 [info] Getting sessions for all scopes...
2026-06-26 11:42:24.538 [info] Got 1 sessions for ...
2026-06-26 11:42:24.539 [info] Getting sessions for all scopes...
2026-06-26 11:42:24.539 [info] Got 1 sessions for ...
2026-06-26 11:42:24.885 [info] Getting sessions for all scopes...
2026-06-26 11:42:24.885 [info] Got 1 sessions for ...
2026-06-26 11:42:24.885 [info] Getting sessions for all scopes...
2026-06-26 11:42:24.885 [info] Got 1 sessions for ...
2026-06-26 11:42:25.114 [info] Getting sessions for read:user,repo,user:email,workflow...
2026-06-26 11:42:25.114 [info] Got 1 sessions for read:user,repo,user:email,workflow...
2026-06-26 11:42:25.241 [info] Getting sessions for read:user,repo,user:email,workflow...
2026-06-26 11:42:25.241 [info] Got 1 sessions for read:user,repo,user:email,workflow...
2026-06-26 11:42:25.780 [info] Getting sessions for all scopes...
2026-06-26 11:42:25.780 [info] Got 1 sessions for ...
2026-06-26 11:42:25.952 [info] Getting sessions for read:user,repo,user:email,workflow...
2026-06-26 11:42:25.952 [info] Got 1 sessions for read:user,repo,user:email,workflow...
2026-06-26 11:42:26.663 [info] Getting sessions for all scopes...
2026-06-26 11:42:26.663 [info] Got 1 sessions for ...
2026-06-26 11:42:26.844 [info] Getting sessions for read:user,repo,user:email,workflow...
2026-06-26 11:42:26.844 [info] Got 1 sessions for read:user,repo,user:email,workflow...
2026-06-26 11:42:27.060 [info] Getting sessions for all scopes...
2026-06-26 11:42:27.060 [info] Got 1 sessions for ...
2026-06-26 11:42:27.133 [info] Getting sessions for read:user,repo,user:email,workflow...
2026-06-26 11:42:27.133 [info] Got 1 sessions for read:user,repo,user:email,workflow...
2026-06-26 11:42:27.647 [info] Getting sessions for all scopes...
2026-06-26 11:42:27.647 [info] Got 1 sessions for ...
2026-06-26 11:42:28.309 [info] Getting sessions for read:user,repo,user:email,workflow...
2026-06-26 11:42:28.309 [info] Got 1 sessions for read:user,repo,user:email,workflow...
2026-06-26 11:43:03.311 [info] Getting sessions for all scopes...
2026-06-26 11:43:03.311 [info] Got 1 sessions for ...
2026-06-26 11:43:03.311 [info] Getting sessions for all scopes...
2026-06-26 11:43:03.311 [info] Got 1 sessions for ...
2026-06-26 11:46:03.951 [info] Getting sessions for all scopes...
2026-06-26 11:46:03.951 [info] Got 1 sessions for ...
2026-06-26 11:46:03.951 [info] Getting sessions for all scopes...
2026-06-26 11:46:03.951 [info] Got 1 sessions for ...
2026-06-26 11:46:05.081 [info] Getting sessions for all scopes...
2026-06-26 11:46:05.081 [info] Got 1 sessions for ...
2026-06-26 11:46:05.159 [info] Getting sessions for read:user,repo,user:email,workflow...
2026-06-26 11:46:05.159 [info] Got 1 sessions for read:user,repo,user:email,workflow...
2026-06-26 11:47:35.645 [info] Getting sessions for all scopes...
2026-06-26 11:47:35.645 [info] Got 1 sessions for ...
2026-06-26 11:47:35.645 [info] Getting sessions for all scopes...
2026-06-26 11:47:35.646 [info] Got 1 sessions for ...
2026-06-26 11:47:37.557 [info] Getting sessions for all scopes...
2026-06-26 11:47:37.557 [info] Got 1 sessions for ...
2026-06-26 11:47:37.558 [info] Getting sessions for all scopes...
2026-06-26 11:47:37.558 [info] Got 1 sessions for ...
2026-06-26 11:47:40.065 [info] Getting sessions for all scopes...
2026-06-26 11:47:40.065 [info] Got 1 sessions for ...
2026-06-26 11:47:40.065 [info] Getting sessions for all scopes...
2026-06-26 11:47:40.065 [info] Got 1 sessions for ...
2026-06-26 11:50:19.245 [info] Getting sessions for all scopes...
2026-06-26 11:50:19.245 [info] Got 1 sessions for ...
2026-06-26 11:50:19.248 [info] Getting sessions for all scopes...
2026-06-26 11:50:19.248 [info] Got 1 sessions for ...
2026-06-26 11:50:22.149 [info] Getting sessions for all scopes...
2026-06-26 11:50:22.149 [info] Got 1 sessions for ...
2026-06-26 11:50:22.151 [info] Getting sessions for all scopes...
2026-06-26 11:50:22.151 [info] Got 1 sessions for ...
2026-06-26 11:50:44.127 [info] Getting sessions for all scopes...
2026-06-26 11:50:44.127 [info] Got 1 sessions for ...
2026-06-26 11:50:44.127 [info] Getting sessions for all scopes...
2026-06-26 11:50:44.127 [info] Got 1 sessions for ...
2026-06-26 11:54:35.142 [info] Getting sessions for all scopes...
2026-06-26 11:54:35.147 [info] Got 1 sessions for ...
2026-06-26 11:54:35.151 [info] Getting sessions for all scopes...
2026-06-26 11:54:35.151 [info] Got 1 sessions for ...
2026-06-26 11:56:14.512 [info] Getting sessions for all scopes...
2026-06-26 11:56:14.512 [info] Got 1 sessions for ...
2026-06-26 11:56:14.513 [info] Getting sessions for all scopes...
2026-06-26 11:56:14.513 [info] Got 1 sessions for ...
2026-06-26 12:08:11.325 [info] Getting sessions for all scopes...
2026-06-26 12:08:11.325 [info] Got 1 sessions for ...
2026-06-26 12:08:11.326 [info] Getting sessions for all scopes...
2026-06-26 12:08:11.327 [info] Got 1 sessions for ...
2026-06-26 12:08:15.258 [info] Getting sessions for all scopes...
2026-06-26 12:08:15.258 [info] Got 1 sessions for ...
2026-06-26 12:08:16.428 [info] Getting sessions for all scopes...
2026-06-26 12:08:16.428 [info] Got 1 sessions for ...
2026-06-26 12:08:16.428 [info] Getting sessions for all scopes...
2026-06-26 12:08:16.428 [info] Got 1 sessions for ...
2026-06-26 12:08:17.028 [info] Getting sessions for read:user,repo,user:email,workflow...
2026-06-26 12:08:17.028 [info] Got 1 sessions for read:user,repo,user:email,workflow...
2026-06-26 12:08:17.539 [info] Getting sessions for all scopes...
2026-06-26 12:08:17.539 [info] Got 1 sessions for ...
2026-06-26 12:08:17.540 [info] Getting sessions for all scopes...
2026-06-26 12:08:17.540 [info] Got 1 sessions for ...
2026-06-26 12:09:12.888 [info] Getting sessions for all scopes...
2026-06-26 12:09:12.888 [info] Got 1 sessions for ...
2026-06-26 12:09:12.888 [info] Getting sessions for all scopes...
2026-06-26 12:09:12.888 [info] Got 1 sessions for ...
2026-06-26 12:10:04.985 [info] Getting sessions for all scopes...
2026-06-26 12:10:04.985 [info] Got 1 sessions for ...
2026-06-26 12:10:04.985 [info] Getting sessions for all scopes...
2026-06-26 12:10:04.985 [info] Got 1 sessions for ...
2026-06-26 12:10:44.983 [info] Getting sessions for all scopes...
2026-06-26 12:10:44.983 [info] Got 1 sessions for ...
2026-06-26 12:10:44.984 [info] Getting sessions for all scopes...
2026-06-26 12:10:44.984 [info] Got 1 sessions for ...
2026-06-26 12:11:26.946 [info] Getting sessions for all scopes...
2026-06-26 12:11:26.946 [info] Got 1 sessions for ...
2026-06-26 12:11:26.946 [info] Getting sessions for all scopes...
2026-06-26 12:11:26.946 [info] Got 1 sessions for ...
2026-06-26 12:28:35.266 [info] Getting sessions for all scopes...
2026-06-26 12:28:35.271 [info] Got 1 sessions for ...
2026-06-26 12:28:35.272 [info] Getting sessions for all scopes...
2026-06-26 12:28:35.272 [info] Got 1 sessions for ...
2026-06-26 12:37:25.438 [info] Getting sessions for all scopes...
2026-06-26 12:37:25.438 [info] Got 1 sessions for ...
2026-06-26 12:37:25.496 [info] Getting sessions for read:user,repo,user:email,workflow...
2026-06-26 12:37:25.496 [info] Got 1 sessions for read:user,repo,user:email,workflow...
2026-06-26 12:37:26.588 [info] Getting sessions for all scopes...
2026-06-26 12:37:26.589 [info] Got 1 sessions for ...
2026-06-26 12:37:26.589 [info] Getting sessions for all scopes...
2026-06-26 12:37:26.589 [info] Got 1 sessions for ...
2026-06-26 12:37:26.667 [info] Getting sessions for read:user,repo,user:email,workflow...
2026-06-26 12:37:26.667 [info] Got 1 sessions for read:user,repo,user:email,workflow...
2026-06-26 12:42:24.319 [info] Getting sessions for all scopes...
2026-06-26 12:42:24.319 [info] Got 1 sessions for ...
2026-06-26 12:42:24.319 [info] Getting sessions for all scopes...
2026-06-26 12:42:24.319 [info] Got 1 sessions for ...
2026-06-26 12:42:35.880 [info] Getting sessions for all scopes...
2026-06-26 12:42:35.880 [info] Got 1 sessions for ...
2026-06-26 12:42:35.880 [info] Getting sessions for all scopes...
2026-06-26 12:42:35.880 [info] Got 1 sessions for ...
2026-06-26 12:42:43.131 [info] Getting sessions for all scopes...
2026-06-26 12:42:43.131 [info] Got 1 sessions for ...
2026-06-26 12:42:43.132 [info] Getting sessions for all scopes...
2026-06-26 12:42:43.132 [info] Got 1 sessions for ...
2026-06-26 12:42:47.176 [info] Getting sessions for all scopes...
2026-06-26 12:42:47.176 [info] Got 1 sessions for ...
2026-06-26 12:42:47.177 [info] Getting sessions for all scopes...
2026-06-26 12:42:47.177 [info] Got 1 sessions for ...
2026-06-26 12:42:49.045 [info] Getting sessions for all scopes...
2026-06-26 12:42:49.046 [info] Got 1 sessions for ...
2026-06-26 12:42:49.053 [info] Getting sessions for all scopes...
2026-06-26 12:42:49.053 [info] Got 1 sessions for ...
2026-06-26 12:42:50.827 [info] Getting sessions for all scopes...
2026-06-26 12:42:50.828 [info] Got 1 sessions for ...
2026-06-26 12:42:50.828 [info] Getting sessions for all scopes...
2026-06-26 12:42:50.828 [info] Got 1 sessions for ...
2026-06-26 12:42:53.328 [info] Getting sessions for all scopes...
2026-06-26 12:42:53.328 [info] Got 1 sessions for ...
2026-06-26 12:42:53.329 [info] Getting sessions for all scopes...
2026-06-26 12:42:53.329 [info] Got 1 sessions for ...
2026-06-26 13:23:49.158 [info] Getting sessions for all scopes...
2026-06-26 13:23:49.158 [info] Got 1 sessions for ...
2026-06-26 13:23:49.160 [info] Getting sessions for all scopes...
2026-06-26 13:23:49.160 [info] Got 1 sessions for ...
2026-06-26 13:23:51.245 [info] Getting sessions for all scopes...
2026-06-26 13:23:51.245 [info] Got 1 sessions for ...
2026-06-26 13:23:51.478 [info] Getting sessions for read:user,repo,user:email,workflow...
2026-06-26 13:23:51.478 [info] Got 1 sessions for read:user,repo,user:email,workflow...
2026-06-26 13:24:00.955 [info] Getting sessions for all scopes...
2026-06-26 13:24:00.955 [info] Got 1 sessions for ...
2026-06-26 13:24:00.956 [info] Getting sessions for all scopes...
2026-06-26 13:24:00.956 [info] Got 1 sessions for ...
2026-06-26 13:24:13.138 [info] Getting sessions for all scopes...
2026-06-26 13:24:13.138 [info] Got 1 sessions for ...
2026-06-26 13:24:13.139 [info] Getting sessions for all scopes...
2026-06-26 13:24:13.139 [info] Got 1 sessions for ...
2026-06-26 13:25:21.513 [info] Getting sessions for all scopes...
2026-06-26 13:25:21.513 [info] Got 1 sessions for ...
2026-06-26 13:25:21.515 [info] Getting sessions for all scopes...
2026-06-26 13:25:21.515 [info] Got 1 sessions for ...
2026-06-26 13:27:04.675 [info] Getting sessions for all scopes...
2026-06-26 13:27:04.675 [info] Got 1 sessions for ...
2026-06-26 13:27:04.677 [info] Getting sessions for all scopes...
2026-06-26 13:27:04.677 [info] Got 1 sessions for ...
2026-06-26 13:27:15.572 [info] Getting sessions for all scopes...
2026-06-26 13:27:15.572 [info] Got 1 sessions for ...
2026-06-26 13:27:15.572 [info] Getting sessions for all scopes...
2026-06-26 13:27:15.577 [info] Got 1 sessions for ...
2026-06-26 13:32:59.225 [info] Getting sessions for all scopes...
2026-06-26 13:32:59.225 [info] Got 1 sessions for ...
2026-06-26 13:32:59.230 [info] Getting sessions for all scopes...
2026-06-26 13:32:59.230 [info] Got 1 sessions for ...
2026-06-26 13:33:25.595 [info] Getting sessions for all scopes...
2026-06-26 13:33:25.595 [info] Got 1 sessions for ...
2026-06-26 13:33:25.657 [info] Getting sessions for read:user,repo,user:email,workflow...
2026-06-26 13:33:25.657 [info] Got 1 sessions for read:user,repo,user:email,workflow...
2026-06-26 13:33:26.740 [info] Getting sessions for all scopes...
2026-06-26 13:33:26.740 [info] Got 1 sessions for ...
2026-06-26 13:33:26.740 [info] Getting sessions for all scopes...
2026-06-26 13:33:26.740 [info] Got 1 sessions for ...
2026-06-26 13:33:26.826 [info] Getting sessions for read:user,repo,user:email,workflow...
2026-06-26 13:33:26.826 [info] Got 1 sessions for read:user,repo,user:email,workflow...
2026-06-26 13:33:28.456 [info] Getting sessions for all scopes...
2026-06-26 13:33:28.456 [info] Got 1 sessions for ...
2026-06-26 13:33:28.456 [info] Getting sessions for all scopes...
2026-06-26 13:33:28.456 [info] Got 1 sessions for ...
2026-06-26 13:33:51.089 [info] Getting sessions for all scopes...
2026-06-26 13:33:51.089 [info] Got 1 sessions for ...
2026-06-26 13:33:51.148 [info] Getting sessions for read:user,repo,user:email,workflow...
2026-06-26 13:33:51.148 [info] Got 1 sessions for read:user,repo,user:email,workflow...
2026-06-26 13:37:51.890 [info] Getting sessions for all scopes...
2026-06-26 13:37:51.890 [info] Got 1 sessions for ...
2026-06-26 13:37:51.890 [info] Getting sessions for all scopes...
2026-06-26 13:37:51.890 [info] Got 1 sessions for ...
2026-06-26 14:05:21.494 [info] Getting sessions for all scopes...
2026-06-26 14:05:21.494 [info] Got 1 sessions for ...
2026-06-26 14:05:21.495 [info] Getting sessions for all scopes...
2026-06-26 14:05:21.495 [info] Got 1 sessions for ...
2026-06-26 14:11:08.588 [info] Getting sessions for all scopes...
2026-06-26 14:11:08.588 [info] Got 1 sessions for ...
2026-06-26 14:11:08.588 [info] Getting sessions for all scopes...
2026-06-26 14:11:08.588 [info] Got 1 sessions for ...
2026-06-26 14:11:10.817 [info] Getting sessions for all scopes...
2026-06-26 14:11:10.817 [info] Got 1 sessions for ...
2026-06-26 14:11:10.818 [info] Getting sessions for all scopes...
2026-06-26 14:11:10.818 [info] Got 1 sessions for ...
2026-06-26 14:15:03.297 [info] Getting sessions for all scopes...
2026-06-26 14:15:03.297 [info] Got 1 sessions for ...
2026-06-26 14:15:03.297 [info] Getting sessions for all scopes...
2026-06-26 14:15:03.297 [info] Got 1 sessions for ...
2026-06-26 14:15:07.310 [info] Getting sessions for all scopes...
2026-06-26 14:15:07.311 [info] Got 1 sessions for ...
2026-06-26 14:15:07.371 [info] Getting sessions for read:user,repo,user:email,workflow...
2026-06-26 14:15:07.371 [info] Got 1 sessions for read:user,repo,user:email,workflow...
2026-06-26 14:15:41.265 [info] Getting sessions for all scopes...
2026-06-26 14:15:41.265 [info] Got 1 sessions for ...
2026-06-26 14:15:41.266 [info] Getting sessions for all scopes...
2026-06-26 14:15:41.266 [info] Got 1 sessions for ...
2026-06-26 14:17:33.272 [info] Getting sessions for all scopes...
2026-06-26 14:17:33.272 [info] Got 1 sessions for ...
2026-06-26 14:17:33.294 [info] Getting sessions for all scopes...
2026-06-26 14:17:33.294 [info] Got 1 sessions for ...
2026-06-26 14:17:59.948 [info] Getting sessions for all scopes...
2026-06-26 14:17:59.953 [info] Got 1 sessions for ...
2026-06-26 14:17:59.953 [info] Getting sessions for all scopes...
2026-06-26 14:17:59.953 [info] Got 1 sessions for ...
2026-06-26 14:21:59.270 [info] Getting sessions for all scopes...
2026-06-26 14:21:59.270 [info] Got 1 sessions for ...
2026-06-26 14:21:59.271 [info] Getting sessions for all scopes...
2026-06-26 14:21:59.271 [info] Got 1 sessions for ...
2026-06-26 14:22:03.183 [info] Getting sessions for all scopes...
2026-06-26 14:22:03.184 [info] Got 1 sessions for ...
2026-06-26 14:22:03.189 [info] Getting sessions for all scopes...
2026-06-26 14:22:03.189 [info] Got 1 sessions for ...
2026-06-26 14:22:05.047 [info] Getting sessions for all scopes...
2026-06-26 14:22:05.047 [info] Got 1 sessions for ...
2026-06-26 14:22:05.047 [info] Getting sessions for all scopes...
2026-06-26 14:22:05.047 [info] Got 1 sessions for ...
2026-06-26 14:22:08.260 [info] Getting sessions for all scopes...
2026-06-26 14:22:08.260 [info] Got 1 sessions for ...
2026-06-26 14:22:08.261 [info] Getting sessions for all scopes...
2026-06-26 14:22:08.261 [info] Got 1 sessions for ...
2026-06-26 14:22:17.788 [info] Getting sessions for all scopes...
2026-06-26 14:22:17.788 [info] Got 1 sessions for ...
2026-06-26 14:22:17.789 [info] Getting sessions for all scopes...
2026-06-26 14:22:17.789 [info] Got 1 sessions for ...
2026-06-26 14:22:57.927 [info] Getting sessions for all scopes...
2026-06-26 14:22:57.927 [info] Got 1 sessions for ...
2026-06-26 14:22:57.929 [info] Getting sessions for all scopes...
2026-06-26 14:22:57.929 [info] Got 1 sessions for ...
2026-06-26 14:22:59.527 [info] Getting sessions for all scopes...
2026-06-26 14:22:59.527 [info] Got 1 sessions for ...
2026-06-26 14:22:59.528 [info] Getting sessions for all scopes...
2026-06-26 14:22:59.528 [info] Got 1 sessions for ...
2026-06-26 14:23:01.827 [info] Getting sessions for all scopes...
2026-06-26 14:23:01.827 [info] Got 1 sessions for ...
2026-06-26 14:23:01.828 [info] Getting sessions for all scopes...
2026-06-26 14:23:01.828 [info] Got 1 sessions for ...
2026-06-26 14:23:02.147 [info] Getting sessions for all scopes...
2026-06-26 14:23:02.147 [info] Got 1 sessions for ...
2026-06-26 14:23:02.186 [info] Getting sessions for read:user,repo,user:email,workflow...
2026-06-26 14:23:02.186 [info] Got 1 sessions for read:user,repo,user:email,workflow...
2026-06-26 14:23:03.090 [info] Getting sessions for all scopes...
2026-06-26 14:23:03.090 [info] Got 1 sessions for ...
2026-06-26 14:23:03.090 [info] Getting sessions for all scopes...
2026-06-26 14:23:03.090 [info] Got 1 sessions for ...
2026-06-26 14:23:03.174 [info] Getting sessions for read:user,repo,user:email,workflow...
2026-06-26 14:23:03.174 [info] Got 1 sessions for read:user,repo,user:email,workflow...
2026-06-26 14:23:33.896 [info] Getting sessions for all scopes...
2026-06-26 14:23:33.896 [info] Got 1 sessions for ...
2026-06-26 14:23:33.896 [info] Getting sessions for all scopes...
2026-06-26 14:23:33.896 [info] Got 1 sessions for ...
2026-06-26 14:30:38.075 [info] Getting sessions for all scopes...
2026-06-26 14:30:38.075 [info] Got 1 sessions for ...
2026-06-26 14:30:38.075 [info] Getting sessions for all scopes...
2026-06-26 14:30:38.075 [info] Got 1 sessions for ...
2026-06-26 14:32:06.686 [info] Getting sessions for all scopes...
2026-06-26 14:32:06.686 [info] Got 1 sessions for ...
2026-06-26 14:32:06.695 [info] Getting sessions for all scopes...
2026-06-26 14:32:06.695 [info] Got 1 sessions for ...
2026-06-26 14:32:09.594 [info] Getting sessions for all scopes...
2026-06-26 14:32:09.594 [info] Got 1 sessions for ...
2026-06-26 14:32:09.603 [info] Getting sessions for all scopes...
2026-06-26 14:32:09.603 [info] Got 1 sessions for ...
2026-06-26 14:40:32.948 [info] Getting sessions for all scopes...
2026-06-26 14:40:32.948 [info] Got 1 sessions for ...
2026-06-26 14:40:32.956 [info] Getting sessions for all scopes...
2026-06-26 14:40:32.956 [info] Got 1 sessions for ...
2026-06-26 14:42:39.144 [info] Getting sessions for all scopes...
2026-06-26 14:42:39.144 [info] Got 1 sessions for ...
2026-06-26 14:42:39.147 [info] Getting sessions for all scopes...
2026-06-26 14:42:39.147 [info] Got 1 sessions for ...
2026-06-26 14:42:42.381 [info] Getting sessions for all scopes...
2026-06-26 14:42:42.381 [info] Got 1 sessions for ...
2026-06-26 14:42:42.381 [info] Getting sessions for all scopes...
2026-06-26 14:42:42.381 [info] Got 1 sessions for ...
2026-06-26 14:43:12.773 [info] Getting sessions for all scopes...
2026-06-26 14:43:12.773 [info] Got 1 sessions for ...
2026-06-26 14:43:12.775 [info] Getting sessions for all scopes...
2026-06-26 14:43:12.775 [info] Got 1 sessions for ...
2026-06-26 14:43:13.599 [info] Getting sessions for all scopes...
2026-06-26 14:43:13.599 [info] Got 1 sessions for ...
2026-06-26 14:43:13.600 [info] Getting sessions for all scopes...
2026-06-26 14:43:13.600 [info] Got 1 sessions for ...
2026-06-26 14:47:00.342 [info] Getting sessions for all scopes...
2026-06-26 14:47:00.342 [info] Got 1 sessions for ...
2026-06-26 14:47:00.353 [info] Getting sessions for all scopes...
2026-06-26 14:47:00.353 [info] Got 1 sessions for ...
2026-06-26 14:52:26.672 [info] Getting sessions for all scopes...
2026-06-26 14:52:26.672 [info] Got 1 sessions for ...
2026-06-26 14:52:26.673 [info] Getting sessions for all scopes...
2026-06-26 14:52:26.673 [info] Got 1 sessions for ...
2026-06-26 14:57:00.492 [info] Getting sessions for all scopes...
2026-06-26 14:57:00.492 [info] Got 1 sessions for ...
2026-06-26 14:57:00.497 [info] Getting sessions for all scopes...
2026-06-26 14:57:00.497 [info] Got 1 sessions for ...
2026-06-26 15:02:44.451 [info] Getting sessions for all scopes...
2026-06-26 15:02:44.451 [info] Got 1 sessions for ...
2026-06-26 15:02:44.939 [info] Getting sessions for all scopes...
2026-06-26 15:02:44.939 [info] Got 1 sessions for ...
2026-06-26 15:03:14.395 [info] Getting sessions for all scopes...
2026-06-26 15:03:14.395 [info] Got 1 sessions for ...
2026-06-26 15:03:14.396 [info] Getting sessions for all scopes...
2026-06-26 15:03:14.396 [info] Got 1 sessions for ...
2026-06-26 15:04:27.007 [info] Getting sessions for all scopes...
2026-06-26 15:04:27.007 [info] Got 1 sessions for ...
2026-06-26 15:04:27.008 [info] Getting sessions for all scopes...
2026-06-26 15:04:27.008 [info] Got 1 sessions for ...
2026-06-26 15:04:28.245 [info] Getting sessions for all scopes...
2026-06-26 15:04:28.245 [info] Got 1 sessions for ...
2026-06-26 15:04:28.245 [info] Getting sessions for all scopes...
2026-06-26 15:04:28.245 [info] Got 1 sessions for ...
2026-06-26 15:14:15.489 [info] Getting sessions for all scopes...
2026-06-26 15:14:15.489 [info] Got 1 sessions for ...
2026-06-26 15:14:15.490 [info] Getting sessions for all scopes...
2026-06-26 15:14:15.490 [info] Got 1 sessions for ...
2026-06-26 15:17:27.037 [info] Getting sessions for all scopes...
2026-06-26 15:17:27.037 [info] Got 1 sessions for ...
2026-06-26 15:17:27.038 [info] Getting sessions for all scopes...
2026-06-26 15:17:27.038 [info] Got 1 sessions for ...
2026-06-26 15:17:29.623 [info] Getting sessions for all scopes...
2026-06-26 15:17:29.623 [info] Got 1 sessions for ...
2026-06-26 15:17:29.698 [info] Getting sessions for read:user,repo,user:email,workflow...
2026-06-26 15:17:29.698 [info] Got 1 sessions for read:user,repo,user:email,workflow...
2026-06-26 15:17:56.874 [info] Getting sessions for all scopes...
2026-06-26 15:17:56.874 [info] Got 1 sessions for ...
2026-06-26 15:17:56.875 [info] Getting sessions for all scopes...
2026-06-26 15:17:56.875 [info] Got 1 sessions for ...
2026-06-26 15:18:59.913 [info] Getting sessions for all scopes...
2026-06-26 15:18:59.913 [info] Got 1 sessions for ...
2026-06-26 15:18:59.914 [info] Getting sessions for all scopes...
2026-06-26 15:18:59.914 [info] Got 1 sessions for ...
2026-06-26 17:50:27.041 [info] Getting sessions for all scopes...
2026-06-26 17:50:27.041 [info] Got 1 sessions for ...
2026-06-26 17:50:27.042 [info] Getting sessions for all scopes...
2026-06-26 17:50:27.042 [info] Got 1 sessions for ...
2026-06-26 17:52:44.170 [info] Getting sessions for all scopes...
2026-06-26 17:52:44.170 [info] Got 1 sessions for ...
2026-06-26 17:52:44.172 [info] Getting sessions for all scopes...
2026-06-26 17:52:44.172 [info] Got 1 sessions for ...
2026-06-26 17:52:45.834 [info] Getting sessions for all scopes...
2026-06-26 17:52:45.835 [info] Got 1 sessions for ...
2026-06-26 17:52:45.977 [info] Getting sessions for read:user,repo,user:email,workflow...
2026-06-26 17:52:45.977 [info] Got 1 sessions for read:user,repo,user:email,workflow...
2026-06-26 17:52:50.268 [info] Getting sessions for all scopes...
2026-06-26 17:52:50.268 [info] Got 1 sessions for ...
2026-06-26 17:52:50.272 [info] Getting sessions for all scopes...
2026-06-26 17:52:50.272 [info] Got 1 sessions for ...
2026-06-26 17:52:52.262 [info] Getting sessions for all scopes...
2026-06-26 17:52:52.262 [info] Got 1 sessions for ...
2026-06-26 17:52:52.263 [info] Getting sessions for all scopes...
2026-06-26 17:52:52.263 [info] Got 1 sessions for ...
2026-06-26 17:55:40.834 [info] Getting sessions for all scopes...
2026-06-26 17:55:40.834 [info] Got 1 sessions for ...
2026-06-26 17:55:40.835 [info] Getting sessions for all scopes...
2026-06-26 17:55:40.835 [info] Got 1 sessions for ...
2026-06-26 17:56:29.511 [info] Getting sessions for all scopes...
2026-06-26 17:56:29.511 [info] Got 1 sessions for ...
2026-06-26 17:56:29.512 [info] Getting sessions for all scopes...
2026-06-26 17:56:29.512 [info] Got 1 sessions for ...
2026-06-26 17:56:44.545 [info] Getting sessions for all scopes...
2026-06-26 17:56:44.545 [info] Got 1 sessions for ...
2026-06-26 17:56:44.546 [info] Getting sessions for all scopes...
2026-06-26 17:56:44.546 [info] Got 1 sessions for ...
2026-06-26 18:01:32.011 [info] Getting sessions for all scopes...
2026-06-26 18:01:32.011 [info] Got 1 sessions for ...
2026-06-26 18:01:32.013 [info] Getting sessions for all scopes...
2026-06-26 18:01:32.013 [info] Got 1 sessions for ...
2026-06-26 18:07:12.667 [info] Getting sessions for all scopes...
2026-06-26 18:07:12.667 [info] Got 1 sessions for ...
2026-06-26 18:07:12.670 [info] Getting sessions for all scopes...
2026-06-26 18:07:12.670 [info] Got 1 sessions for ...
2026-06-26 18:07:16.432 [info] Getting sessions for all scopes...
2026-06-26 18:07:16.432 [info] Got 1 sessions for ...
2026-06-26 18:07:16.543 [info] Getting sessions for read:user,repo,user:email,workflow...
2026-06-26 18:07:16.543 [info] Got 1 sessions for read:user,repo,user:email,workflow...
2026-06-26 18:07:43.751 [info] Getting sessions for all scopes...
2026-06-26 18:07:43.751 [info] Got 1 sessions for ...
2026-06-26 18:07:43.752 [info] Getting sessions for all scopes...
2026-06-26 18:07:43.752 [info] Got 1 sessions for ...
2026-06-26 18:07:49.429 [info] Getting sessions for all scopes...
2026-06-26 18:07:49.429 [info] Got 1 sessions for ...
2026-06-26 18:07:49.430 [info] Getting sessions for all scopes...
2026-06-26 18:07:49.430 [info] Got 1 sessions for ...
2026-06-26 18:07:53.393 [info] Getting sessions for all scopes...
2026-06-26 18:07:53.393 [info] Got 1 sessions for ...
2026-06-26 18:07:53.394 [info] Getting sessions for all scopes...
2026-06-26 18:07:53.394 [info] Got 1 sessions for ...
2026-06-26 18:07:55.566 [info] Getting sessions for all scopes...
2026-06-26 18:07:55.566 [info] Got 1 sessions for ...
2026-06-26 18:07:55.566 [info] Getting sessions for all scopes...
2026-06-26 18:07:55.566 [info] Got 1 sessions for ...
2026-06-26 18:07:58.004 [info] Getting sessions for all scopes...
2026-06-26 18:07:58.004 [info] Got 1 sessions for ...
2026-06-26 18:07:58.004 [info] Getting sessions for all scopes...
2026-06-26 18:07:58.004 [info] Got 1 sessions for ...
2026-06-26 18:07:59.438 [info] Getting sessions for all scopes...
2026-06-26 18:07:59.438 [info] Got 1 sessions for ...
2026-06-26 18:07:59.439 [info] Getting sessions for all scopes...
2026-06-26 18:07:59.439 [info] Got 1 sessions for ...
2026-06-26 18:08:03.458 [info] Getting sessions for all scopes...
2026-06-26 18:08:03.458 [info] Got 1 sessions for ...
2026-06-26 18:08:03.459 [info] Getting sessions for all scopes...
2026-06-26 18:08:03.459 [info] Got 1 sessions for ...
2026-06-26 18:08:04.654 [info] Getting sessions for all scopes...
2026-06-26 18:08:04.654 [info] Got 1 sessions for ...
2026-06-26 18:08:04.654 [info] Getting sessions for all scopes...
2026-06-26 18:08:04.654 [info] Got 1 sessions for ...
2026-06-26 18:08:23.469 [info] Getting sessions for all scopes...
2026-06-26 18:08:23.469 [info] Got 1 sessions for ...
2026-06-26 18:08:23.470 [info] Getting sessions for all scopes...
2026-06-26 18:08:23.470 [info] Got 1 sessions for ...
2026-06-26 18:08:24.549 [info] Getting sessions for all scopes...
2026-06-26 18:08:24.549 [info] Got 1 sessions for ...
2026-06-26 18:08:24.549 [info] Getting sessions for all scopes...
2026-06-26 18:08:24.549 [info] Got 1 sessions for ...
2026-06-26 18:08:28.288 [info] Getting sessions for all scopes...
2026-06-26 18:08:28.288 [info] Got 1 sessions for ...
2026-06-26 18:08:28.289 [info] Getting sessions for all scopes...
2026-06-26 18:08:28.289 [info] Got 1 sessions for ...
2026-06-26 18:08:29.033 [info] Getting sessions for all scopes...
2026-06-26 18:08:29.033 [info] Got 1 sessions for ...
2026-06-26 18:08:29.033 [info] Getting sessions for all scopes...
2026-06-26 18:08:29.033 [info] Got 1 sessions for ...
2026-06-26 18:08:32.455 [info] Getting sessions for all scopes...
2026-06-26 18:08:32.455 [info] Got 1 sessions for ...
2026-06-26 18:08:32.456 [info] Getting sessions for all scopes...
2026-06-26 18:08:32.456 [info] Got 1 sessions for ...
2026-06-26 18:08:38.693 [info] Getting sessions for all scopes...
2026-06-26 18:08:38.693 [info] Got 1 sessions for ...
2026-06-26 18:08:38.694 [info] Getting sessions for all scopes...
2026-06-26 18:08:38.694 [info] Got 1 sessions for ...
2026-06-26 18:08:39.647 [info] Getting sessions for all scopes...
2026-06-26 18:08:39.647 [info] Got 1 sessions for ...
2026-06-26 18:08:39.648 [info] Getting sessions for all scopes...
2026-06-26 18:08:39.648 [info] Got 1 sessions for ...
2026-06-26 18:09:08.897 [info] Getting sessions for all scopes...
2026-06-26 18:09:08.897 [info] Got 1 sessions for ...
2026-06-26 18:09:08.899 [info] Getting sessions for all scopes...
2026-06-26 18:09:08.899 [info] Got 1 sessions for ...
2026-06-26 18:10:13.212 [info] Getting sessions for all scopes...
2026-06-26 18:10:13.212 [info] Got 1 sessions for ...
2026-06-26 18:10:13.213 [info] Getting sessions for all scopes...
2026-06-26 18:10:13.213 [info] Got 1 sessions for ...
2026-06-26 18:22:02.863 [info] Getting sessions for all scopes...
2026-06-26 18:22:02.863 [info] Got 1 sessions for ...
2026-06-26 18:22:02.924 [info] Getting sessions for read:user,repo,user:email,workflow...
2026-06-26 18:22:02.924 [info] Got 1 sessions for read:user,repo,user:email,workflow...
2026-06-26 18:22:04.154 [info] Getting sessions for all scopes...
2026-06-26 18:22:04.154 [info] Got 1 sessions for ...
2026-06-26 18:22:04.155 [info] Getting sessions for all scopes...
2026-06-26 18:22:04.155 [info] Got 1 sessions for ...
2026-06-26 18:22:48.524 [info] Getting sessions for all scopes...
2026-06-26 18:22:48.524 [info] Got 1 sessions for ...
2026-06-26 18:22:48.525 [info] Getting sessions for all scopes...
2026-06-26 18:22:48.525 [info] Got 1 sessions for ...
2026-06-26 18:34:48.449 [info] Getting sessions for all scopes...
2026-06-26 18:34:48.449 [info] Got 1 sessions for ...
2026-06-26 18:34:48.453 [info] Getting sessions for all scopes...
2026-06-26 18:34:48.453 [info] Got 1 sessions for ...
2026-06-26 18:34:50.289 [info] Getting sessions for all scopes...
2026-06-26 18:34:50.289 [info] Got 1 sessions for ...
2026-06-26 18:34:50.414 [info] Getting sessions for read:user,repo,user:email,workflow...
2026-06-26 18:34:50.414 [info] Got 1 sessions for read:user,repo,user:email,workflow...
2026-06-26 18:34:52.875 [info] Getting sessions for all scopes...
2026-06-26 18:34:52.875 [info] Got 1 sessions for ...
2026-06-26 18:34:52.876 [info] Getting sessions for all scopes...
2026-06-26 18:34:52.876 [info] Got 1 sessions for ...
2026-06-26 18:35:04.559 [info] Getting sessions for all scopes...
2026-06-26 18:35:04.560 [info] Got 1 sessions for ...
2026-06-26 18:35:04.564 [info] Getting sessions for all scopes...
2026-06-26 18:35:04.564 [info] Got 1 sessions for ...
2026-06-26 18:35:16.130 [info] Getting sessions for all scopes...
2026-06-26 18:35:16.130 [info] Got 1 sessions for ...
2026-06-26 18:35:16.132 [info] Getting sessions for all scopes...
2026-06-26 18:35:16.132 [info] Got 1 sessions for ...
2026-06-26 18:35:44.402 [info] Getting sessions for all scopes...
2026-06-26 18:35:44.402 [info] Got 1 sessions for ...
2026-06-26 18:35:44.402 [info] Getting sessions for all scopes...
2026-06-26 18:35:44.402 [info] Got 1 sessions for ...
2026-06-26 18:35:45.350 [info] Getting sessions for all scopes...
2026-06-26 18:35:45.350 [info] Got 1 sessions for ...
2026-06-26 18:35:45.352 [info] Getting sessions for all scopes...
2026-06-26 18:35:45.352 [info] Got 1 sessions for ...
2026-06-26 18:36:19.702 [info] Getting sessions for all scopes...
2026-06-26 18:36:19.702 [info] Got 1 sessions for ...
2026-06-26 18:36:19.724 [info] Getting sessions for all scopes...
2026-06-26 18:36:19.724 [info] Got 1 sessions for ...
2026-06-26 18:36:29.321 [info] Getting sessions for all scopes...
2026-06-26 18:36:29.321 [info] Got 1 sessions for ...
2026-06-26 18:36:29.322 [info] Getting sessions for all scopes...
2026-06-26 18:36:29.322 [info] Got 1 sessions for ...
